85	TC	1	15	CGC1	NC_000913.3	96002	97084	NP_414629.1	+	DB=gnl|TC-DB|P0A6W3|9.B.146.1.6;ID=NP_414629.1	DB=gnl|TC-DB|P0A6W3|9.B.146.1.6;ID=NP_414629.1
86	null	null	null	CGC1	NC_000913.3	97087	98403	NP_414629.1	+	;ID=NP_414630.1
87	TC	0	1	CGC1	NC_000913.3	98403	99647	NP_414631.1	+	DB=gnl|TC-DB|P0ABG4|2.A.103.1.1;ID=NP_414631.1	DB=gnl|TC-DB|P0ABG4|2.A.103.1.1;ID=NP_414631.1
88	CAZyme	5	0	CGC1	NC_000913.3	99644	100711	NP_414632.1	+	DB=GT28;ID=NP_414632.1	DB=GT28;ID=NP_414632.1
+++++
94	CAZyme	1	5	CGC2	NC_000913.3	106557	107474	NP_414638.1	+	DB=CE11;ID=NP_414638.1	DB=CE11;ID=NP_414638.1
95	null	null	null	CGC2	NC_000913.3	107705	108217	NP_414638.1	+	;ID=NP_414639.2
96	TC	5	1	CGC2	NC_000913.3	108279	110984	NP_414640.1	+	DB=gnl|TC-DB|P10408|3.A.5.1.1;ID=NP_414640.1	DB=gnl|TC-DB|P10408|3.A.5.1.1;ID=NP_414640.1
+++++
118	TC	0	9	CGC3	NC_000913.3	136570	136917	NP_414664.4	-	DB=gnl|TC-DB|P0AA95|8.A.2.1.3;ID=NP_414664.4	DB=gnl|TC-DB|P0AA95|8.A.2.1.3;ID=NP_414664.4
119	TC	2	0	CGC3	NC_000913.3	137083	138633	NP_414665.1	+	DB=gnl|TC-DB|P36649|1.B.76.1.8;ID=NP_414665.1	DB=gnl|TC-DB|P36649|1.B.76.1.8;ID=NP_414665.1
120	null	null	null	CGC3	NC_000913.3	138835	141225	NP_414665.1	-	;ID=NP_414666.1
121	null	null	null	CGC3	NC_000913.3	141431	141967	NP_414665.1	+	;ID=NP_414667.4
122	TC	0	2	CGC3	NC_000913.3	142008	142670	NP_414668.1	-	DB=gnl|TC-DB|Q8F8H7|2.A.53.3.8;ID=NP_414668.1	DB=gnl|TC-DB|Q8F8H7|2.A.53.3.8;ID=NP_414668.1
123	TC	0	0	CGC3	NC_000913.3	142779	143705	NP_414669.1	+	DB=gnl|TC-DB|P36879|3.A.1.105.17;ID=NP_414669.1	DB=gnl|TC-DB|P36879|3.A.1.105.17;ID=NP_414669.1
124	TC	1	0	CGC3	NC_000913.3	143702	144472	NP_414670.1	+	DB=gnl|TC-DB|P0AFN6|3.A.1.105.17;ID=NP_414670.1	DB=gnl|TC-DB|P0AFN6|3.A.1.105.17;ID=NP_414670.1
125	null	null	null	CGC3	NC_000913.3	144577	145017	NP_414670.1	+	;ID=NP_414671.1
126	CAZyme	8	1	CGC3	NC_000913.3	145081	146310	NP_414672.1	+	DB=CE4;ID=NP_414672.1	DB=CE4;ID=NP_414672.1
+++++
145	CAZyme	0	9	CGC4	NC_000913.3	164730	167264	NP_414691.1	+	DB=GT51;ID=NP_414691.1	DB=GT51;ID=NP_414691.1
146	TC	0	0	CGC4	NC_000913.3	167484	169727	NP_414692.1	+	DB=gnl|TC-DB|P06971|1.B.14.1.2;ID=NP_414692.1	DB=gnl|TC-DB|P06971|1.B.14.1.2;ID=NP_414692.1
147	TC	0	0	CGC4	NC_000913.3	169778	170575	NP_414693.1	+	DB=gnl|TC-DB|P07821|3.A.1.14.3;ID=NP_414693.1	DB=gnl|TC-DB|P07821|3.A.1.14.3;ID=NP_414693.1
148	TC	0	0	CGC4	NC_000913.3	170575	171465	NP_414694.1	+	DB=gnl|TC-DB|P07822|3.A.1.14.3;ID=NP_414694.1	DB=gnl|TC-DB|P07822|3.A.1.14.3;ID=NP_414694.1
149	TC	1	0	CGC4	NC_000913.3	171462	173444	NP_414695.1	+	DB=gnl|TC-DB|P06972|3.A.1.14.3;ID=NP_414695.1	DB=gnl|TC-DB|P06972|3.A.1.14.3;ID=NP_414695.1
150	null	null	null	CGC4	NC_000913.3	173602	174882	NP_414695.1	-	;ID=NP_414696.1
151	TC	1	1	CGC4	NC_000913.3	175107	176528	NP_414697.1	+	DB=gnl|TC-DB|P37019|2.A.49.5.1;ID=NP_414697.1	DB=gnl|TC-DB|P37019|2.A.49.5.1;ID=NP_414697.1
152	null	null	null	CGC4	NC_000913.3	176610	176954	NP_414697.1	+	;ID=NP_414698.1
153	TC	0	1	CGC4	NC_000913.3	177001	177624	NP_414699.1	-	DB=gnl|TC-DB|I7MT28|1.A.62.2.2;ID=NP_414699.1	DB=gnl|TC-DB|I7MT28|1.A.62.2.2;ID=NP_414699.1
154	TC	17	0	CGC4	NC_000913.3	177662	178462	NP_414700.1	-	DB=gnl|TC-DB|Q8ZRP7|3.A.1.13.1;ID=NP_414700.1	DB=gnl|TC-DB|Q8ZRP7|3.A.1.13.1;ID=NP_414700.1
+++++
267	TC	0	9	CGC5	NC_000913.3	285395	286777	NP_414804.1	+	DB=gnl|TC-DB|P75683|2.A.2.3.5;ID=NP_414804.1	DB=gnl|TC-DB|P75683|2.A.2.3.5;ID=NP_414804.1
268	CAZyme	43	0	CGC5	NC_000913.3	286789	288399	NP_414805.1	+	DB=GH43|GH43_11;ID=NP_414805.1	DB=GH43|GH43_11;ID=NP_414805.1
+++++
312	CAZyme	2	43	CGC6	NC_000913.3	325577	327247	NP_414845.1	-	DB=AA3|AA8;ID=NP_414845.1	DB=AA3|AA8;ID=NP_414845.1
313	TF	1	0	CGC6	NC_000913.3	327261	328733	NP_414846.1	-	DB=6014|ECK120005268|PutA;ID=NP_414846.1	DB=6014|ECK120005268|PutA;ID=NP_414846.1
314	null	null	null	CGC6	NC_000913.3	328747	329334	NP_414846.1	-	;ID=NP_414847.3
315	TC	12	2	CGC6	NC_000913.3	329463	331496	NP_414848.1	+	DB=gnl|TC-DB|P0ABC9|2.A.15.1.4;ID=NP_414848.1	DB=gnl|TC-DB|P0ABC9|2.A.15.1.4;ID=NP_414848.1
+++++
340	TC	1	4	CGC7	NC_000913.3	359992	361146	NP_414875.1	+	DB=gnl|TC-DB|P17583|2.A.1.17.1;ID=NP_414875.1	DB=gnl|TC-DB|P17583|2.A.1.17.1;ID=NP_414875.1
341	null	null	null	CGC7	NC_000913.3	361249	361860	NP_414875.1	-	;ID=NP_414876.1
342	TC	0	1	CGC7	NC_000913.3	361926	363179	NP_414877.1	-	DB=gnl|TC-DB|P02920|2.A.1.5.1;ID=NP_414877.1	DB=gnl|TC-DB|P02920|2.A.1.5.1;ID=NP_414877.1
343	CAZyme	8	0	CGC7	NC_000913.3	363231	366305	NP_414878.1	-	DB=GH2;ID=NP_414878.1	DB=GH2;ID=NP_414878.1
+++++
362	TC	0	4	CGC8	NC_000913.3	382739	383935	NP_414897.1	-	DB=gnl|TC-DB|Q47536|4.D.1.1.11;ID=NP_414897.1	DB=gnl|TC-DB|Q47536|4.D.1.1.11;ID=NP_414897.1
363	CAZyme	0	0	CGC8	NC_000913.3	384059	384616	NP_414898.4	-	DB=CE14;ID=NP_414898.4	DB=CE14;ID=NP_414898.4
364	TC	0	0	CGC8	NC_000913.3	385232	386194	NP_414899.2	+	DB=gnl|TC-DB|Q47537|3.A.1.17.1;ID=NP_414899.2	DB=gnl|TC-DB|Q47537|3.A.1.17.1;ID=NP_414899.2
365	TC	0	0	CGC8	NC_000913.3	386207	386974	NP_414900.1	+	DB=gnl|TC-DB|Q47538|3.A.1.17.1;ID=NP_414900.1	DB=gnl|TC-DB|Q47538|3.A.1.17.1;ID=NP_414900.1
366	TC	8	0	CGC8	NC_000913.3	386971	387798	NP_414901.1	+	DB=gnl|TC-DB|Q47539|3.A.1.17.1;ID=NP_414901.1	DB=gnl|TC-DB|Q47539|3.A.1.17.1;ID=NP_414901.1
+++++
554	TC	0	13	CGC9	NC_000913.3	577398	577613	NP_415086.1	+	DB=gnl|TC-DB|P77237|1.E.1.1.2;ID=NP_415086.1	DB=gnl|TC-DB|P77237|1.E.1.1.2;ID=NP_415086.1
555	CAZyme	0	0	CGC9	NC_000913.3	577613	578110	NP_415087.1	+	DB=GH24;ID=NP_415087.1	DB=GH24;ID=NP_415087.1
556	TC	0	0	CGC9	NC_000913.3	578107	578568	NP_415088.1	+	DB=gnl|TC-DB|P00726|1.M.1.1.1;ID=NP_415088.1	DB=gnl|TC-DB|P00726|1.M.1.1.1;ID=NP_415088.1
557	TC	11	0	CGC9	NC_000913.3	578327	578509	YP_588440.1	+	DB=gnl|TC-DB|Q37935|1.M.1.1.1;ID=YP_588440.1	DB=gnl|TC-DB|Q37935|1.M.1.1.1;ID=YP_588440.1
+++++
573	CAZyme	0	3	CGC10	NC_000913.3	590941	593178	NP_415101.1	-	DB=GT2;ID=NP_415101.1	DB=GT2;ID=NP_415101.1
574	TC	1	0	CGC10	NC_000913.3	593328	594770	NP_415102.1	-	DB=gnl|TC-DB|Q9HV74|2.A.21.9.1;ID=NP_415102.1	DB=gnl|TC-DB|Q9HV74|2.A.21.9.1;ID=NP_415102.1
575	TF	0	0	CGC10	NC_000913.3	594760	595443	NP_415103.1	-	DB=tr|Q87Z28|Q87Z28_PSESM|CopR|CopY;ID=NP_415103.1	DB=tr|Q87Z28|Q87Z28_PSESM|CopR|CopY;ID=NP_415103.1
576	TC	0	1	CGC10	NC_000913.3	595600	596973	NP_415104.1	+	DB=gnl|TC-DB|P77211|1.B.17.3.5;ID=NP_415104.1	DB=gnl|TC-DB|P77211|1.B.17.3.5;ID=NP_415104.1
577	TC	0	0	CGC10	NC_000913.3	597131	597463	NP_415105.1	+	DB=gnl|TC-DB|P77214|2.A.6.1.4;ID=NP_415105.1	DB=gnl|TC-DB|P77214|2.A.6.1.4;ID=NP_415105.1
578	TC	0	0	CGC10	NC_000913.3	597479	598702	NP_415106.1	+	DB=gnl|TC-DB|P77239|2.A.6.1.4;ID=NP_415106.1	DB=gnl|TC-DB|P77239|2.A.6.1.4;ID=NP_415106.1
579	TC	0	0	CGC10	NC_000913.3	598714	601857	NP_415107.1	+	DB=gnl|TC-DB|P38054|2.A.6.1.4;ID=NP_415107.1	DB=gnl|TC-DB|P38054|2.A.6.1.4;ID=NP_415107.1
580	TC	0	0	CGC10	NC_000913.3	601959	603335	NP_415108.1	+	DB=gnl|TC-DB|P24207|2.A.3.1.1;ID=NP_415108.1	DB=gnl|TC-DB|P24207|2.A.3.1.1;ID=NP_415108.1
581	TC	4	0	CGC10	NC_000913.3	603416	604663	NP_415109.1	-	DB=gnl|TC-DB|P0AAT4|1.A.23.4.5;ID=NP_415109.1	DB=gnl|TC-DB|P0AAT4|1.A.23.4.5;ID=NP_415109.1
+++++
672	CAZyme	1	7	CGC11	NC_000913.3	701603	702751	NP_415203.1	-	DB=CE9;ID=NP_415203.1	DB=CE9;ID=NP_415203.1
673	null	null	null	CGC11	NC_000913.3	702811	703611	NP_415203.1	-	;ID=NP_415204.1
674	TC	1	1	CGC11	NC_000913.3	703944	705890	NP_415205.1	+	DB=gnl|TC-DB|P09323|4.A.1.1.2;ID=NP_415205.1	DB=gnl|TC-DB|P09323|4.A.1.1.2;ID=NP_415205.1
675	null	null	null	CGC11	NC_000913.3	706093	707757	NP_415205.1	+	;ID=NP_415206.1
676	TC	11	1	CGC11	NC_000913.3	708334	709740	NP_415207.1	+	DB=gnl|TC-DB|P75733|1.B.25.1.13;ID=NP_415207.1	DB=gnl|TC-DB|P75733|1.B.25.1.13;ID=NP_415207.1
+++++
728	TC	0	5	CGC12	NC_000913.3	765984	767960	NP_415259.1	+	DB=gnl|TC-DB|P54745|4.A.2.1.3;ID=NP_415259.1	DB=gnl|TC-DB|P54745|4.A.2.1.3;ID=NP_415259.1
729	CAZyme	0	0	CGC12	NC_000913.3	767978	770611	NP_415260.1	+	DB=GH38;ID=NP_415260.1	DB=GH38;ID=NP_415260.1
730	TC	0	0	CGC12	NC_000913.3	771458	773026	NP_415261.2	+	DB=gnl|TC-DB|P0ABJ9|3.D.4.3.2;ID=NP_415261.2	DB=gnl|TC-DB|P0ABJ9|3.D.4.3.2;ID=NP_415261.2
731	TC	0	0	CGC12	NC_000913.3	773042	774181	NP_415262.1	+	DB=gnl|TC-DB|P0ABK2|3.D.4.3.2;ID=NP_415262.1	DB=gnl|TC-DB|P0ABK2|3.D.4.3.2;ID=NP_415262.1
732	TC	0	0	CGC12	NC_000913.3	774196	774309	YP_588444.1	+	DB=gnl|TC-DB|P56100|9.B.85.1.1;ID=YP_588444.1	DB=gnl|TC-DB|P56100|9.B.85.1.1;ID=YP_588444.1
733	TC	1	0	CGC12	NC_000913.3	774309	774602	NP_415263.1	+	DB=gnl|TC-DB|P0AAV0|8.A.79.1.1;ID=NP_415263.1	DB=gnl|TC-DB|P0AAV0|8.A.79.1.1;ID=NP_415263.1
734	null	null	null	CGC12	NC_000913.3	774752	775156	NP_415263.1	+	;ID=NP_415264.1
735	TC	0	1	CGC12	NC_000913.3	775153	775845	NP_415265.1	+	DB=gnl|TC-DB|P0ABU9|1.A.30.2.2;ID=NP_415265.1	DB=gnl|TC-DB|P0ABU9|1.A.30.2.2;ID=NP_415265.1
736	TC	0	0	CGC12	NC_000913.3	775849	776277	NP_415266.1	+	DB=gnl|TC-DB|P0ABV8|1.A.30.2.2;ID=NP_415266.1	DB=gnl|TC-DB|P0ABV8|1.A.30.2.2;ID=NP_415266.1
737	TC	0	0	CGC12	NC_000913.3	776342	777607	NP_415267.1	+	DB=gnl|TC-DB|P19934|2.C.1.2.1;ID=NP_415267.1	DB=gnl|TC-DB|P19934|2.C.1.2.1;ID=NP_415267.1
738	TC	0	0	CGC12	NC_000913.3	777740	779032	NP_415268.1	+	DB=gnl|TC-DB|P0A855|2.C.1.2.1;ID=NP_415268.1	DB=gnl|TC-DB|P0A855|2.C.1.2.1;ID=NP_415268.1
739	TC	0	0	CGC12	NC_000913.3	779067	779588	NP_415269.1	+	DB=gnl|TC-DB|C6EJJ6|2.C.1.2.1;ID=NP_415269.1	DB=gnl|TC-DB|C6EJJ6|2.C.1.2.1;ID=NP_415269.1
740	TC	1	0	CGC12	NC_000913.3	779598	780389	NP_415270.1	+	DB=gnl|TC-DB|P45955|2.C.1.2.1;ID=NP_415270.1	DB=gnl|TC-DB|P45955|2.C.1.2.1;ID=NP_415270.1
741	null	null	null	CGC12	NC_000913.3	782085	783128	NP_415270.1	+	;ID=NP_415271.1
742	TC	0	1	CGC12	NC_000913.3	783166	783885	NP_415272.1	+	DB=gnl|TC-DB|P24520|4.B.1.1.1;ID=NP_415272.1	DB=gnl|TC-DB|P24520|4.B.1.1.1;ID=NP_415272.1
743	TC	7	0	CGC12	NC_000913.3	783882	784823	NP_415273.1	-	DB=gnl|TC-DB|P75757|2.A.4.1.4;ID=NP_415273.1	DB=gnl|TC-DB|P75757|2.A.4.1.4;ID=NP_415273.1
+++++
761	TC	1	4	CGC13	NC_000913.3	801887	803320	NP_415291.1	+	DB=gnl|TC-DB|P75763|2.A.47.3.5;ID=NP_415291.1	DB=gnl|TC-DB|P75763|2.A.47.3.5;ID=NP_415291.1
762	null	null	null	CGC13	NC_000913.3	803503	805764	NP_415291.1	+	;ID=NP_415292.2
763	CAZyme	13	1	CGC13	NC_000913.3	805998	807281	NP_415293.1	-	DB=CE8;ID=NP_415293.1	DB=CE8;ID=NP_415293.1
+++++
996	CAZyme	1	5	CGC14	NC_000913.3	1067112	1067708	NP_415524.1	-	DB=AA6;ID=NP_415524.1	DB=AA6;ID=NP_415524.1
997	null	null	null	CGC14	NC_000913.3	1068081	1068254	NP_415524.1	+	;ID=NP_415525.2
998	TC	8	1	CGC14	NC_000913.3	1068511	1069839	NP_415526.4	-	DB=gnl|TC-DB|P75892|2.A.40.1.3;ID=NP_415526.4	DB=gnl|TC-DB|P75892|2.A.40.1.3;ID=NP_415526.4
+++++
1007	TC	2	8	CGC15	NC_000913.3	1079305	1080813	NP_415535.1	+	DB=gnl|TC-DB|P07117|2.A.21.2.1;ID=NP_415535.1	DB=gnl|TC-DB|P07117|2.A.21.2.1;ID=NP_415535.1
1008	null	null	null	CGC15	NC_000913.3	1081356	1081460	NP_415535.1	+	;ID=cds998
1009	null	null	null	CGC15	NC_000913.3	1081460	1082185	NP_415535.1	+	;ID=cds998
1010	TC	0	2	CGC15	NC_000913.3	1082243	1083370	NP_415537.1	+	DB=gnl|TC-DB|P0AB24|2.A.108.2.3;ID=NP_415537.1	DB=gnl|TC-DB|P0AB24|2.A.108.2.3;ID=NP_415537.1
1011	TC	2	0	CGC15	NC_000913.3	1083376	1084647	NP_415538.1	+	DB=gnl|TC-DB|P31545|2.A.108.2.3;ID=NP_415538.1	DB=gnl|TC-DB|P31545|2.A.108.2.3;ID=NP_415538.1
1012	null	null	null	CGC15	NC_000913.3	1084992	1086056	NP_415538.1	+	;ID=NP_415539.1
1013	null	null	null	CGC15	NC_000913.3	1086106	1086519	NP_415538.1	-	;ID=NP_415540.1
1014	TC	0	2	CGC15	NC_000913.3	1086521	1087846	NP_415541.1	-	DB=gnl|TC-DB|P75905|4.D.1.1.3;ID=NP_415541.1	DB=gnl|TC-DB|P75905|4.D.1.1.3;ID=NP_415541.1
1015	CAZyme	0	0	CGC15	NC_000913.3	1087839	1089857	NP_415542.1	-	DB=CE4;ID=NP_415542.1	DB=CE4;ID=NP_415542.1
1016	TC	0	0	CGC15	NC_000913.3	1089866	1092289	NP_415543.1	-	DB=gnl|TC-DB|P69434|1.B.55.1.1;ID=NP_415543.1	DB=gnl|TC-DB|P69434|1.B.55.1.1;ID=NP_415543.1
1017	TC	8	0	CGC15	NC_000913.3	1092876	1094234	NP_415544.1	+	DB=gnl|TC-DB|D4ZZR3|9.B.34.1.3;ID=NP_415544.1	DB=gnl|TC-DB|D4ZZR3|9.B.34.1.3;ID=NP_415544.1
+++++
1101	CAZyme	2	5	CGC16	NC_000913.3	1169412	1170374	NP_415631.1	-	DB=CBM50;ID=NP_415631.1	DB=CBM50;ID=NP_415631.1
1102	null	null	null	CGC16	NC_000913.3	1170518	1173964	NP_415631.1	-	;ID=NP_415632.1
1103	null	null	null	CGC16	NC_000913.3	1174092	1175165	NP_415631.1	-	;ID=NP_415633.1
1104	TC	0	2	CGC16	NC_000913.3	1175427	1176626	NP_415634.1	+	DB=gnl|TC-DB|P0ADC3|3.A.1.125.1;ID=NP_415634.1	DB=gnl|TC-DB|P0ADC3|3.A.1.125.1;ID=NP_415634.1
1105	TC	0	0	CGC16	NC_000913.3	1176619	1177320	NP_415635.4	+	DB=gnl|TC-DB|P75957|3.A.1.125.1;ID=NP_415635.4	DB=gnl|TC-DB|P75957|3.A.1.125.1;ID=NP_415635.4
1106	TC	3	0	CGC16	NC_000913.3	1177320	1178564	NP_415636.1	+	DB=gnl|TC-DB|P75958|3.A.1.125.1;ID=NP_415636.1	DB=gnl|TC-DB|P75958|3.A.1.125.1;ID=NP_415636.1
+++++
1184	TC	1	4	CGC17	NC_000913.3	1240335	1242071	NP_415709.2	-	DB=gnl|TC-DB|P76007|2.A.36.6.11;ID=NP_415709.2	DB=gnl|TC-DB|P76007|2.A.36.6.11;ID=NP_415709.2
1185	null	null	null	CGC17	NC_000913.3	1242166	1243080	NP_415709.2	-	;ID=NP_415710.1
1186	CAZyme	1	1	CGC17	NC_000913.3	1243180	1243791	NP_415711.2	+	DB=GH23;ID=NP_415711.2	DB=GH23;ID=NP_415711.2
1187	null	null	null	CGC17	NC_000913.3	1243793	1244527	NP_415711.2	-	;ID=NP_415712.1
1188	TC	1	1	CGC17	NC_000913.3	1244728	1244982	NP_415713.1	+	DB=gnl|TC-DB|A6TAG3|1.E.43.1.1;ID=NP_415713.1	DB=gnl|TC-DB|A6TAG3|1.E.43.1.1;ID=NP_415713.1
1189	null	null	null	CGC17	NC_000913.3	1245160	1245600	NP_415713.1	+	;ID=NP_415714.1
1190	CAZyme	0	1	CGC17	NC_000913.3	1245679	1247376	NP_415715.1	-	DB=GH37;ID=NP_415715.1	DB=GH37;ID=NP_415715.1
1191	TC	3	0	CGC17	NC_000913.3	1247696	1249114	NP_415716.4	-	DB=gnl|TC-DB|Q9HY55|4.A.2.1.17;ID=NP_415716.4	DB=gnl|TC-DB|Q9HY55|4.A.2.1.17;ID=NP_415716.4
+++++
1308	CAZyme	0	4	CGC18	NC_000913.3	1370216	1371895	NP_415825.4	+	DB=GH13_18|GH13;ID=NP_415825.4	DB=GH13_18|GH13;ID=NP_415825.4
1309	TC	0	0	CGC18	NC_000913.3	1371909	1373201	NP_415826.1	+	DB=gnl|TC-DB|P76042|3.A.1.1.46;ID=NP_415826.1	DB=gnl|TC-DB|P76042|3.A.1.1.46;ID=NP_415826.1
1310	TC	0	0	CGC18	NC_000913.3	1373222	1374103	NP_415827.1	+	DB=gnl|TC-DB|P0AFR7|3.A.1.1.46;ID=NP_415827.1	DB=gnl|TC-DB|P0AFR7|3.A.1.1.46;ID=NP_415827.1
1311	TC	3	0	CGC18	NC_000913.3	1374090	1374932	NP_415828.1	+	DB=gnl|TC-DB|P77716|3.A.1.1.46;ID=NP_415828.1	DB=gnl|TC-DB|P77716|3.A.1.1.46;ID=NP_415828.1
+++++
1491	TC	0	6	CGC19	NC_000913.3	1557112	1558038	NP_416000.1	-	DB=gnl|TC-DB|P77622|3.A.1.5.38;ID=NP_416000.1	DB=gnl|TC-DB|P77622|3.A.1.5.38;ID=NP_416000.1
1492	TC	0	0	CGC19	NC_000913.3	1558031	1559017	NP_416001.1	-	DB=gnl|TC-DB|P77268|3.A.1.5.38;ID=NP_416001.1	DB=gnl|TC-DB|P77268|3.A.1.5.38;ID=NP_416001.1
1493	TC	0	0	CGC19	NC_000913.3	1559014	1559910	NP_416002.1	-	DB=gnl|TC-DB|P77463|3.A.1.5.38;ID=NP_416002.1	DB=gnl|TC-DB|P77463|3.A.1.5.38;ID=NP_416002.1
1494	TC	0	0	CGC19	NC_000913.3	1559907	1560929	NP_416003.1	-	DB=gnl|TC-DB|P77308|3.A.1.5.38;ID=NP_416003.1	DB=gnl|TC-DB|P77308|3.A.1.5.38;ID=NP_416003.1
1495	TC	2	0	CGC19	NC_000913.3	1560931	1562481	NP_416004.1	-	DB=gnl|TC-DB|P76128|3.A.1.5.38;ID=NP_416004.1	DB=gnl|TC-DB|P76128|3.A.1.5.38;ID=NP_416004.1
1496	null	null	null	CGC19	NC_000913.3	1562495	1563076	NP_416004.1	-	;ID=NP_416005.1
1497	null	null	null	CGC19	NC_000913.3	1563334	1565733	NP_416004.1	-	;ID=NP_416006.4
1498	TC	0	2	CGC19	NC_000913.3	1565758	1567140	NP_416007.3	-	DB=gnl|TC-DB|D4ZZR3|9.B.34.1.3;ID=NP_416007.3	DB=gnl|TC-DB|D4ZZR3|9.B.34.1.3;ID=NP_416007.3
1499	CAZyme	0	0	CGC19	NC_000913.3	1567504	1568823	NP_416008.1	-	DB=GH0;ID=NP_416008.1	DB=GH0;ID=NP_416008.1
1500	TC	3	0	CGC19	NC_000913.3	1568954	1570489	NP_416009.1	-	DB=gnl|TC-DB|C8U8G2|2.A.3.7.3;ID=NP_416009.1	DB=gnl|TC-DB|C8U8G2|2.A.3.7.3;ID=NP_416009.1
+++++
1567	CAZyme	1	21	CGC20	NC_000913.3	1639524	1640057	NP_416072.1	-	DB=GH24;ID=NP_416072.1	DB=GH24;ID=NP_416072.1
1568	null	null	null	CGC20	NC_000913.3	1640054	1640365	NP_416072.1	-	;ID=NP_416073.1
1569	TC	5	1	CGC20	NC_000913.3	1640370	1640585	NP_416074.4	-	DB=gnl|TC-DB|P77237|1.E.1.1.2;ID=NP_416074.4	DB=gnl|TC-DB|P77237|1.E.1.1.2;ID=NP_416074.4
+++++
1628	TC	0	7	CGC21	NC_000913.3	1691586	1692851	NP_416132.2	-	DB=gnl|TC-DB|Q47706|1.B.25.1.5;ID=NP_416132.2	DB=gnl|TC-DB|Q47706|1.B.25.1.5;ID=NP_416132.2
1629	TC	0	0	CGC21	NC_000913.3	1692890	1694263	NP_416133.1	-	DB=gnl|TC-DB|P0CE45|2.A.2.3.1;ID=NP_416133.1	DB=gnl|TC-DB|P0CE45|2.A.2.3.1;ID=NP_416133.1
1630	CAZyme	3	0	CGC21	NC_000913.3	1694260	1696071	NP_416134.1	-	DB=GH2;ID=NP_416134.1	DB=GH2;ID=NP_416134.1
+++++
1748	CAZyme	1	4	CGC22	NC_000913.3	1817148	1818500	NP_416248.1	-	DB=GH4;ID=NP_416248.1	DB=GH4;ID=NP_416248.1
1749	null	null	null	CGC22	NC_000913.3	1818605	1819447	NP_416248.1	-	;ID=NP_416249.1
1750	TC	0	1	CGC22	NC_000913.3	1819455	1819805	NP_416250.1	-	DB=gnl|TC-DB|P69791|4.A.3.2.1;ID=NP_416250.1	DB=gnl|TC-DB|P69791|4.A.3.2.1;ID=NP_416250.1
1751	TC	0	0	CGC22	NC_000913.3	1819856	1821214	NP_416251.1	-	DB=gnl|TC-DB|P17334|4.A.3.2.1;ID=NP_416251.1	DB=gnl|TC-DB|P17334|4.A.3.2.1;ID=NP_416251.1
1752	TC	11	0	CGC22	NC_000913.3	1821299	1821619	NP_416252.1	-	DB=gnl|TC-DB|P69795|4.A.3.2.1;ID=NP_416252.1	DB=gnl|TC-DB|P69795|4.A.3.2.1;ID=NP_416252.1
+++++
1914	CAZyme	1	5	CGC23	NC_000913.3	1980188	1981612	NP_416410.1	-	DB=GT20;ID=NP_416410.1	DB=GT20;ID=NP_416410.1
1915	null	null	null	CGC23	NC_000913.3	1981587	1982387	NP_416410.1	-	;ID=NP_416411.1
1916	TC	0	1	CGC23	NC_000913.3	1982554	1983540	YP_026162.2	-	DB=gnl|TC-DB|P0AE26|3.A.1.2.2;ID=YP_026162.2	DB=gnl|TC-DB|P0AE26|3.A.1.2.2;ID=YP_026162.2
1917	TC	0	0	CGC23	NC_000913.3	1983555	1985069	NP_416413.1	-	DB=gnl|TC-DB|P0AAF3|3.A.1.2.2;ID=NP_416413.1	DB=gnl|TC-DB|P0AAF3|3.A.1.2.2;ID=NP_416413.1
1918	TC	6	0	CGC23	NC_000913.3	1985139	1986128	NP_416414.1	-	DB=gnl|TC-DB|P02924|3.A.1.2.2;ID=NP_416414.1	DB=gnl|TC-DB|P02924|3.A.1.2.2;ID=NP_416414.1
+++++
1942	CAZyme	1	6	CGC24	NC_000913.3	2006156	2007643	NP_416437.1	+	DB=GH13_5|GH13;ID=NP_416437.1	DB=GH13_5|GH13;ID=NP_416437.1
1943	null	null	null	CGC24	NC_000913.3	2007677	2008090	NP_416437.1	-	;ID=NP_416438.1
1944	TC	8	1	CGC24	NC_000913.3	2008277	2009482	NP_416439.1	+	DB=gnl|TC-DB|P31064|9.B.102.1.1;ID=NP_416439.1	DB=gnl|TC-DB|P31064|9.B.102.1.1;ID=NP_416439.1
+++++
2048	CAZyme	2	20	CGC25	NC_000913.3	2103391	2104509	NP_416536.1	-	DB=GT4;ID=NP_416536.1	DB=GT4;ID=NP_416536.1
2049	null	null	null	CGC25	NC_000913.3	2104494	2105084	NP_416536.1	-	;ID=NP_416537.1
2050	null	null	null	CGC25	NC_000913.3	2105065	2106057	NP_416536.1	-	;ID=NP_416538.1
2051	TC	1	2	CGC25	NC_000913.3	2106060	2107226	NP_416539.1	-	DB=gnl|TC-DB|P37748|9.B.67.2.1;ID=NP_416539.1	DB=gnl|TC-DB|P37748|9.B.67.2.1;ID=NP_416539.1
2052	null	null	null	CGC25	NC_000913.3	2107226	2108329	NP_416539.1	-	;ID=NP_416540.1
2053	TC	6	1	CGC25	NC_000913.3	2108337	2109584	NP_416541.1	-	DB=gnl|TC-DB|P37746|2.A.66.2.1;ID=NP_416541.1	DB=gnl|TC-DB|P37746|2.A.66.2.1;ID=NP_416541.1
+++++
2060	CAZyme	1	6	CGC26	NC_000913.3	2115907	2117127	NP_416548.1	-	DB=GT4;ID=NP_416548.1	DB=GT4;ID=NP_416548.1
2061	null	null	null	CGC26	NC_000913.3	2117124	2118404	NP_416548.1	-	;ID=NP_416549.1
2062	TC	0	1	CGC26	NC_000913.3	2118680	2120158	NP_416550.1	-	DB=gnl|TC-DB|P77377|2.A.66.2.7;ID=NP_416550.1	DB=gnl|TC-DB|P77377|2.A.66.2.7;ID=NP_416550.1
2063	TC	2	0	CGC26	NC_000913.3	2120160	2121554	NP_416551.1	-	DB=gnl|TC-DB|G0CIY2|9.B.18.1.1;ID=NP_416551.1	DB=gnl|TC-DB|G0CIY2|9.B.18.1.1;ID=NP_416551.1
2064	null	null	null	CGC26	NC_000913.3	2121609	2122979	NP_416551.1	-	;ID=NP_416552.1
2065	null	null	null	CGC26	NC_000913.3	2123084	2124520	NP_416551.1	-	;ID=NP_416553.1
2066	CAZyme	4	2	CGC26	NC_000913.3	2124523	2125746	NP_416554.1	-	DB=GT4;ID=NP_416554.1	DB=GT4;ID=NP_416554.1
+++++
2071	CAZyme	1	4	CGC27	NC_000913.3	2128904	2129650	NP_416559.1	-	DB=GT2;ID=NP_416559.1	DB=GT2;ID=NP_416559.1
2072	null	null	null	CGC27	NC_000913.3	2129661	2130878	NP_416559.1	-	;ID=NP_416560.1
2073	CAZyme	1	1	CGC27	NC_000913.3	2130853	2132070	NP_416561.1	-	DB=GT4;ID=NP_416561.1	DB=GT4;ID=NP_416561.1
2074	null	null	null	CGC27	NC_000913.3	2132067	2132555	NP_416561.1	-	;ID=NP_416562.1
2075	CAZyme	0	1	CGC27	NC_000913.3	2132558	2133397	NP_416563.1	-	DB=GT2;ID=NP_416563.1	DB=GT2;ID=NP_416563.1
2076	TC	1	0	CGC27	NC_000913.3	2133490	2135652	NP_416564.4	-	DB=gnl|TC-DB|P76387|8.A.3.3.2;ID=NP_416564.4	DB=gnl|TC-DB|P76387|8.A.3.3.2;ID=NP_416564.4
2077	null	null	null	CGC27	NC_000913.3	2135655	2136098	NP_416564.4	-	;ID=NP_416565.1
2078	TC	0	1	CGC27	NC_000913.3	2136104	2137243	NP_416566.1	-	DB=gnl|TC-DB|P0A930|1.B.18.3.1;ID=NP_416566.1	DB=gnl|TC-DB|P0A930|1.B.18.3.1;ID=NP_416566.1
2079	TC	0	0	CGC27	NC_000913.3	2137902	2139485	NP_416567.4	+	DB=gnl|TC-DB|L5DDD7|2.A.109.2.3;ID=NP_416567.4	DB=gnl|TC-DB|L5DDD7|2.A.109.2.3;ID=NP_416567.4
2080	TC	2	0	CGC27	NC_000913.3	2139759	2141612	NP_416568.1	-	DB=gnl|TC-DB|P28249|9.B.22.2.1;ID=NP_416568.1	DB=gnl|TC-DB|P28249|9.B.22.2.1;ID=NP_416568.1
2081	null	null	null	CGC27	NC_000913.3	2141634	2142215	NP_416568.1	-	;ID=NP_416569.1
2082	null	null	null	CGC27	NC_000913.3	2142307	2142948	NP_416568.1	-	;ID=NP_416570.2
2083	TC	8	2	CGC27	NC_000913.3	2143266	2146583	NP_416571.1	+	DB=gnl|TC-DB|Q1J0W6|9.B.34.1.1;ID=NP_416571.1	DB=gnl|TC-DB|Q1J0W6|9.B.34.1.1;ID=NP_416571.1
+++++
2144	TC	2	12	CGC28	NC_000913.3	2212959	2214644	NP_416630.1	-	DB=gnl|TC-DB|Q81JL2|9.B.33.1.1;ID=NP_416630.1	DB=gnl|TC-DB|Q81JL2|9.B.33.1.1;ID=NP_416630.1
2145	TF	1	0	CGC28	NC_000913.3	2214866	2215597	NP_416631.1	+	DB=6032|ECK120006403|MlrA;ID=NP_416631.1	DB=6032|ECK120006403|MlrA;ID=NP_416631.1
2146	null	null	null	CGC28	NC_000913.3	2215657	2215764	NP_416631.1	+	;ID=YP_588460.1
2147	TC	0	2	CGC28	NC_000913.3	2215745	2216476	NP_416632.1	-	DB=gnl|TC-DB|P33359|3.A.1.12.15;ID=NP_416632.1	DB=gnl|TC-DB|P33359|3.A.1.12.15;ID=NP_416632.1
2148	TC	0	0	CGC28	NC_000913.3	2216481	2217407	NP_416633.1	-	DB=gnl|TC-DB|P33360|3.A.1.12.15;ID=NP_416633.1	DB=gnl|TC-DB|P33360|3.A.1.12.15;ID=NP_416633.1
2149	TC	0	0	CGC28	NC_000913.3	2217400	2218557	NP_416634.1	-	DB=gnl|TC-DB|P33361|3.A.1.12.15;ID=NP_416634.1	DB=gnl|TC-DB|P33361|3.A.1.12.15;ID=NP_416634.1
2150	TC	0	0	CGC28	NC_000913.3	2218564	2219481	NP_416635.1	-	DB=gnl|TC-DB|P33362|3.A.1.12.15;ID=NP_416635.1	DB=gnl|TC-DB|P33362|3.A.1.12.15;ID=NP_416635.1
2151	CAZyme	3	0	CGC28	NC_000913.3	2219692	2221989	NP_416636.1	-	DB=GH3;ID=NP_416636.1	DB=GH3;ID=NP_416636.1
+++++
2703	CAZyme	0	6	CGC29	NC_000913.3	2824491	2825576	NP_417181.1	-	DB=GH103;ID=NP_417181.1	DB=GH103;ID=NP_417181.1
2704	TC	0	0	CGC29	NC_000913.3	2825832	2826395	YP_026180.1	+	DB=gnl|TC-DB|P56579|4.A.4.1.1;ID=YP_026180.1	DB=gnl|TC-DB|P56579|4.A.4.1.1;ID=YP_026180.1
2705	TC	0	0	CGC29	NC_000913.3	2826392	2827351	YP_026181.1	+	DB=gnl|TC-DB|P56580|4.A.4.1.1;ID=YP_026181.1	DB=gnl|TC-DB|P56580|4.A.4.1.1;ID=YP_026181.1
2706	TC	8	0	CGC29	NC_000913.3	2827362	2827733	NP_417184.1	+	DB=gnl|TC-DB|P05706|4.A.4.1.1;ID=NP_417184.1	DB=gnl|TC-DB|P05706|4.A.4.1.1;ID=NP_417184.1
+++++
2815	CAZyme	2	11	CGC30	NC_000913.3	2946081	2947178	NP_417293.1	-	DB=GH102;ID=NP_417293.1	DB=GH102;ID=NP_417293.1
2816	null	null	null	CGC30	NC_000913.3	2947757	2949010	NP_417293.1	-	;ID=NP_417294.4
2817	null	null	null	CGC30	NC_000913.3	2949242	2950573	NP_417293.1	+	;ID=NP_417295.1
2818	TC	9	2	CGC30	NC_000913.3	2950635	2952461	NP_417296.1	-	DB=gnl|TC-DB|Q6MDD6|3.A.7.16.1;ID=NP_417296.1	DB=gnl|TC-DB|Q6MDD6|3.A.7.16.1;ID=NP_417296.1
+++++
2961	CAZyme	0	10	CGC31	NC_000913.3	3104433	3105512	NP_417438.2	+	DB=GH23;ID=NP_417438.2	DB=GH23;ID=NP_417438.2
2962	TC	1	0	CGC31	NC_000913.3	3105714	3106970	NP_417439.4	+	DB=gnl|TC-DB|P0AFF4|2.A.1.10.1;ID=NP_417439.4	DB=gnl|TC-DB|P0AFF4|2.A.1.10.1;ID=NP_417439.4
2963	null	null	null	CGC31	NC_000913.3	3107020	3109155	NP_417439.4	-	;ID=NP_417440.4
2964	TC	4	1	CGC31	NC_000913.3	3109553	3110260	NP_417441.1	+	DB=gnl|TC-DB|Q46831|9.B.120.1.1;ID=NP_417441.1	DB=gnl|TC-DB|Q46831|9.B.120.1.1;ID=NP_417441.1
+++++
3071	CAZyme	1	11	CGC32	NC_000913.3	3222633	3225725	YP_026199.1	+	DB=GH2;ID=YP_026199.1	DB=GH2;ID=YP_026199.1
3072	null	null	null	CGC32	NC_000913.3	3225722	3226171	YP_026199.1	+	;ID=NP_417548.1
3073	TC	1	1	CGC32	NC_000913.3	3226234	3227667	YP_026200.1	+	DB=gnl|TC-DB|P42590|2.A.3.7.4;ID=YP_026200.1	DB=gnl|TC-DB|P42590|2.A.3.7.4;ID=YP_026200.1
3074	null	null	null	CGC32	NC_000913.3	3227801	3228871	YP_026200.1	+	;ID=NP_417550.1
3075	CAZyme	5	1	CGC32	NC_000913.3	3228888	3231239	NP_417551.1	+	DB=GH63;ID=NP_417551.1	DB=GH63;ID=NP_417551.1
+++++
3181	TC	0	6	CGC33	NC_000913.3	3336963	3337256	NP_417658.4	-	DB=gnl|TC-DB|P64602|3.A.1.27.3;ID=NP_417658.4	DB=gnl|TC-DB|P64602|3.A.1.27.3;ID=NP_417658.4
3182	TC	0	0	CGC33	NC_000913.3	3337256	3337891	NP_417659.1	-	DB=gnl|TC-DB|P0ADV7|3.A.1.27.3;ID=NP_417659.1	DB=gnl|TC-DB|P0ADV7|3.A.1.27.3;ID=NP_417659.1
3183	TC	0	0	CGC33	NC_000913.3	3337910	3338461	NP_417660.1	-	DB=gnl|TC-DB|P64604|3.A.1.27.3;ID=NP_417660.1	DB=gnl|TC-DB|P64604|3.A.1.27.3;ID=NP_417660.1
3184	TC	0	0	CGC33	NC_000913.3	3338466	3339248	NP_417661.1	-	DB=gnl|TC-DB|P64606|3.A.1.27.3;ID=NP_417661.1	DB=gnl|TC-DB|P64606|3.A.1.27.3;ID=NP_417661.1
3185	TC	0	0	CGC33	NC_000913.3	3339256	3340065	NP_417662.1	-	DB=gnl|TC-DB|P63386|3.A.1.27.3;ID=NP_417662.1	DB=gnl|TC-DB|P63386|3.A.1.27.3;ID=NP_417662.1
3186	TC	2	0	CGC33	NC_000913.3	3340275	3341252	NP_417663.1	+	DB=gnl|TC-DB|P45394|2.A.19.5.1;ID=NP_417663.1	DB=gnl|TC-DB|P45394|2.A.19.5.1;ID=NP_417663.1
3187	null	null	null	CGC33	NC_000913.3	3341266	3342252	NP_417663.1	+	;ID=NP_417664.1
3188	null	null	null	CGC33	NC_000913.3	3342273	3342839	NP_417663.1	+	;ID=NP_417665.1
3189	TC	0	2	CGC33	NC_000913.3	3342836	3343411	NP_417666.1	+	DB=gnl|TC-DB|P0ADW0|1.B.42.1.2;ID=NP_417666.1	DB=gnl|TC-DB|P0ADW0|1.B.42.1.2;ID=NP_417666.1
3190	TC	0	0	CGC33	NC_000913.3	3343380	3343937	NP_417667.1	+	DB=gnl|TC-DB|P0ADV1|1.B.42.1.2;ID=NP_417667.1	DB=gnl|TC-DB|P0ADV1|1.B.42.1.2;ID=NP_417667.1
3191	TC	2	0	CGC33	NC_000913.3	3343944	3344669	NP_417668.1	+	DB=gnl|TC-DB|P0A9V1|1.B.42.1.2;ID=NP_417668.1	DB=gnl|TC-DB|P0A9V1|1.B.42.1.2;ID=NP_417668.1
3192	TF	1	0	CGC33	NC_000913.3	3344717	3346150	NP_417669.1	+	DB=sp|P24255|RP54_ECOLI|RpoN|Sigma_54;ID=NP_417669.1	DB=sp|P24255|RP54_ECOLI|RpoN|Sigma_54;ID=NP_417669.1
3193	null	null	null	CGC33	NC_000913.3	3346173	3346460	NP_417669.1	+	;ID=NP_417670.1
3194	TC	1	2	CGC33	NC_000913.3	3346578	3347069	NP_417671.1	+	DB=gnl|TC-DB|P71012|4.A.2.1.4;ID=NP_417671.1	DB=gnl|TC-DB|P71012|4.A.2.1.4;ID=NP_417671.1
3195	null	null	null	CGC33	NC_000913.3	3347115	3347969	NP_417671.1	+	;ID=NP_417672.1
3196	TC	1	1	CGC33	NC_000913.3	3347966	3348238	NP_417673.1	+	DB=gnl|TC-DB|H1XXZ0|8.A.8.1.5;ID=NP_417673.1	DB=gnl|TC-DB|H1XXZ0|8.A.8.1.5;ID=NP_417673.1
3197	null	null	null	CGC33	NC_000913.3	3348452	3349084	NP_417673.1	+	;ID=NP_417674.1
3198	CAZyme	7	1	CGC33	NC_000913.3	3349081	3349809	NP_417675.1	-	DB=GT51;ID=NP_417675.1	DB=GT51;ID=NP_417675.1
+++++
3309	TC	1	22	CGC34	NC_000913.3	3453929	3455398	NP_417782.1	-	DB=gnl|TC-DB|P45756|9.B.42.1.3;ID=NP_417782.1	DB=gnl|TC-DB|P45756|9.B.42.1.3;ID=NP_417782.1
3310	null	null	null	CGC34	NC_000913.3	3455578	3456393	NP_417782.1	+	;ID=NP_417783.1
3311	TC	0	1	CGC34	NC_000913.3	3456377	3458329	NP_417784.4	+	DB=gnl|TC-DB|P15644|1.B.22.1.1;ID=NP_417784.4	DB=gnl|TC-DB|P15644|1.B.22.1.1;ID=NP_417784.4
3312	TC	0	0	CGC34	NC_000913.3	3458339	3459820	NP_417785.1	+	DB=gnl|TC-DB|P15645|3.A.15.1.1;ID=NP_417785.1	DB=gnl|TC-DB|P15645|3.A.15.1.1;ID=NP_417785.1
3313	TC	0	0	CGC34	NC_000913.3	3459817	3461013	NP_417786.1	+	DB=gnl|TC-DB|P15745|3.A.15.1.1;ID=NP_417786.1	DB=gnl|TC-DB|P15745|3.A.15.1.1;ID=NP_417786.1
3314	TC	0	0	CGC34	NC_000913.3	3461023	3461460	NP_417787.1	+	DB=gnl|TC-DB|P15746|3.A.15.1.1;ID=NP_417787.1	DB=gnl|TC-DB|P15746|3.A.15.1.1;ID=NP_417787.1
3315	TC	2	0	CGC34	NC_000913.3	3461468	3461977	NP_417788.1	+	DB=gnl|TC-DB|P15747|3.A.15.1.1;ID=NP_417788.1	DB=gnl|TC-DB|P15747|3.A.15.1.1;ID=NP_417788.1
3316	null	null	null	CGC34	NC_000913.3	3461974	3462351	NP_417788.1	+	;ID=NP_417789.4
3317	null	null	null	CGC34	NC_000913.3	3462344	3462931	NP_417788.1	+	;ID=NP_417790.1
3318	TC	2	2	CGC34	NC_000913.3	3462924	3463907	NP_417791.1	+	DB=gnl|TC-DB|P15750|3.A.15.1.1;ID=NP_417791.1	DB=gnl|TC-DB|P15750|3.A.15.1.1;ID=NP_417791.1
3319	null	null	null	CGC34	NC_000913.3	3463922	3465085	NP_417791.1	+	;ID=NP_417792.2
3320	null	null	null	CGC34	NC_000913.3	3465082	3465543	NP_417791.1	+	;ID=NP_417793.2
3321	TC	2	2	CGC34	NC_000913.3	3465543	3466220	NP_417794.1	+	DB=gnl|TC-DB|P22610|3.A.15.2.1;ID=NP_417794.1	DB=gnl|TC-DB|P22610|3.A.15.2.1;ID=NP_417794.1
3322	null	null	null	CGC34	NC_000913.3	3466249	3466725	NP_417794.1	-	;ID=NP_417795.1
3323	null	null	null	CGC34	NC_000913.3	3466797	3466991	NP_417794.1	-	;ID=NP_417796.1
3324	CAZyme	12	2	CGC34	NC_000913.3	3467160	3469853	NP_417797.1	-	DB=CBM5|GH18|CBM5+GH18;ID=NP_417797.1	DB=CBM5|GH18|CBM5+GH18;ID=NP_417797.1
+++++
3401	TC	0	4	CGC35	NC_000913.3	3546559	3547875	YP_026217.1	+	DB=gnl|TC-DB|P39835|2.A.8.1.4;ID=YP_026217.1	DB=gnl|TC-DB|P39835|2.A.8.1.4;ID=YP_026217.1
3402	CAZyme	0	0	CGC35	NC_000913.3	3547986	3550070	NP_417875.1	-	DB=GH77;ID=NP_417875.1	DB=GH77;ID=NP_417875.1
3403	CAZyme	6	0	CGC35	NC_000913.3	3550080	3552473	YP_026218.1	-	DB=GT35;ID=YP_026218.1	DB=GT35;ID=YP_026218.1
+++++
3414	CAZyme	0	3	CGC36	NC_000913.3	3564134	3566581	NP_417886.1	-	DB=GT35;ID=NP_417886.1	DB=GT35;ID=NP_417886.1
3415	CAZyme	1	0	CGC36	NC_000913.3	3566600	3568033	NP_417887.1	-	DB=GT5;ID=NP_417887.1	DB=GT5;ID=NP_417887.1
3416	null	null	null	CGC36	NC_000913.3	3568033	3569328	NP_417887.1	-	;ID=NP_417888.1
3417	CAZyme	0	1	CGC36	NC_000913.3	3569346	3571319	NP_417889.1	-	DB=CBM48|CBM48+GH13_11|GH13_11|GH13|GH77;ID=NP_417889.1	DB=CBM48|CBM48+GH13_11|GH13_11|GH13|GH77;ID=NP_417889.1
3418	CAZyme	1	0	CGC36	NC_000913.3	3571316	3573502	NP_417890.1	-	DB=CBM48|CBM48+GH13_9|GH13|GH13_9;ID=NP_417890.1	DB=CBM48|CBM48+GH13_9|GH13|GH13_9;ID=NP_417890.1
3419	null	null	null	CGC36	NC_000913.3	3573775	3574878	NP_417890.1	-	;ID=NP_417891.1
3420	TC	0	1	CGC36	NC_000913.3	3575071	3575664	NP_417892.1	+	DB=gnl|TC-DB|P67143|2.A.95.1.5;ID=NP_417892.1	DB=gnl|TC-DB|P67143|2.A.95.1.5;ID=NP_417892.1
3421	TC	14	0	CGC36	NC_000913.3	3575721	3577061	YP_026221.1	-	DB=gnl|TC-DB|P0AC96|2.A.8.1.8;ID=YP_026221.1	DB=gnl|TC-DB|P0AC96|2.A.8.1.8;ID=YP_026221.1
+++++
3507	TC	0	3	CGC37	NC_000913.3	3667791	3669188	NP_417975.1	-	DB=gnl|TC-DB|Q74FY6|5.B.3.1.1;ID=NP_417975.1	DB=gnl|TC-DB|Q74FY6|5.B.3.1.1;ID=NP_417975.1
3508	CAZyme	2	0	CGC37	NC_000913.3	3669592	3671241	NP_417976.1	+	DB=GH37;ID=NP_417976.1	DB=GH37;ID=NP_417976.1
3509	TF	1	0	CGC37	NC_000913.3	3671292	3671894	NP_417977.1	-	DB=tr|A7MXJ7|A7MXJ7_VIBCB|LuxR|LuxR;ID=NP_417977.1	DB=tr|A7MXJ7|A7MXJ7_VIBCB|LuxR|LuxR;ID=NP_417977.1
3510	TF	0	1	CGC37	NC_000913.3	3672414	3673313	NP_417978.2	+	DB=tr|H2GUE0|H2GUE0_CORD7|OxyR|LysR;ID=NP_417978.2	DB=tr|H2GUE0|H2GUE0_CORD7|OxyR|LysR;ID=NP_417978.2
3511	TC	0	2	CGC37	NC_000913.3	3673362	3674375	NP_417979.1	+	DB=gnl|TC-DB|P37642|9.B.126.1.1;ID=NP_417979.1	DB=gnl|TC-DB|P37642|9.B.126.1.1;ID=NP_417979.1
3512	TC	0	0	CGC37	NC_000913.3	3674786	3676108	NP_417980.1	+	DB=gnl|TC-DB|P37643|2.A.1.6.10;ID=NP_417980.1	DB=gnl|TC-DB|P37643|2.A.1.6.10;ID=NP_417980.1
3513	TC	5	0	CGC37	NC_000913.3	3676290	3678350	NP_417981.2	-	DB=gnl|TC-DB|P37645|9.B.121.1.1;ID=NP_417981.2	DB=gnl|TC-DB|P37645|9.B.121.1.1;ID=NP_417981.2
+++++
3553	TC	0	5	CGC38	NC_000913.3	3725887	3726882	NP_418018.1	+	DB=gnl|TC-DB|P37669|9.B.97.1.1;ID=NP_418018.1	DB=gnl|TC-DB|P37669|9.B.97.1.1;ID=NP_418018.1
3554	TC	0	0	CGC38	NC_000913.3	3726924	3727361	NP_418019.4	-	DB=gnl|TC-DB|P0ADJ8|9.B.44.1.1;ID=NP_418019.4	DB=gnl|TC-DB|P0ADJ8|9.B.44.1.1;ID=NP_418019.4
3555	TC	2	0	CGC38	NC_000913.3	3727407	3727748	NP_418020.2	-	DB=gnl|TC-DB|P11286|9.B.44.1.1;ID=NP_418020.2	DB=gnl|TC-DB|P11286|9.B.44.1.1;ID=NP_418020.2
3556	null	null	null	CGC38	NC_000913.3	3727917	3729371	NP_418020.2	-	;ID=NP_418021.1
3557	null	null	null	CGC38	NC_000913.3	3729443	3730765	NP_418020.2	-	;ID=NP_418022.1
3558	TC	0	2	CGC38	NC_000913.3	3731131	3732123	NP_418023.1	+	DB=gnl|TC-DB|P37387|3.A.1.2.4;ID=NP_418023.1	DB=gnl|TC-DB|P37387|3.A.1.2.4;ID=NP_418023.1
3559	TC	0	0	CGC38	NC_000913.3	3732201	3733742	NP_418024.1	+	DB=gnl|TC-DB|P37388|3.A.1.2.4;ID=NP_418024.1	DB=gnl|TC-DB|P37388|3.A.1.2.4;ID=NP_418024.1
3560	TC	1	0	CGC38	NC_000913.3	3733720	3734901	NP_418025.1	+	DB=gnl|TC-DB|P0AGI4|3.A.1.2.4;ID=NP_418025.1	DB=gnl|TC-DB|P0AGI4|3.A.1.2.4;ID=NP_418025.1
3561	TF	0	0	CGC38	NC_000913.3	3734979	3736157	NP_418026.1	+	DB=6040|ECK120006924|XylR;ID=NP_418026.1	DB=6040|ECK120006924|XylR;ID=NP_418026.1
3562	CAZyme	0	1	CGC38	NC_000913.3	3736353	3737177	YP_026230.1	-	DB=GH73;ID=YP_026230.1	DB=GH73;ID=YP_026230.1
3563	CAZyme	1	0	CGC38	NC_000913.3	3737497	3739527	NP_418028.1	+	DB=GH13_19|GH13;ID=NP_418028.1	DB=GH13_19|GH13;ID=NP_418028.1
3564	null	null	null	CGC38	NC_000913.3	3739705	3740958	NP_418028.1	+	;ID=YP_026231.1
3565	TC	3	1	CGC38	NC_000913.3	3741109	3741582	NP_418030.1	-	DB=gnl|TC-DB|P0AAK3|3.D.1.9.2;ID=NP_418030.1	DB=gnl|TC-DB|P0AAK3|3.D.1.9.2;ID=NP_418030.1
+++++
3615	TC	1	9	CGC39	NC_000913.3	3786838	3788097	NP_418070.6	+	DB=gnl|TC-DB|B7LEG0|1.A.34.1.2;ID=NP_418070.6	DB=gnl|TC-DB|B7LEG0|1.A.34.1.2;ID=NP_418070.6
3616	null	null	null	CGC39	NC_000913.3	3788101	3789060	NP_418070.6	+	;ID=NP_418071.4
3617	CAZyme	4	1	CGC39	NC_000913.3	3789047	3790081	NP_418072.1	-	DB=GT2;ID=NP_418072.1	DB=GT2;ID=NP_418072.1
+++++
3622	CAZyme	0	4	CGC40	NC_000913.3	3794929	3795975	NP_418077.1	+	DB=GT9;ID=NP_418077.1	DB=GT9;ID=NP_418077.1
3623	CAZyme	0	0	CGC40	NC_000913.3	3795979	3796938	NP_418078.1	+	DB=GT9;ID=NP_418078.1	DB=GT9;ID=NP_418078.1
3624	TC	0	0	CGC40	NC_000913.3	3796948	3798207	NP_418079.1	+	DB=gnl|TC-DB|P27243|9.B.67.5.1;ID=NP_418079.1	DB=gnl|TC-DB|P27243|9.B.67.5.1;ID=NP_418079.1
3625	CAZyme	0	0	CGC40	NC_000913.3	3798239	3799312	NP_418080.1	-	DB=GT9;ID=NP_418080.1	DB=GT9;ID=NP_418080.1
3626	CAZyme	1	0	CGC40	NC_000913.3	3799345	3800196	NP_418081.1	-	DB=GT73;ID=NP_418081.1	DB=GT73;ID=NP_418081.1
3627	null	null	null	CGC40	NC_000913.3	3800267	3800965	NP_418081.1	-	;ID=NP_418082.1
3628	CAZyme	0	1	CGC40	NC_000913.3	3800983	3801999	NP_418083.1	-	DB=GT8;ID=NP_418083.1	DB=GT8;ID=NP_418083.1
3629	CAZyme	0	0	CGC40	NC_000913.3	3802039	3803058	NP_418084.1	-	DB=GT8;ID=NP_418084.1	DB=GT8;ID=NP_418084.1
3630	CAZyme	2	0	CGC40	NC_000913.3	3803058	3804137	NP_418085.2	-	DB=GT4;ID=NP_418085.2	DB=GT4;ID=NP_418085.2
3631	null	null	null	CGC40	NC_000913.3	3804181	3805116	NP_418085.2	-	;ID=NP_418086.1
3632	null	null	null	CGC40	NC_000913.3	3805153	3805950	NP_418085.2	-	;ID=NP_418087.1
3633	CAZyme	0	2	CGC40	NC_000913.3	3805943	3807067	NP_418088.1	-	DB=GT4;ID=NP_418088.1	DB=GT4;ID=NP_418088.1
3634	CAZyme	0	0	CGC40	NC_000913.3	3807064	3808098	NP_418089.1	-	DB=GT9;ID=NP_418089.1	DB=GT9;ID=NP_418089.1
3635	CAZyme	13	0	CGC40	NC_000913.3	3808540	3809817	NP_418090.1	+	DB=GT30;ID=NP_418090.1	DB=GT30;ID=NP_418090.1
+++++
3656	TC	0	6	CGC41	NC_000913.3	3827460	3828665	NP_418110.1	-	DB=gnl|TC-DB|P0AER8|2.A.27.1.1;ID=NP_418110.1	DB=gnl|TC-DB|P0AER8|2.A.27.1.1;ID=NP_418110.1
3657	TC	1	0	CGC41	NC_000913.3	3828945	3830336	NP_418111.1	+	DB=gnl|TC-DB|P0AGM9|2.A.40.4.2;ID=NP_418111.1	DB=gnl|TC-DB|P0AGM9|2.A.40.4.2;ID=NP_418111.1
3658	null	null	null	CGC41	NC_000913.3	3830457	3832166	NP_418111.1	+	;ID=NP_418112.1
3659	CAZyme	0	1	CGC41	NC_000913.3	3832219	3834537	NP_418113.1	-	DB=GH31;ID=NP_418113.1	DB=GH31;ID=NP_418113.1
3660	TC	1	0	CGC41	NC_000913.3	3834547	3835929	NP_418114.4	-	DB=gnl|TC-DB|P31435|2.A.2.3.4;ID=NP_418114.4	DB=gnl|TC-DB|P31435|2.A.2.3.4;ID=NP_418114.4
3661	null	null	null	CGC41	NC_000913.3	3836425	3836556	NP_418114.4	+	;ID=cds3604
3662	TC	0	1	CGC41	NC_000913.3	3836953	3838137	NP_418115.1	+	DB=gnl|TC-DB|P31436|2.A.1.20.3;ID=NP_418115.1	DB=gnl|TC-DB|P31436|2.A.1.20.3;ID=NP_418115.1
3663	TC	0	0	CGC41	NC_000913.3	3838248	3839171	NP_418116.1	+	DB=gnl|TC-DB|P31437|2.A.7.3.12;ID=NP_418116.1	DB=gnl|TC-DB|P31437|2.A.7.3.12;ID=NP_418116.1
3664	TC	1	0	CGC41	NC_000913.3	3839175	3839993	NP_418117.1	-	DB=gnl|TC-DB|P28635|3.A.1.24.1;ID=NP_418117.1	DB=gnl|TC-DB|P28635|3.A.1.24.1;ID=NP_418117.1
3665	null	null	null	CGC41	NC_000913.3	3840215	3840508	NP_418117.1	+	;ID=YP_588471.1
3666	TC	1	1	CGC41	NC_000913.3	3840549	3841739	NP_418118.2	-	DB=gnl|TC-DB|P0ADL1|2.A.1.2.26;ID=NP_418118.2	DB=gnl|TC-DB|P0ADL1|2.A.1.2.26;ID=NP_418118.2
3667	null	null	null	CGC41	NC_000913.3	3841950	3842402	NP_418118.2	-	;ID=NP_418119.2
3668	TC	1	1	CGC41	NC_000913.3	3842455	3843789	NP_418120.2	-	DB=gnl|TC-DB|P31440|2.A.40.7.4;ID=NP_418120.2	DB=gnl|TC-DB|P31440|2.A.40.7.4;ID=NP_418120.2
3669	null	null	null	CGC41	NC_000913.3	3843964	3845730	NP_418120.2	+	;ID=NP_418121.1
3670	TC	0	1	CGC41	NC_000913.3	3845776	3847167	NP_418122.1	-	DB=gnl|TC-DB|P0AGC0|2.A.1.4.1;ID=NP_418122.1	DB=gnl|TC-DB|P0AGC0|2.A.1.4.1;ID=NP_418122.1
3671	TC	6	0	CGC41	NC_000913.3	3847305	3848624	NP_418123.2	-	DB=gnl|TC-DB|P09836|2.A.1.4.4;ID=NP_418123.2	DB=gnl|TC-DB|P09836|2.A.1.4.4;ID=NP_418123.2
+++++
3724	CAZyme	0	4	CGC42	NC_000913.3	3899408	3900577	NP_418175.3	-	DB=CE1;ID=NP_418175.3	DB=CE1;ID=NP_418175.3
3725	TC	0	0	CGC42	NC_000913.3	3900604	3902220	NP_418176.1	-	DB=gnl|TC-DB|P26218|1.B.3.1.3;ID=NP_418176.1	DB=gnl|TC-DB|P26218|1.B.3.1.3;ID=NP_418176.1
3726	TC	3	0	CGC42	NC_000913.3	3902289	3903701	NP_418177.1	-	DB=gnl|TC-DB|Q9UEF7|8.A.49.1.1;ID=NP_418177.1	DB=gnl|TC-DB|Q9UEF7|8.A.49.1.1;ID=NP_418177.1
+++++
3790	TC	0	7	CGC43	NC_000913.3	3976278	3977528	NP_418239.1	+	DB=gnl|TC-DB|P0AAA7|2.A.66.2.3;ID=NP_418239.1	DB=gnl|TC-DB|P0AAA7|2.A.66.2.3;ID=NP_418239.1
3791	CAZyme	0	0	CGC43	NC_000913.3	3977525	3978604	YP_026257.1	+	DB=GT56;ID=YP_026257.1	DB=GT56;ID=YP_026257.1
3792	TC	0	0	CGC43	NC_000913.3	3978601	3979953	NP_418241.1	+	DB=gnl|TC-DB|B6I4D1|9.B.128.1.1;ID=NP_418241.1	DB=gnl|TC-DB|B6I4D1|9.B.128.1.1;ID=NP_418241.1
3793	CAZyme	0	0	CGC43	NC_000913.3	3979956	3980696	NP_418242.1	+	DB=GT26;ID=NP_418242.1	DB=GT26;ID=NP_418242.1
3794	TC	7	0	CGC43	NC_000913.3	3980887	3982272	YP_026258.1	+	DB=gnl|TC-DB|P27837|2.A.3.1.15;ID=YP_026258.1	DB=gnl|TC-DB|P27837|2.A.3.1.15;ID=YP_026258.1
+++++
3861	TC	0	19	CGC44	NC_000913.3	4062247	4063512	NP_418310.1	+	DB=gnl|TC-DB|P32135|2.A.1.52.1;ID=NP_418310.1	DB=gnl|TC-DB|P32135|2.A.1.52.1;ID=NP_418310.1
3862	TC	0	0	CGC44	NC_000913.3	4063603	4064295	NP_418311.1	-	DB=gnl|TC-DB|P76773|1.B.35.2.2;ID=NP_418311.1	DB=gnl|TC-DB|P76773|1.B.35.2.2;ID=NP_418311.1
3863	TC	0	0	CGC44	NC_000913.3	4064363	4065766	YP_026275.1	-	DB=gnl|TC-DB|P32137|2.A.2.3.9;ID=YP_026275.1	DB=gnl|TC-DB|P32137|2.A.2.3.9;ID=YP_026275.1
3864	TC	0	0	CGC44	NC_000913.3	4065809	4067194	NP_418313.4	-	DB=gnl|TC-DB|P32137|2.A.2.3.9;ID=NP_418313.4	DB=gnl|TC-DB|P32137|2.A.2.3.9;ID=NP_418313.4
3865	CAZyme	7	0	CGC44	NC_000913.3	4067240	4069276	NP_418314.1	-	DB=GH31;ID=NP_418314.1	DB=GH31;ID=NP_418314.1
+++++
3928	CAZyme	0	6	CGC45	NC_000913.3	4133835	4136015	NP_418377.1	+	DB=AA2;ID=NP_418377.1	DB=AA2;ID=NP_418377.1
3929	TC	3	0	CGC45	NC_000913.3	4136108	4137013	NP_418378.4	+	DB=gnl|TC-DB|P0ABT9|2.A.7.3.26;ID=NP_418378.4	DB=gnl|TC-DB|P0ABT9|2.A.7.3.26;ID=NP_418378.4
+++++
4098	CAZyme	0	3	CGC46	NC_000913.3	4341911	4343266	NP_418543.1	+	DB=GH4;ID=NP_418543.1	DB=GH4;ID=NP_418543.1
4099	TC	2	0	CGC46	NC_000913.3	4343369	4344790	NP_418544.2	+	DB=gnl|TC-DB|A7ZUZ0|2.A.2.1.1;ID=NP_418544.2	DB=gnl|TC-DB|A7ZUZ0|2.A.2.1.1;ID=NP_418544.2
4100	null	null	null	CGC46	NC_000913.3	4344929	4345558	NP_418544.2	-	;ID=NP_418545.1
4101	null	null	null	CGC46	NC_000913.3	4345680	4347326	NP_418544.2	-	;ID=NP_418546.1
4102	TC	7	2	CGC46	NC_000913.3	4347404	4348744	NP_418547.1	-	DB=gnl|TC-DB|P0ABN9|2.A.13.1.2;ID=NP_418547.1	DB=gnl|TC-DB|P0ABN9|2.A.13.1.2;ID=NP_418547.1
+++++
4294	CAZyme	1	8	CGC47	NC_000913.3	4536614	4537594	NP_418729.1	-	DB=CE0;ID=NP_418729.1	DB=CE0;ID=NP_418729.1
4295	null	null	null	CGC47	NC_000913.3	4537659	4538765	NP_418729.1	-	;ID=NP_418730.4
4296	TC	3	1	CGC47	NC_000913.3	4538785	4539501	NP_418731.2	-	DB=gnl|TC-DB|P69856|1.B.35.2.1;ID=NP_418731.2	DB=gnl|TC-DB|P69856|1.B.35.2.1;ID=NP_418731.2
+++++
4372	TC	0	24	CGC48	NC_000913.3	4627315	4628547	NP_418807.4	+	DB=gnl|TC-DB|P24518|4.B.1.1.1;ID=NP_418807.4	DB=gnl|TC-DB|P24518|4.B.1.1.1;ID=NP_418807.4
4373	TC	0	0	CGC48	NC_000913.3	4628855	4630522	NP_418808.1	-	DB=gnl|TC-DB|P43672|3.A.1.120.6;ID=NP_418808.1	DB=gnl|TC-DB|P43672|3.A.1.120.6;ID=NP_418808.1
4374	CAZyme	null	0	CGC48	NC_000913.3	4630733	4632670	NP_418809.4	+	DB=GH23;ID=NP_418809.4	DB=GH23;ID=NP_418809.4
+++++
