NP_414546.1                0.767  24  0.810  24  0.924  19  0.870   0.834 Y  0.450      SignalP-TM
NP_414546.1                0.841  24  0.894  24  0.984  12  0.949   0.920 Y  0.570      SignalP-noTM
NP_414554.1                0.601  24  0.673  24  0.860   7  0.767   0.710 Y  0.450      SignalP-TM
NP_414554.1                0.727  24  0.764  24  0.930   4  0.840   0.800 Y  0.570      SignalP-noTM
NP_414595.1                0.459  21  0.570  21  0.870  20  0.651   0.602 Y  0.450      SignalP-TM
NP_414595.1                0.795  21  0.843  21  0.945  19  0.882   0.861 Y  0.570      SignalP-noTM
NP_414596.1                0.202  25  0.350  25  0.772   1  0.630   0.459 Y  0.450      SignalP-TM
NP_414596.1                0.626  25  0.729  25  0.949  18  0.843   0.782 Y  0.570      SignalP-noTM
NP_414610.1                0.187  32  0.325  19  0.941   8  0.863   0.535 Y  0.450      SignalP-TM
NP_414610.1                0.685  19  0.791  19  0.938   9  0.899   0.842 Y  0.570      SignalP-noTM
NP_414639.2                0.366  38  0.532  38  0.930  36  0.500   0.519 Y  0.450      SignalP-TM
NP_414639.2                0.527  38  0.594  38  0.749  27  0.466   0.546 Y  0.510      SignalP-TM
NP_414659.1                0.130  67  0.301  24  0.949   9  0.778   0.487 Y  0.450      SignalP-TM
NP_414659.1                0.224  23  0.445  23  0.953   6  0.910   0.664 Y  0.570      SignalP-noTM
NP_414664.4                0.239  23  0.437  23  0.905   3  0.823   0.618 Y  0.570      SignalP-noTM
NP_414664.4                0.296  29  0.364  29  0.812   1  0.599   0.456 Y  0.450      SignalP-TM
NP_414665.1                0.756  29  0.672  29  0.736   2  0.630   0.656 Y  0.450      SignalP-TM
NP_414665.1                0.821  29  0.767  29  0.885  23  0.755   0.761 Y  0.570      SignalP-noTM
NP_414672.1                0.306  33  0.353  20  0.868  17  0.816   0.534 Y  0.450      SignalP-TM
NP_414672.1                0.838  20  0.907  20  0.991  15  0.970   0.937 Y  0.570      SignalP-noTM
NP_414677.1                0.534  23  0.617  23  0.766  14  0.701   0.650 Y  0.450      SignalP-TM
NP_414677.1                0.677  23  0.792  23  0.977  14  0.926   0.855 Y  0.570      SignalP-noTM
NP_414678.1                0.321  29  0.514  29  0.874  25  0.777   0.616 Y  0.450      SignalP-TM
NP_414678.1                0.766  29  0.859  29  0.990  19  0.940   0.897 Y  0.570      SignalP-noTM
NP_414679.1                0.542  29  0.589  29  0.878  12  0.745   0.650 Y  0.450      SignalP-TM
NP_414679.1                0.815  29  0.866  29  0.975  17  0.919   0.891 Y  0.570      SignalP-noTM
NP_414680.4                0.208  24  0.397  24  0.852  22  0.745   0.533 Y  0.450      SignalP-TM
NP_414680.4                0.878  24  0.887  24  0.978  22  0.853   0.871 Y  0.570      SignalP-noTM
NP_414681.1                0.677  30  0.682  30  0.859  29  0.641   0.663 Y  0.570      SignalP-noTM
NP_414682.1                0.174  31  0.320  26  0.868   9  0.720   0.476 Y  0.450      SignalP-TM
NP_414682.1                0.667  26  0.694  26  0.882   8  0.778   0.733 Y  0.570      SignalP-noTM
NP_414683.1                0.640  24  0.672  24  0.831   5  0.749   0.702 Y  0.450      SignalP-TM
NP_414683.1                0.713  24  0.790  24  0.945  12  0.897   0.840 Y  0.570      SignalP-noTM
NP_414692.1                0.518  34  0.645  34  0.899  30  0.829   0.717 Y  0.450      SignalP-TM
NP_414692.1                0.805  34  0.797  34  0.969  30  0.764   0.782 Y  0.570      SignalP-noTM
NP_414694.1                0.749  31  0.704  31  0.786  23  0.517   0.635 Y  0.510      SignalP-TM
NP_414694.1                0.761  31  0.676  31  0.705  26  0.625   0.656 Y  0.450      SignalP-TM
NP_414695.1                0.636  32  0.514  32  0.857   4  0.579   0.539 Y  0.450      SignalP-TM
NP_414700.1                0.432  23  0.602  23  0.912   7  0.859   0.702 Y  0.450      SignalP-TM
NP_414700.1                0.751  23  0.848  23  0.983  18  0.954   0.898 Y  0.570      SignalP-noTM
NP_414703.1                0.677  27  0.805  27  0.975  15  0.951   0.862 Y  0.450      SignalP-TM
NP_414703.1                0.841  27  0.899  27  0.991  12  0.966   0.930 Y  0.570      SignalP-noTM
NP_414719.1                0.233  22  0.376  22  0.833   2  0.664   0.488 Y  0.450      SignalP-TM
NP_414719.1                0.641  21  0.742  21  0.911   1  0.866   0.800 Y  0.570      SignalP-noTM
NP_414720.1                0.573  21  0.616  21  0.813   1  0.685   0.643 Y  0.450      SignalP-TM
NP_414720.1                0.881  21  0.904  21  0.968  17  0.909   0.906 Y  0.570      SignalP-noTM
NP_414734.1                0.226  36  0.390  20  0.901  16  0.863   0.613 Y  0.570      SignalP-noTM
NP_414734.1                0.672  36  0.449  36  0.840  15  0.595   0.506 Y  0.450      SignalP-TM
NP_414735.4                0.176  26  0.370  26  0.929  16  0.810   0.577 Y  0.570      SignalP-noTM
NP_414735.4                0.270  35  0.416  35  0.907  19  0.713   0.532 Y  0.450      SignalP-TM
NP_414738.1                0.173  32  0.377  20  0.937  14  0.888   0.576 Y  0.450      SignalP-TM
NP_414738.1                0.182  23  0.389  23  0.940  17  0.846   0.604 Y  0.570      SignalP-noTM
NP_414747.1                0.373  27  0.537  27  0.868   8  0.780   0.632 Y  0.450      SignalP-TM
NP_414752.1                0.197  21  0.414  21  0.927  19  0.877   0.631 Y  0.570      SignalP-noTM
NP_414752.1                0.360  26  0.553  26  0.949   7  0.879   0.680 Y  0.450      SignalP-TM
NP_414755.1                0.454  29  0.600  29  0.883  12  0.785   0.673 Y  0.450      SignalP-TM
NP_414755.1                0.849  29  0.848  29  0.953  17  0.830   0.840 Y  0.570      SignalP-noTM
NP_414759.1                0.254  34  0.403  27  0.923  14  0.779   0.550 Y  0.450      SignalP-TM
NP_414759.1                0.740  20  0.849  20  0.986  11  0.963   0.903 Y  0.570      SignalP-noTM
NP_414762.1                0.565  28  0.632  28  0.845  12  0.720   0.666 Y  0.450      SignalP-TM
NP_414762.1                0.582  26  0.736  26  0.964  22  0.903   0.815 Y  0.570      SignalP-noTM
NP_414776.1                0.253  22  0.447  22  0.912  19  0.801   0.585 Y  0.450      SignalP-TM
NP_414776.1                0.841  22  0.849  22  0.912   2  0.851   0.850 Y  0.570      SignalP-noTM
NP_414784.1                0.357  24  0.529  24  0.928   7  0.829   0.646 Y  0.450      SignalP-TM
NP_414784.1                0.716  24  0.808  24  0.978   9  0.931   0.866 Y  0.570      SignalP-noTM
NP_414785.4                0.172  31  0.276  12  0.861   2  0.761   0.465 Y  0.450      SignalP-TM
NP_414785.4                0.302  21  0.482  21  0.945   1  0.818   0.640 Y  0.570      SignalP-noTM
NP_414823.2                0.225  22  0.456  22  0.960  15  0.916   0.635 Y  0.450      SignalP-TM
NP_414823.2                0.534  28  0.710  28  0.991  19  0.944   0.820 Y  0.570      SignalP-noTM
NP_414824.1                0.366  24  0.542  24  0.863  17  0.743   0.621 Y  0.450      SignalP-TM
NP_414825.1                0.454  30  0.501  30  0.667  16  0.538   0.515 Y  0.450      SignalP-TM
NP_414825.1                0.522  30  0.552  30  0.777  20  0.639   0.593 Y  0.570      SignalP-noTM
NP_414826.1                0.498  21  0.579  21  0.791   2  0.692   0.623 Y  0.450      SignalP-TM
NP_414826.1                0.828  21  0.782  21  0.906  17  0.755   0.769 Y  0.570      SignalP-noTM
NP_414827.1                0.774  23  0.850  23  0.966  18  0.906   0.872 Y  0.450      SignalP-TM
NP_414827.1                0.863  23  0.907  23  0.974  19  0.941   0.923 Y  0.570      SignalP-noTM
NP_414837.2                0.272  23  0.417  23  0.922   3  0.736   0.541 Y  0.450      SignalP-TM
NP_414837.2                0.662  23  0.677  23  0.920   2  0.772   0.722 Y  0.570      SignalP-noTM
NP_414858.1                0.418  34  0.585  34  0.941  30  0.669   0.618 Y  0.450      SignalP-TM
NP_414858.1                0.674  34  0.699  34  0.929  30  0.561   0.634 Y  0.570      SignalP-noTM
NP_414863.1                0.500  22  0.607  22  0.854   2  0.757   0.665 Y  0.450      SignalP-TM
NP_414863.1                0.850  22  0.870  22  0.918  11  0.874   0.872 Y  0.570      SignalP-noTM
NP_414892.1                0.169  29  0.295  20  0.801   9  0.697   0.451 Y  0.450      SignalP-TM
NP_414892.1                0.841  20  0.884  20  0.950  10  0.919   0.900 Y  0.570      SignalP-noTM
NP_414899.2                0.495  42  0.395  23  0.880  19  0.739   0.529 Y  0.450      SignalP-TM
NP_414899.2                0.816  23  0.862  23  0.962  19  0.914   0.886 Y  0.570      SignalP-noTM
NP_414910.1                0.350  22  0.562  22  0.950   5  0.913   0.699 Y  0.450      SignalP-TM
NP_414910.1                0.613  22  0.753  22  0.954  11  0.924   0.834 Y  0.570      SignalP-noTM
NP_414912.1                0.286  32  0.432  32  0.922  11  0.788   0.571 Y  0.450      SignalP-TM
NP_414912.1                0.354  26  0.527  26  0.929   2  0.844   0.676 Y  0.570      SignalP-noTM
NP_414917.2                0.248  22  0.409  22  0.794  12  0.688   0.518 Y  0.450      SignalP-TM
NP_414917.2                0.408  22  0.517  22  0.848   1  0.681   0.594 Y  0.570      SignalP-noTM
NP_414918.4                0.376  22  0.482  22  0.707  20  0.604   0.527 Y  0.510      SignalP-TM
NP_414918.4                0.529  22  0.642  22  0.881   6  0.808   0.707 Y  0.450      SignalP-TM
NP_414945.1                0.621  23  0.719  23  0.909  19  0.849   0.770 Y  0.450      SignalP-TM
NP_414945.1                0.882  23  0.888  23  0.940  19  0.902   0.894 Y  0.570      SignalP-noTM
NP_414946.4                0.176  24  0.352  24  0.820   6  0.738   0.503 Y  0.450      SignalP-TM
NP_414946.4                0.215  24  0.403  19  0.933   1  0.816   0.597 Y  0.570      SignalP-noTM
NP_414968.4                0.216  28  0.357  28  0.947  11  0.755   0.513 Y  0.450      SignalP-TM
NP_414968.4                0.403  20  0.617  20  0.962  15  0.935   0.766 Y  0.570      SignalP-noTM
NP_414976.1                0.329  26  0.565  26  0.977  22  0.929   0.707 Y  0.450      SignalP-TM
NP_414976.1                0.681  26  0.807  26  0.988  15  0.939   0.869 Y  0.570      SignalP-noTM
NP_414985.1                0.330  23  0.526  23  0.885  10  0.783   0.626 Y  0.450      SignalP-TM
NP_414985.1                0.645  23  0.739  23  0.911  13  0.782   0.755 Y  0.510      SignalP-TM
NP_414987.3                0.274  33  0.440  21  0.925  17  0.846   0.598 Y  0.450      SignalP-TM
NP_414987.3                0.379  18  0.586  18  0.936  17  0.906   0.737 Y  0.570      SignalP-noTM
NP_414996.1                0.194  22  0.391  22  0.930  21  0.827   0.596 Y  0.570      SignalP-noTM
NP_414996.1                0.332  31  0.428  31  0.814   5  0.655   0.516 Y  0.450      SignalP-TM
NP_414998.1                0.323  34  0.475  34  0.789  27  0.572   0.511 Y  0.510      SignalP-TM
NP_414998.1                0.339  34  0.531  34  0.881  24  0.760   0.620 Y  0.450      SignalP-TM
NP_415013.1                0.531  26  0.567  26  0.788   3  0.674   0.609 Y  0.450      SignalP-TM
NP_415013.1                0.748  26  0.758  26  0.918  17  0.794   0.775 Y  0.570      SignalP-noTM
NP_415031.1                0.367  18  0.538  18  0.909   2  0.811   0.666 Y  0.570      SignalP-noTM
NP_415063.4                0.530  23  0.637  23  0.916   2  0.809   0.704 Y  0.450      SignalP-TM
NP_415063.4                0.832  23  0.882  23  0.985   9  0.946   0.912 Y  0.570      SignalP-noTM
NP_415064.1                0.465  41  0.351  24  0.832  14  0.670   0.475 Y  0.450      SignalP-TM
NP_415064.1                0.844  24  0.764  24  0.793  21  0.644   0.720 Y  0.510      SignalP-TM
NP_415066.2                0.186  19  0.400  15  0.924   7  0.881   0.626 Y  0.570      SignalP-noTM
NP_415066.2                0.277  25  0.429  25  0.813   7  0.706   0.537 Y  0.450      SignalP-TM
NP_415067.1                0.189  21  0.371  21  0.866   4  0.756   0.521 Y  0.450      SignalP-TM
NP_415067.1                0.763  21  0.810  21  0.925  19  0.850   0.829 Y  0.570      SignalP-noTM
NP_415077.1                0.283  22  0.498  22  0.957  19  0.854   0.637 Y  0.450      SignalP-TM
NP_415077.1                0.717  20  0.826  20  0.970  19  0.944   0.882 Y  0.570      SignalP-noTM
NP_415089.1                0.238  55  0.447  21  0.944  18  0.896   0.622 Y  0.450      SignalP-TM
NP_415089.1                0.303  21  0.532  21  0.964  17  0.932   0.720 Y  0.570      SignalP-noTM
NP_415097.1                0.260  35  0.397  21  0.912  16  0.806   0.556 Y  0.450      SignalP-TM
NP_415097.1                0.295  21  0.495  21  0.924  14  0.807   0.642 Y  0.570      SignalP-noTM
NP_415099.1                0.371  21  0.523  21  0.857   4  0.764   0.617 Y  0.450      SignalP-TM
NP_415099.1                0.600  21  0.547  21  0.700   2  0.517   0.536 Y  0.510      SignalP-TM
NP_415100.1                0.836  28  0.794  28  0.905  24  0.697   0.748 Y  0.570      SignalP-noTM
NP_415104.1                0.310  29  0.401  29  0.914   5  0.674   0.508 Y  0.450      SignalP-TM
NP_415104.1                0.405  22  0.578  22  0.918  20  0.835   0.699 Y  0.570      SignalP-noTM
NP_415105.1                0.444  23  0.571  23  0.859   1  0.762   0.661 Y  0.570      SignalP-noTM
NP_415105.1                0.541  23  0.606  23  0.898  19  0.673   0.632 Y  0.450      SignalP-TM
NP_415106.1                0.607  29  0.628  29  0.852  18  0.639   0.632 Y  0.450      SignalP-TM
NP_415116.1                0.531  23  0.579  23  0.865  18  0.550   0.568 Y  0.450      SignalP-TM
NP_415116.1                0.836  23  0.802  23  0.872  20  0.714   0.761 Y  0.570      SignalP-noTM
NP_415124.1                0.539  27  0.601  27  0.771  20  0.658   0.623 Y  0.450      SignalP-TM
NP_415124.1                0.581  27  0.723  27  0.957  22  0.911   0.811 Y  0.570      SignalP-noTM
NP_415137.2                0.292  27  0.429  18  0.841  15  0.747   0.553 Y  0.450      SignalP-TM
NP_415137.2                0.618  18  0.744  18  0.920  13  0.889   0.812 Y  0.570      SignalP-noTM
NP_415144.1                0.224  26  0.420  26  0.883  12  0.791   0.565 Y  0.450      SignalP-TM
NP_415144.1                0.538  24  0.709  24  0.978  11  0.941   0.818 Y  0.570      SignalP-noTM
NP_415155.1                0.518  28  0.566  28  0.800  21  0.536   0.554 Y  0.450      SignalP-TM
NP_415165.1                0.557  30  0.643  30  0.940  12  0.810   0.708 Y  0.450      SignalP-TM
NP_415165.1                0.737  30  0.806  30  0.963  16  0.896   0.848 Y  0.570      SignalP-noTM
NP_415188.1                0.435  23  0.603  23  0.935  19  0.816   0.686 Y  0.450      SignalP-TM
NP_415188.1                0.775  23  0.848  23  0.950  17  0.919   0.881 Y  0.570      SignalP-noTM
NP_415207.1                0.272  33  0.432  27  0.916  22  0.849   0.628 Y  0.570      SignalP-noTM
NP_415207.1                0.565  33  0.533  33  0.862   2  0.663   0.584 Y  0.450      SignalP-TM
NP_415208.1                0.224  25  0.399  25  0.937   6  0.785   0.549 Y  0.450      SignalP-TM
NP_415208.1                0.487  19  0.659  19  0.915  10  0.891   0.768 Y  0.570      SignalP-noTM
NP_415215.1                0.444  25  0.640  25  0.965  20  0.921   0.772 Y  0.570      SignalP-noTM
NP_415215.1                0.547  25  0.697  25  0.936  12  0.877   0.767 Y  0.450      SignalP-TM
NP_415232.1                0.332  26  0.442  26  0.830  18  0.635   0.517 Y  0.450      SignalP-TM
NP_415232.1                0.787  20  0.830  20  0.940  15  0.878   0.852 Y  0.570      SignalP-noTM
NP_415244.4                0.469  24  0.569  24  0.826   8  0.690   0.616 Y  0.450      SignalP-TM
NP_415245.1                0.210  21  0.375  21  0.803   7  0.686   0.496 Y  0.450      SignalP-TM
NP_415245.1                0.795  21  0.791  21  0.896   1  0.801   0.796 Y  0.570      SignalP-noTM
NP_415246.2                0.662  22  0.716  22  0.884  10  0.782   0.742 Y  0.450      SignalP-TM
NP_415246.2                0.840  22  0.866  22  0.939   8  0.897   0.881 Y  0.570      SignalP-noTM
NP_415247.1                0.461  24  0.560  24  0.810  23  0.677   0.606 Y  0.450      SignalP-TM
NP_415247.1                0.878  24  0.862  24  0.924  23  0.848   0.855 Y  0.570      SignalP-noTM
NP_415269.1                0.235  21  0.472  21  0.977  18  0.911   0.644 Y  0.450      SignalP-TM
NP_415269.1                0.500  29  0.534  21  0.965  18  0.907   0.709 Y  0.570      SignalP-noTM
NP_415270.1                0.231  27  0.419  27  0.818  18  0.737   0.543 Y  0.450      SignalP-TM
NP_415270.1                0.495  27  0.654  27  0.953  22  0.868   0.755 Y  0.570      SignalP-noTM
NP_415274.1                0.634  25  0.784  25  0.986  16  0.970   0.856 Y  0.450      SignalP-TM
NP_415274.1                0.845  25  0.903  25  0.992  12  0.970   0.934 Y  0.570      SignalP-noTM
NP_415284.1                0.620  25  0.588  25  0.773   7  0.612   0.597 Y  0.450      SignalP-TM
NP_415284.1                0.754  25  0.741  25  0.956  10  0.828   0.782 Y  0.570      SignalP-noTM
NP_415293.1                0.274  24  0.484  24  0.962  20  0.890   0.675 Y  0.570      SignalP-noTM
NP_415293.1                0.334  24  0.547  24  0.956  11  0.899   0.685 Y  0.450      SignalP-TM
NP_415323.1                0.378  23  0.587  23  0.935  14  0.870   0.697 Y  0.450      SignalP-TM
NP_415323.1                0.811  23  0.876  23  0.964  18  0.940   0.906 Y  0.570      SignalP-noTM
NP_415326.1                0.393  34  0.558  34  0.897  30  0.620   0.582 Y  0.450      SignalP-TM
NP_415326.1                0.525  34  0.594  34  0.875  28  0.653   0.621 Y  0.570      SignalP-noTM
NP_415327.2                0.672  23  0.768  23  0.915  17  0.878   0.811 Y  0.450      SignalP-TM
NP_415327.2                0.869  23  0.911  23  0.982  19  0.944   0.926 Y  0.570      SignalP-noTM
NP_415329.4                0.192  19  0.404  19  0.926  15  0.814   0.564 Y  0.450      SignalP-TM
NP_415329.4                0.624  19  0.778  19  0.980  11  0.940   0.854 Y  0.570      SignalP-noTM
NP_415332.1                0.623  23  0.741  23  0.943  16  0.877   0.794 Y  0.450      SignalP-TM
NP_415332.1                0.851  23  0.872  23  0.955  17  0.901   0.886 Y  0.570      SignalP-noTM
NP_415335.1                0.582  24  0.744  24  0.977  14  0.947   0.823 Y  0.450      SignalP-TM
NP_415335.1                0.630  24  0.775  24  0.993  11  0.961   0.863 Y  0.570      SignalP-noTM
NP_415340.1                0.435  25  0.619  25  0.945   9  0.881   0.721 Y  0.450      SignalP-TM
NP_415340.1                0.584  25  0.734  25  0.984  10  0.937   0.829 Y  0.570      SignalP-noTM
NP_415351.1                0.520  27  0.674  27  0.913  20  0.828   0.734 Y  0.450      SignalP-TM
NP_415351.1                0.582  27  0.736  27  0.969  20  0.911   0.819 Y  0.570      SignalP-noTM
NP_415358.1                0.211  24  0.399  24  0.853  10  0.757   0.539 Y  0.450      SignalP-TM
NP_415358.1                0.629  21  0.766  21  0.966  19  0.919   0.838 Y  0.570      SignalP-noTM
NP_415360.1                0.800  28  0.813  28  0.894  24  0.726   0.779 Y  0.450      SignalP-TM
NP_415360.1                0.887  28  0.902  28  0.957  18  0.911   0.906 Y  0.570      SignalP-noTM
NP_415364.1                0.450  23  0.618  23  0.915  14  0.851   0.709 Y  0.450      SignalP-TM
NP_415364.1                0.874  23  0.915  23  0.982  11  0.958   0.935 Y  0.570      SignalP-noTM
NP_415375.1                0.387  27  0.511  27  0.782  10  0.683   0.578 Y  0.450      SignalP-TM
NP_415375.1                0.731  27  0.778  27  0.911  13  0.851   0.813 Y  0.570      SignalP-noTM
NP_415381.1                0.468  20  0.624  20  0.901  16  0.840   0.708 Y  0.450      SignalP-TM
NP_415381.1                0.849  20  0.889  20  0.958  16  0.926   0.906 Y  0.570      SignalP-noTM
NP_415384.1                0.387  27  0.493  27  0.891  16  0.721   0.582 Y  0.450      SignalP-TM
NP_415384.1                0.883  20  0.909  20  0.949  16  0.922   0.915 Y  0.570      SignalP-noTM
NP_415386.1                0.376  28  0.520  28  0.956   8  0.821   0.637 Y  0.450      SignalP-TM
NP_415386.1                0.445  28  0.535  28  0.957  13  0.811   0.665 Y  0.570      SignalP-noTM
NP_415388.1                0.182  21  0.374  21  0.922   1  0.802   0.575 Y  0.570      SignalP-noTM
NP_415411.2                0.561  24  0.689  24  0.918   7  0.873   0.761 Y  0.450      SignalP-TM
NP_415411.2                0.602  22  0.742  22  0.957   9  0.921   0.826 Y  0.570      SignalP-noTM
NP_415429.2                0.386  26  0.506  26  0.905   1  0.764   0.607 Y  0.450      SignalP-TM
NP_415445.1                0.448  31  0.572  31  0.976  11  0.843   0.699 Y  0.570      SignalP-noTM
NP_415445.1                0.687  31  0.717  31  0.950  13  0.824   0.759 Y  0.450      SignalP-TM
NP_415446.1                0.714  31  0.595  31  0.703  20  0.488   0.553 Y  0.450      SignalP-TM
NP_415449.1                0.824  23  0.821  23  0.930   6  0.838   0.828 Y  0.450      SignalP-TM
NP_415449.1                0.883  23  0.888  23  0.945   3  0.906   0.896 Y  0.570      SignalP-noTM
NP_415456.4                0.550  22  0.676  22  0.883  11  0.824   0.734 Y  0.450      SignalP-TM
NP_415456.4                0.876  22  0.892  22  0.956  18  0.907   0.899 Y  0.570      SignalP-noTM
NP_415458.2                0.485  22  0.659  22  0.957  19  0.894   0.750 Y  0.450      SignalP-TM
NP_415458.2                0.807  22  0.861  22  0.941  20  0.913   0.885 Y  0.570      SignalP-noTM
NP_415459.1                0.520  27  0.613  27  0.917  10  0.760   0.671 Y  0.450      SignalP-TM
NP_415459.1                0.835  27  0.868  27  0.958  15  0.904   0.885 Y  0.570      SignalP-noTM
NP_415460.1                0.472  36  0.509  36  0.717  25  0.555   0.527 Y  0.450      SignalP-TM
NP_415461.1                0.166  29  0.345  29  0.906  25  0.656   0.466 Y  0.450      SignalP-TM
NP_415461.1                0.334  31  0.552  31  0.968  16  0.875   0.704 Y  0.570      SignalP-noTM
NP_415462.1                0.193  25  0.353  25  0.811  13  0.638   0.464 Y  0.450      SignalP-TM
NP_415462.1                0.653  25  0.714  25  0.909  19  0.809   0.758 Y  0.570      SignalP-noTM
NP_415477.1                0.816  22  0.829  22  0.930  18  0.839   0.833 Y  0.450      SignalP-TM
NP_415477.1                0.872  22  0.894  22  0.963  18  0.920   0.906 Y  0.570      SignalP-noTM
NP_415484.1                0.435  21  0.493  21  0.720  12  0.567   0.522 Y  0.450      SignalP-TM
NP_415484.1                0.531  21  0.657  21  0.882  18  0.816   0.732 Y  0.570      SignalP-noTM
NP_415491.1                0.589  46  0.486  46  0.686  23  0.419   0.460 Y  0.450      SignalP-TM
NP_415500.1                0.793  23  0.781  23  0.892   8  0.808   0.794 Y  0.570      SignalP-noTM
NP_415500.1                0.845  23  0.783  23  0.832   9  0.741   0.767 Y  0.450      SignalP-TM
NP_415503.1                0.176  32  0.359  32  0.959  10  0.846   0.549 Y  0.450      SignalP-TM
NP_415503.1                0.202  23  0.435  23  0.965  12  0.939   0.672 Y  0.570      SignalP-noTM
NP_415504.1                0.187  22  0.391  22  0.918  17  0.815   0.557 Y  0.450      SignalP-TM
NP_415504.1                0.783  22  0.806  22  0.905  20  0.848   0.826 Y  0.570      SignalP-noTM
NP_415505.1                0.723  23  0.691  23  0.930  20  0.640   0.667 Y  0.570      SignalP-noTM
NP_415506.1                0.315  20  0.495  20  0.892  19  0.767   0.623 Y  0.570      SignalP-noTM
NP_415507.2                0.518  22  0.708  22  0.982  18  0.962   0.807 Y  0.450      SignalP-TM
NP_415507.2                0.858  22  0.915  22  0.985  17  0.969   0.935 Y  0.510      SignalP-TM
NP_415514.1                0.440  19  0.553  19  0.871   3  0.738   0.625 Y  0.450      SignalP-TM
NP_415514.1                0.789  19  0.868  19  0.967  18  0.949   0.906 Y  0.570      SignalP-noTM
NP_415517.1                0.607  43  0.572  43  0.804  36  0.485   0.538 Y  0.450      SignalP-TM
NP_415522.1                0.792  23  0.769  23  0.851  19  0.731   0.754 Y  0.450      SignalP-TM
NP_415522.1                0.880  23  0.879  23  0.942  19  0.875   0.877 Y  0.570      SignalP-noTM
NP_415537.1                0.490  27  0.653  27  0.928  12  0.819   0.718 Y  0.450      SignalP-TM
NP_415537.1                0.767  27  0.842  27  0.976  23  0.921   0.879 Y  0.570      SignalP-noTM
NP_415538.1                0.350  36  0.537  36  0.935  32  0.548   0.541 Y  0.450      SignalP-TM
NP_415538.1                0.748  36  0.710  36  0.877  32  0.557   0.639 Y  0.570      SignalP-noTM
NP_415542.1                0.199  26  0.364  26  0.735  18  0.630   0.468 Y  0.450      SignalP-TM
NP_415543.1                0.178  33  0.390  33  0.972  22  0.883   0.583 Y  0.450      SignalP-TM
NP_415543.1                0.331  33  0.540  33  0.992  20  0.888   0.703 Y  0.570      SignalP-noTM
NP_415555.1                0.522  25  0.642  25  0.933  11  0.843   0.720 Y  0.450      SignalP-TM
NP_415555.1                0.544  20  0.697  20  0.936  17  0.889   0.787 Y  0.570      SignalP-noTM
NP_415556.1                0.170  53  0.357  22  0.935  18  0.872   0.557 Y  0.450      SignalP-TM
NP_415556.1                0.853  20  0.902  20  0.985  18  0.937   0.918 Y  0.570      SignalP-noTM
NP_415557.1                0.789  23  0.722  23  0.843  16  0.688   0.706 Y  0.570      SignalP-noTM
NP_415559.1                0.530  22  0.708  22  0.968  19  0.937   0.816 Y  0.570      SignalP-noTM
NP_415559.1                0.544  22  0.669  22  0.911  18  0.838   0.735 Y  0.450      SignalP-TM
NP_415560.1                0.143  21  0.350  21  0.923  18  0.847   0.544 Y  0.450      SignalP-TM
NP_415560.1                0.854  21  0.879  21  0.951  17  0.917   0.897 Y  0.570      SignalP-noTM
NP_415562.1                0.203  23  0.350  23  0.815  12  0.637   0.462 Y  0.450      SignalP-TM
NP_415562.1                0.463  23  0.502  23  0.682   9  0.574   0.529 Y  0.510      SignalP-TM
NP_415566.1                0.294  25  0.455  25  0.881   7  0.766   0.577 Y  0.450      SignalP-TM
NP_415566.1                0.708  23  0.813  23  0.954  11  0.930   0.868 Y  0.570      SignalP-noTM
NP_415574.1                0.646  23  0.700  23  0.916   6  0.793   0.736 Y  0.450      SignalP-TM
NP_415574.1                0.827  23  0.837  23  0.931   7  0.877   0.856 Y  0.570      SignalP-noTM
NP_415590.1                0.262  24  0.458  24  0.921  12  0.804   0.593 Y  0.450      SignalP-TM
NP_415590.1                0.722  22  0.813  22  0.975  20  0.898   0.853 Y  0.570      SignalP-noTM
NP_415597.1                0.232  34  0.417  34  0.808  31  0.701   0.528 Y  0.450      SignalP-TM
NP_415597.1                0.235  24  0.452  24  0.922  20  0.854   0.641 Y  0.570      SignalP-noTM
NP_415598.3                0.326  20  0.458  20  0.860   2  0.687   0.547 Y  0.450      SignalP-TM
NP_415598.3                0.783  20  0.815  20  0.914  16  0.839   0.826 Y  0.570      SignalP-noTM
NP_415600.1                0.381  18  0.474  18  0.699  16  0.558   0.507 Y  0.450      SignalP-TM
NP_415620.1                0.436  37  0.620  37  0.955  33  0.599   0.612 Y  0.450      SignalP-TM
NP_415620.1                0.821  37  0.887  37  0.978  33  0.775   0.834 Y  0.570      SignalP-noTM
NP_415622.1                0.172  24  0.363  24  0.853  19  0.760   0.518 Y  0.450      SignalP-TM
NP_415622.1                0.214  24  0.408  24  0.894   1  0.778   0.582 Y  0.570      SignalP-noTM
NP_415623.1                0.219  30  0.365  30  0.811   4  0.682   0.489 Y  0.450      SignalP-TM
NP_415623.1                0.258  24  0.466  24  0.953   3  0.868   0.655 Y  0.570      SignalP-noTM
NP_415630.1                0.337  23  0.556  23  0.950  17  0.889   0.686 Y  0.450      SignalP-TM
NP_415630.1                0.773  23  0.857  23  0.970  10  0.947   0.899 Y  0.570      SignalP-noTM
NP_415631.1                0.319  29  0.525  29  0.996  17  0.921   0.711 Y  0.570      SignalP-noTM
NP_415631.1                0.377  29  0.521  29  0.946  14  0.801   0.630 Y  0.450      SignalP-TM
NP_415639.1                0.231  48  0.306  21  0.844   9  0.686   0.454 Y  0.450      SignalP-TM
NP_415641.1                0.780  24  0.703  24  0.840  19  0.686   0.696 Y  0.450      SignalP-TM
NP_415641.1                0.865  24  0.883  24  0.955  19  0.906   0.894 Y  0.570      SignalP-noTM
NP_415689.2                0.656  20  0.725  20  0.887  16  0.808   0.764 Y  0.570      SignalP-noTM
NP_415690.5                0.457  23  0.594  23  0.902  12  0.803   0.676 Y  0.450      SignalP-TM
NP_415690.5                0.871  23  0.885  23  0.952  12  0.911   0.897 Y  0.570      SignalP-noTM
NP_415695.1                0.211  25  0.369  23  0.786  17  0.651   0.479 Y  0.450      SignalP-TM
NP_415695.1                0.404  23  0.570  23  0.871   8  0.795   0.675 Y  0.570      SignalP-noTM
NP_415696.1                0.455  23  0.654  23  0.966  10  0.943   0.767 Y  0.450      SignalP-TM
NP_415696.1                0.798  23  0.876  23  0.972  19  0.958   0.915 Y  0.570      SignalP-noTM
NP_415711.2                0.204  49  0.389  22  0.909  13  0.785   0.575 Y  0.570      SignalP-noTM
NP_415715.1                0.219  31  0.427  31  0.918  24  0.725   0.543 Y  0.450      SignalP-TM
NP_415715.1                0.702  31  0.803  31  0.965  24  0.874   0.837 Y  0.570      SignalP-noTM
NP_415727.1                0.169  24  0.373  24  0.898  20  0.834   0.590 Y  0.570      SignalP-noTM
NP_415727.1                0.170  33  0.313  24  0.890  13  0.806   0.505 Y  0.450      SignalP-TM
NP_415738.2                0.550  25  0.702  25  0.935  17  0.898   0.794 Y  0.570      SignalP-noTM
NP_415738.2                0.646  25  0.706  25  0.862  23  0.737   0.718 Y  0.450      SignalP-TM
NP_415759.1                0.763  27  0.817  27  0.919  23  0.838   0.825 Y  0.450      SignalP-TM
NP_415759.1                0.825  27  0.883  27  0.971  19  0.931   0.905 Y  0.570      SignalP-noTM
NP_415772.1                0.294  22  0.474  22  0.905   5  0.802   0.602 Y  0.450      SignalP-TM
NP_415772.1                0.754  22  0.832  22  0.957  16  0.920   0.873 Y  0.570      SignalP-noTM
NP_415784.1                0.294  24  0.445  24  0.755  17  0.654   0.527 Y  0.450      SignalP-TM
NP_415784.1                0.803  24  0.845  24  0.932  17  0.881   0.862 Y  0.570      SignalP-noTM
NP_415799.1                0.260  31  0.382  31  0.940   9  0.750   0.525 Y  0.450      SignalP-TM
NP_415799.1                0.336  24  0.558  24  0.974   8  0.939   0.737 Y  0.570      SignalP-noTM
NP_415810.1                0.551  22  0.654  22  0.926  19  0.734   0.685 Y  0.450      SignalP-TM
NP_415810.1                0.865  22  0.843  22  0.905  19  0.812   0.828 Y  0.570      SignalP-noTM
NP_415824.1                0.483  20  0.594  20  0.834  18  0.748   0.654 Y  0.450      SignalP-TM
NP_415824.1                0.900  20  0.899  20  0.946  19  0.897   0.898 Y  0.570      SignalP-noTM
NP_415826.1                0.165  26  0.332  26  0.867  15  0.736   0.490 Y  0.450      SignalP-TM
NP_415835.1                0.338  22  0.459  22  0.883   5  0.699   0.553 Y  0.450      SignalP-TM
NP_415835.1                0.465  20  0.607  20  0.918   1  0.815   0.705 Y  0.570      SignalP-noTM
NP_415845.2                0.521  23  0.650  23  0.916  20  0.758   0.692 Y  0.450      SignalP-TM
NP_415845.2                0.700  23  0.757  23  0.935  20  0.799   0.777 Y  0.570      SignalP-noTM
NP_415848.1                0.138  26  0.308  26  0.799  14  0.710   0.465 Y  0.450      SignalP-TM
NP_415895.1                0.766  22  0.789  22  0.913   5  0.837   0.808 Y  0.450      SignalP-TM
NP_415895.1                0.895  22  0.904  22  0.943   2  0.921   0.912 Y  0.570      SignalP-noTM
NP_415897.1                0.215  25  0.410  21  0.880  13  0.830   0.574 Y  0.450      SignalP-TM
NP_415897.1                0.238  25  0.427  21  0.937  13  0.844   0.623 Y  0.570      SignalP-noTM
NP_415900.1                0.272  25  0.406  25  0.775  10  0.624   0.491 Y  0.450      SignalP-TM
NP_415901.2                0.273  22  0.480  22  0.918   6  0.860   0.628 Y  0.450      SignalP-TM
NP_415901.2                0.838  22  0.883  22  0.955  11  0.925   0.902 Y  0.570      SignalP-noTM
NP_415904.3                0.295  31  0.444  31  0.809  22  0.633   0.518 Y  0.450      SignalP-TM
NP_415904.3                0.714  31  0.747  31  0.914  21  0.811   0.777 Y  0.570      SignalP-noTM
NP_415925.2                0.183  25  0.341  25  0.750   7  0.634   0.455 Y  0.450      SignalP-TM
NP_415925.2                0.744  25  0.790  25  0.909   4  0.840   0.814 Y  0.570      SignalP-noTM
NP_415936.1                0.761  21  0.729  21  0.888   1  0.721   0.725 Y  0.570      SignalP-noTM
NP_415941.5                0.683  33  0.704  33  0.934  19  0.801   0.749 Y  0.570      SignalP-noTM
NP_415941.5                0.841  33  0.792  33  0.882  17  0.785   0.789 Y  0.450      SignalP-TM
NP_415948.1                0.167  25  0.373  25  0.903  12  0.844   0.557 Y  0.450      SignalP-TM
NP_415948.1                0.223  25  0.430  25  0.951   1  0.863   0.634 Y  0.570      SignalP-noTM
NP_415953.1                0.202  25  0.372  25  0.824  21  0.707   0.503 Y  0.450      SignalP-TM
NP_415953.1                0.752  23  0.773  23  0.893   3  0.802   0.786 Y  0.570      SignalP-noTM
NP_415957.1                0.802  23  0.837  23  0.925  19  0.873   0.851 Y  0.450      SignalP-TM
NP_415957.1                0.836  23  0.837  23  0.935  19  0.852   0.844 Y  0.570      SignalP-noTM
NP_415968.1                0.450  24  0.583  24  0.871   7  0.765   0.654 Y  0.450      SignalP-TM
NP_415968.1                0.888  24  0.875  24  0.953  22  0.869   0.873 Y  0.570      SignalP-noTM
NP_415969.1                0.331  31  0.478  31  0.905  15  0.770   0.592 Y  0.450      SignalP-TM
NP_415969.1                0.794  31  0.760  31  0.869  11  0.767   0.763 Y  0.570      SignalP-noTM
NP_416004.1                0.593  26  0.688  26  0.938  11  0.850   0.751 Y  0.450      SignalP-TM
NP_416004.1                0.839  26  0.853  26  0.947  12  0.902   0.876 Y  0.570      SignalP-noTM
NP_416008.1                0.154  36  0.344  36  0.937  21  0.783   0.515 Y  0.450      SignalP-TM
NP_416008.1                0.168  36  0.363  33  0.963  28  0.860   0.597 Y  0.570      SignalP-noTM
NP_416015.2                0.535  27  0.707  27  0.957  19  0.917   0.789 Y  0.450      SignalP-TM
NP_416015.2                0.809  30  0.821  30  0.976  15  0.888   0.852 Y  0.570      SignalP-noTM
NP_416019.1                0.475  25  0.493  25  0.577  23  0.467   0.483 Y  0.450      SignalP-TM
NP_416020.1                0.260  25  0.474  25  0.956  10  0.898   0.639 Y  0.450      SignalP-TM
NP_416020.1                0.701  24  0.822  24  0.979  15  0.957   0.886 Y  0.570      SignalP-noTM
NP_416021.1                0.426  23  0.570  23  0.925  18  0.778   0.668 Y  0.570      SignalP-noTM
NP_416033.1                0.485  27  0.524  27  0.847  10  0.684   0.586 Y  0.450      SignalP-TM
NP_416033.1                0.845  27  0.846  27  0.948  18  0.876   0.860 Y  0.570      SignalP-noTM
NP_416049.1                0.307  24  0.488  24  0.929  17  0.729   0.582 Y  0.450      SignalP-TM
NP_416049.1                0.602  22  0.723  22  0.960  16  0.869   0.791 Y  0.570      SignalP-noTM
NP_416051.1                0.166  25  0.278  13  0.831   2  0.753   0.463 Y  0.450      SignalP-TM
NP_416054.1                0.605  20  0.559  20  0.665  17  0.510   0.540 Y  0.450      SignalP-TM
NP_416054.1                0.882  20  0.803  20  0.854  15  0.731   0.769 Y  0.570      SignalP-noTM
NP_416072.1                0.219  24  0.436  24  0.931  20  0.873   0.642 Y  0.570      SignalP-noTM
NP_416100.1                0.584  29  0.679  29  0.951  14  0.836   0.740 Y  0.450      SignalP-TM
NP_416100.1                0.870  29  0.829  29  0.971  20  0.876   0.851 Y  0.570      SignalP-noTM
NP_416103.2                0.379  22  0.593  22  0.960   4  0.938   0.728 Y  0.450      SignalP-TM
NP_416103.2                0.874  22  0.916  22  0.985   8  0.959   0.936 Y  0.570      SignalP-noTM
NP_416104.1                0.279  43  0.393  43  0.770  39  0.623   0.483 Y  0.450      SignalP-TM
NP_416105.4                0.472  46  0.551  46  0.760  43  0.563   0.556 Y  0.450      SignalP-TM
NP_416114.2                0.644  22  0.792  22  0.990  17  0.970   0.861 Y  0.450      SignalP-TM
NP_416114.2                0.907  22  0.944  22  0.989  18  0.976   0.959 Y  0.570      SignalP-noTM
NP_416115.1                0.332  22  0.502  22  0.876  17  0.731   0.591 Y  0.450      SignalP-TM
NP_416115.1                0.691  22  0.737  22  0.927  17  0.795   0.764 Y  0.570      SignalP-noTM
NP_416121.1                0.433  32  0.603  23  0.953  16  0.910   0.722 Y  0.450      SignalP-TM
NP_416121.1                0.805  23  0.873  23  0.979   8  0.951   0.910 Y  0.570      SignalP-noTM
NP_416132.2                0.665  24  0.777  24  0.968  11  0.917   0.843 Y  0.570      SignalP-noTM
NP_416132.2                0.799  24  0.814  24  0.923  10  0.842   0.825 Y  0.450      SignalP-TM
NP_416148.1                0.178  36  0.337  25  0.879   9  0.748   0.498 Y  0.450      SignalP-TM
NP_416148.1                0.427  25  0.594  25  0.934  15  0.835   0.707 Y  0.570      SignalP-noTM
NP_416156.4                0.135  30  0.299  21  0.858   8  0.761   0.479 Y  0.450      SignalP-TM
NP_416156.4                0.288  23  0.510  23  0.949  13  0.904   0.695 Y  0.570      SignalP-noTM
NP_416163.1                0.695  20  0.742  20  0.906  19  0.802   0.765 Y  0.450      SignalP-TM
NP_416163.1                0.820  20  0.851  20  0.938  19  0.880   0.865 Y  0.570      SignalP-noTM
NP_416172.1                0.316  28  0.537  28  0.969  10  0.924   0.688 Y  0.450      SignalP-TM
NP_416172.1                0.421  28  0.589  28  0.956  11  0.884   0.728 Y  0.570      SignalP-noTM
NP_416186.4                0.198  33  0.321  28  0.872  13  0.711   0.473 Y  0.450      SignalP-TM
NP_416192.1                0.318  26  0.507  26  0.885   8  0.817   0.628 Y  0.450      SignalP-TM
NP_416192.1                0.325  26  0.478  26  0.940  17  0.781   0.621 Y  0.570      SignalP-noTM
NP_416193.1                0.480  24  0.635  24  0.951  19  0.873   0.747 Y  0.570      SignalP-noTM
NP_416193.1                0.492  24  0.561  24  0.827  16  0.677   0.607 Y  0.450      SignalP-TM
NP_416223.1                0.255  22  0.454  22  0.935  12  0.805   0.591 Y  0.450      SignalP-TM
NP_416223.1                0.325  21  0.532  21  0.935  19  0.854   0.683 Y  0.570      SignalP-noTM
NP_416236.1                0.285  40  0.489  26  0.939   8  0.870   0.638 Y  0.450      SignalP-TM
NP_416236.1                0.481  26  0.647  26  0.973  18  0.910   0.771 Y  0.570      SignalP-noTM
NP_416253.1                0.207  24  0.407  24  0.921   3  0.834   0.608 Y  0.570      SignalP-noTM
NP_416257.1                0.717  24  0.816  24  0.956  17  0.917   0.855 Y  0.450      SignalP-TM
NP_416257.1                0.817  24  0.875  24  0.980  12  0.941   0.906 Y  0.570      SignalP-noTM
NP_416265.4                0.421  34  0.572  34  0.861  27  0.721   0.630 Y  0.450      SignalP-TM
NP_416268.2                0.688  21  0.753  21  0.904   1  0.824   0.786 Y  0.570      SignalP-noTM
NP_416271.4                0.216  24  0.438  24  0.934  17  0.886   0.613 Y  0.450      SignalP-TM
NP_416271.4                0.698  24  0.819  24  0.979  17  0.953   0.882 Y  0.570      SignalP-noTM
NP_416274.1                0.183  19  0.343  19  0.842  16  0.672   0.471 Y  0.450      SignalP-TM
NP_416274.1                0.569  19  0.674  19  0.929   1  0.817   0.741 Y  0.570      SignalP-noTM
NP_416296.1                0.600  23  0.653  23  0.805   6  0.733   0.684 Y  0.450      SignalP-TM
NP_416296.1                0.835  23  0.825  23  0.908  16  0.841   0.833 Y  0.570      SignalP-noTM
NP_416300.2                0.183  37  0.275  13  0.831   8  0.765   0.466 Y  0.450      SignalP-TM
NP_416307.1                0.237  26  0.420  26  0.940  13  0.824   0.578 Y  0.450      SignalP-TM
NP_416307.1                0.245  24  0.425  24  0.932   1  0.809   0.606 Y  0.570      SignalP-noTM
NP_416320.1                0.230  30  0.388  30  0.762  23  0.620   0.478 Y  0.450      SignalP-TM
NP_416335.4                0.716  20  0.602  20  0.625  18  0.465   0.548 Y  0.450      SignalP-TM
NP_416335.4                0.786  20  0.647  20  0.659   2  0.549   0.611 Y  0.510      SignalP-TM
NP_416344.1                0.786  23  0.800  23  0.892   1  0.842   0.820 Y  0.570      SignalP-noTM
NP_416353.1                0.192  21  0.419  21  0.954  11  0.921   0.615 Y  0.450      SignalP-TM
NP_416353.1                0.862  21  0.913  21  0.987  12  0.963   0.937 Y  0.570      SignalP-noTM
NP_416355.1                0.504  29  0.645  29  0.927  25  0.824   0.715 Y  0.450      SignalP-TM
NP_416355.1                0.511  27  0.650  27  0.905  25  0.833   0.736 Y  0.570      SignalP-noTM
NP_416361.2                0.296  22  0.523  22  0.958  16  0.910   0.674 Y  0.450      SignalP-TM
NP_416361.2                0.777  22  0.862  22  0.976  17  0.950   0.903 Y  0.570      SignalP-noTM
NP_416371.4                0.417  27  0.549  27  0.860  17  0.756   0.630 Y  0.450      SignalP-TM
NP_416371.4                0.573  27  0.662  27  0.971  13  0.853   0.752 Y  0.570      SignalP-noTM
NP_416386.4                0.671  32  0.578  32  0.788  16  0.605   0.588 Y  0.450      SignalP-TM
NP_416391.4                0.831  19  0.709  19  0.762  15  0.558   0.638 Y  0.570      SignalP-noTM
NP_416392.1                0.231  17  0.371  17  0.735   1  0.607   0.463 Y  0.450      SignalP-TM
NP_416392.1                0.511  17  0.671  17  0.953  14  0.871   0.765 Y  0.570      SignalP-noTM
NP_416414.1                0.553  24  0.582  24  0.711   1  0.622   0.598 Y  0.450      SignalP-TM
NP_416414.1                0.816  24  0.816  24  0.903  20  0.813   0.814 Y  0.570      SignalP-noTM
NP_416417.1                0.320  25  0.471  25  0.827   8  0.732   0.573 Y  0.450      SignalP-TM
NP_416430.1                0.473  30  0.488  30  0.751  11  0.591   0.528 Y  0.450      SignalP-TM
NP_416438.1                0.338  20  0.524  20  0.914  14  0.792   0.650 Y  0.570      SignalP-noTM
NP_416458.1                0.235  22  0.386  22  0.751  19  0.663   0.494 Y  0.450      SignalP-TM
NP_416458.1                0.692  22  0.569  22  0.749  18  0.417   0.513 Y  0.510      SignalP-TM
NP_416479.1                0.693  24  0.772  24  0.961   8  0.885   0.816 Y  0.450      SignalP-TM
NP_416479.1                0.790  24  0.832  24  0.964  11  0.905   0.866 Y  0.570      SignalP-noTM
NP_416480.1                0.591  45  0.606  45  0.753  34  0.392   0.523 Y  0.450      SignalP-TM
NP_416482.1                0.265  31  0.393  31  0.859  20  0.685   0.507 Y  0.450      SignalP-TM
NP_416482.1                0.683  24  0.747  24  0.913   5  0.853   0.797 Y  0.570      SignalP-noTM
NP_416494.1                0.354  22  0.545  22  0.930   5  0.857   0.667 Y  0.450      SignalP-TM
NP_416494.1                0.658  22  0.771  22  0.956  11  0.912   0.838 Y  0.570      SignalP-noTM
NP_416514.4                0.479  22  0.639  22  0.921  19  0.830   0.714 Y  0.450      SignalP-TM
NP_416514.4                0.485  22  0.676  22  0.963  20  0.932   0.797 Y  0.570      SignalP-noTM
NP_416547.1                0.262  29  0.458  29  0.918   8  0.852   0.612 Y  0.450      SignalP-TM
NP_416547.1                0.421  29  0.565  29  0.937  17  0.843   0.696 Y  0.570      SignalP-noTM
NP_416566.1                0.130  26  0.332  20  0.966  13  0.925   0.611 Y  0.570      SignalP-noTM
NP_416566.1                0.173  30  0.338  30  0.968  13  0.815   0.524 Y  0.450      SignalP-TM
NP_416575.1                0.225  22  0.416  22  0.891   6  0.808   0.569 Y  0.450      SignalP-TM
NP_416575.1                0.264  19  0.491  19  0.944  11  0.912   0.688 Y  0.570      SignalP-noTM
NP_416589.2                0.281  22  0.447  22  0.864   2  0.741   0.585 Y  0.570      SignalP-noTM
NP_416589.2                0.288  23  0.436  23  0.807  17  0.661   0.524 Y  0.450      SignalP-TM
NP_416596.1                0.743  20  0.626  20  0.764  19  0.527   0.579 Y  0.570      SignalP-noTM
NP_416605.2                0.169  35  0.278  11  0.830   6  0.789   0.477 Y  0.450      SignalP-TM
NP_416610.4                0.327  22  0.561  22  0.978  16  0.942   0.710 Y  0.450      SignalP-TM
NP_416610.4                0.810  22  0.893  22  0.991  12  0.968   0.929 Y  0.570      SignalP-noTM
NP_416611.1                0.552  21  0.605  21  0.745  12  0.672   0.632 Y  0.450      SignalP-TM
NP_416611.1                0.622  21  0.571  21  0.703  19  0.491   0.541 Y  0.510      SignalP-TM
NP_416612.1                0.456  23  0.473  23  0.698   2  0.526   0.494 Y  0.450      SignalP-TM
NP_416612.1                0.679  23  0.769  23  0.915  20  0.844   0.804 Y  0.570      SignalP-noTM
NP_416614.1                0.604  23  0.717  23  0.903  17  0.835   0.763 Y  0.450      SignalP-TM
NP_416614.1                0.891  23  0.907  23  0.972  17  0.932   0.919 Y  0.570      SignalP-noTM
NP_416615.1                0.529  23  0.687  23  0.939  12  0.862   0.769 Y  0.570      SignalP-noTM
NP_416627.2                0.170  28  0.374  22  0.923   8  0.866   0.566 Y  0.450      SignalP-TM
NP_416627.2                0.219  22  0.422  22  0.939   5  0.858   0.627 Y  0.570      SignalP-noTM
NP_416635.1                0.221  30  0.413  24  0.890  22  0.785   0.558 Y  0.450      SignalP-TM
NP_416635.1                0.770  24  0.840  24  0.956  21  0.919   0.877 Y  0.570      SignalP-noTM
NP_416636.1                0.511  21  0.544  21  0.755  19  0.543   0.543 Y  0.450      SignalP-TM
NP_416636.1                0.824  21  0.791  21  0.861  15  0.743   0.768 Y  0.570      SignalP-noTM
NP_416638.4                0.431  26  0.647  26  0.986  15  0.952   0.766 Y  0.450      SignalP-TM
NP_416638.4                0.580  26  0.736  26  0.990  14  0.946   0.835 Y  0.570      SignalP-noTM
NP_416655.1                0.546  24  0.678  24  0.937   8  0.867   0.752 Y  0.450      SignalP-TM
NP_416655.1                0.861  24  0.892  24  0.961  17  0.934   0.912 Y  0.570      SignalP-noTM
NP_416656.1                0.539  31  0.469  31  0.640  28  0.425   0.452 Y  0.450      SignalP-TM
NP_416660.1                0.476  26  0.605  26  0.896  10  0.789   0.677 Y  0.450      SignalP-TM
NP_416660.1                0.695  26  0.733  26  0.901  19  0.800   0.765 Y  0.570      SignalP-noTM
NP_416680.1                0.288  34  0.456  34  0.949  16  0.793   0.614 Y  0.570      SignalP-noTM
NP_416680.1                0.301  36  0.452  36  0.910  16  0.694   0.546 Y  0.450      SignalP-TM
NP_416682.4                0.634  20  0.544  20  0.579   4  0.485   0.522 Y  0.510      SignalP-TM
NP_416682.4                0.763  22  0.672  22  0.727  18  0.606   0.646 Y  0.450      SignalP-TM
NP_416698.1                0.192  26  0.340  26  0.815   2  0.653   0.462 Y  0.450      SignalP-TM
NP_416698.1                0.795  19  0.834  19  0.916  17  0.871   0.852 Y  0.570      SignalP-noTM
NP_416699.1                0.267  31  0.390  28  0.756  12  0.696   0.509 Y  0.450      SignalP-TM
NP_416707.4                0.407  28  0.563  28  0.853  23  0.718   0.624 Y  0.450      SignalP-TM
NP_416707.4                0.825  28  0.869  28  0.970  26  0.850   0.860 Y  0.570      SignalP-noTM
NP_416710.1                0.617  32  0.613  32  0.985  15  0.818   0.709 Y  0.570      SignalP-noTM
NP_416710.1                0.654  32  0.660  32  0.965  15  0.814   0.720 Y  0.450      SignalP-TM
NP_416713.1                0.552  21  0.586  21  0.779  18  0.657   0.614 Y  0.450      SignalP-TM
NP_416713.1                0.889  21  0.878  21  0.924   9  0.878   0.878 Y  0.570      SignalP-noTM
NP_416714.1                0.278  27  0.429  22  0.939  12  0.883   0.642 Y  0.570      SignalP-noTM
NP_416714.1                0.498  27  0.606  27  0.925  17  0.779   0.673 Y  0.450      SignalP-TM
NP_416719.1                0.687  22  0.756  22  0.938   5  0.861   0.797 Y  0.450      SignalP-TM
NP_416719.1                0.884  22  0.898  22  0.952  14  0.923   0.909 Y  0.570      SignalP-noTM
NP_416728.1                0.474  23  0.554  23  0.714  10  0.617   0.578 Y  0.450      SignalP-TM
NP_416729.1                0.154  43  0.335  20  0.906   2  0.794   0.514 Y  0.450      SignalP-TM
NP_416729.1                0.599  20  0.678  20  0.856   1  0.781   0.726 Y  0.570      SignalP-noTM
NP_416730.1                0.660  20  0.682  20  0.893  18  0.735   0.707 Y  0.570      SignalP-noTM
NP_416732.4                0.277  20  0.453  20  0.869  16  0.722   0.580 Y  0.570      SignalP-noTM
NP_416736.1                0.205  42  0.348  30  0.849  13  0.707   0.488 Y  0.450      SignalP-TM
NP_416736.1                0.358  29  0.511  29  0.954  17  0.792   0.643 Y  0.570      SignalP-noTM
NP_416742.1                0.596  26  0.716  26  0.947  12  0.867   0.775 Y  0.450      SignalP-TM
NP_416742.1                0.712  26  0.800  26  0.956  10  0.906   0.850 Y  0.570      SignalP-noTM
NP_416753.4                0.251  24  0.454  24  0.885  11  0.826   0.599 Y  0.450      SignalP-TM
NP_416753.4                0.713  22  0.817  22  0.963   9  0.933   0.871 Y  0.570      SignalP-noTM
NP_416755.1                0.230  33  0.372  33  0.844  19  0.686   0.494 Y  0.450      SignalP-TM
NP_416773.1                0.174  27  0.354  27  0.891   7  0.785   0.522 Y  0.450      SignalP-TM
NP_416812.1                0.691  23  0.783  23  0.962   9  0.912   0.833 Y  0.450      SignalP-TM
NP_416812.1                0.792  23  0.857  23  0.987  10  0.945   0.898 Y  0.570      SignalP-noTM
NP_416813.1                0.202  47  0.407  23  0.918   2  0.848   0.579 Y  0.450      SignalP-TM
NP_416813.1                0.595  23  0.741  23  0.982  17  0.929   0.829 Y  0.570      SignalP-noTM
NP_416831.1                0.311  49  0.510  20  0.929  18  0.892   0.659 Y  0.450      SignalP-TM
NP_416831.1                0.847  20  0.902  20  0.978  18  0.954   0.927 Y  0.570      SignalP-noTM
NP_416835.2                0.561  22  0.629  22  0.847   8  0.736   0.671 Y  0.450      SignalP-TM
NP_416835.2                0.835  22  0.883  22  0.965  12  0.935   0.908 Y  0.570      SignalP-noTM
NP_416836.1                0.538  28  0.533  28  0.749  26  0.506   0.523 Y  0.450      SignalP-TM
NP_416836.1                0.790  28  0.622  28  0.638  26  0.446   0.557 Y  0.510      SignalP-TM
NP_416837.1                0.257  19  0.392  19  0.857   2  0.643   0.490 Y  0.450      SignalP-TM
NP_416837.1                0.841  19  0.805  19  0.880  16  0.761   0.784 Y  0.570      SignalP-noTM
NP_416838.1                0.349  29  0.482  29  0.804  17  0.600   0.528 Y  0.450      SignalP-TM
NP_416838.1                0.680  29  0.719  29  0.903  25  0.713   0.716 Y  0.570      SignalP-noTM
NP_416839.1                0.313  29  0.499  29  0.895  13  0.803   0.618 Y  0.450      SignalP-TM
NP_416839.1                0.747  29  0.814  29  0.976  25  0.883   0.846 Y  0.570      SignalP-noTM
NP_416841.1                0.216  28  0.403  28  0.955  16  0.811   0.562 Y  0.450      SignalP-TM
NP_416841.1                0.533  26  0.682  26  0.980  10  0.911   0.789 Y  0.570      SignalP-noTM
NP_416846.2                0.164  50  0.350  26  0.866   2  0.804   0.527 Y  0.450      SignalP-TM
NP_416846.2                0.796  26  0.838  26  0.938  22  0.891   0.862 Y  0.570      SignalP-noTM
NP_416848.1                0.146  22  0.335  22  0.891  18  0.803   0.517 Y  0.450      SignalP-TM
NP_416848.1                0.160  22  0.355  22  0.913   2  0.824   0.575 Y  0.570      SignalP-noTM
NP_416871.1                0.874  22  0.769  22  0.847   1  0.705   0.739 Y  0.570      SignalP-noTM
NP_416876.1                0.720  22  0.812  22  0.950   5  0.917   0.853 Y  0.450      SignalP-TM
NP_416876.1                0.881  22  0.923  22  0.980  12  0.953   0.937 Y  0.570      SignalP-noTM
NP_416877.1                0.415  24  0.474  24  0.742   2  0.580   0.513 Y  0.510      SignalP-TM
NP_416877.1                0.418  24  0.554  24  0.876   7  0.778   0.641 Y  0.450      SignalP-TM
NP_416887.1                0.247  20  0.392  20  0.811  17  0.647   0.492 Y  0.450      SignalP-TM
NP_416888.1                0.182  25  0.375  25  0.902   8  0.801   0.541 Y  0.450      SignalP-TM
NP_416888.1                0.406  25  0.576  25  0.959  12  0.855   0.707 Y  0.570      SignalP-noTM
NP_416891.1                0.180  22  0.339  22  0.875   4  0.709   0.483 Y  0.450      SignalP-TM
NP_416891.1                0.729  22  0.799  22  0.970   8  0.908   0.850 Y  0.570      SignalP-noTM
NP_416903.1                0.452  23  0.550  23  0.838   2  0.718   0.629 Y  0.570      SignalP-noTM
NP_416903.1                0.596  23  0.653  23  0.838   5  0.751   0.691 Y  0.450      SignalP-TM
NP_416914.1                0.128  20  0.312  20  0.881   9  0.749   0.483 Y  0.450      SignalP-TM
NP_416914.1                0.758  20  0.813  20  0.962  18  0.848   0.830 Y  0.570      SignalP-noTM
NP_416920.1                0.262  26  0.452  26  0.894   8  0.808   0.591 Y  0.450      SignalP-TM
NP_416920.1                0.741  26  0.774  26  0.888   6  0.840   0.805 Y  0.570      SignalP-noTM
NP_416925.2                0.238  20  0.466  20  0.945  16  0.897   0.634 Y  0.450      SignalP-TM
NP_416925.2                0.512  20  0.685  20  0.955  17  0.912   0.792 Y  0.570      SignalP-noTM
NP_416927.1                0.248  29  0.420  29  0.988  12  0.853   0.624 Y  0.570      SignalP-noTM
NP_416927.1                0.422  29  0.591  29  0.983  14  0.901   0.712 Y  0.450      SignalP-TM
NP_416930.1                0.460  35  0.525  35  0.855  31  0.666   0.580 Y  0.450      SignalP-TM
NP_416930.1                0.684  35  0.659  35  0.826  17  0.669   0.664 Y  0.570      SignalP-noTM
NP_416961.1                0.526  22  0.681  22  0.915  21  0.864   0.752 Y  0.450      SignalP-TM
NP_416961.1                0.804  22  0.889  22  0.991  17  0.972   0.928 Y  0.570      SignalP-noTM
NP_416972.4                0.137  30  0.290  27  0.842  10  0.718   0.457 Y  0.450      SignalP-TM
NP_416989.1                0.636  28  0.717  28  0.956  22  0.848   0.778 Y  0.570      SignalP-noTM
NP_416989.1                0.674  28  0.746  28  0.905  21  0.810   0.771 Y  0.450      SignalP-TM
NP_417000.1                0.349  27  0.540  27  0.983  11  0.905   0.712 Y  0.570      SignalP-noTM
NP_417000.1                0.406  27  0.603  27  0.976   9  0.931   0.731 Y  0.450      SignalP-TM
NP_417001.1                0.162  33  0.365  20  0.924  18  0.866   0.561 Y  0.450      SignalP-TM
NP_417001.1                0.625  20  0.754  20  0.935  16  0.890   0.818 Y  0.570      SignalP-noTM
NP_417007.1                0.152  27  0.352  24  0.923   5  0.857   0.589 Y  0.570      SignalP-noTM
NP_417007.1                0.247  69  0.294  26  0.889   7  0.730   0.464 Y  0.450      SignalP-TM
NP_417015.1                0.180  25  0.353  22  0.950  16  0.870   0.596 Y  0.570      SignalP-noTM
NP_417015.1                0.264  25  0.458  25  0.940   2  0.838   0.606 Y  0.450      SignalP-TM
NP_417043.1                0.614  27  0.620  27  0.859  11  0.717   0.658 Y  0.450      SignalP-TM
NP_417043.1                0.817  27  0.876  27  0.967  23  0.938   0.905 Y  0.570      SignalP-noTM
NP_417050.1                0.159  23  0.366  23  0.952  21  0.850   0.594 Y  0.570      SignalP-noTM
NP_417066.1                0.404  29  0.536  29  0.897  14  0.768   0.627 Y  0.450      SignalP-TM
NP_417066.1                0.610  24  0.737  24  0.976  17  0.906   0.816 Y  0.570      SignalP-noTM
NP_417081.2                0.229  19  0.439  19  0.898   2  0.850   0.599 Y  0.450      SignalP-TM
NP_417081.2                0.599  20  0.722  20  0.941  18  0.867   0.790 Y  0.570      SignalP-noTM
NP_417086.1                0.171  24  0.377  24  0.952   3  0.865   0.606 Y  0.570      SignalP-noTM
NP_417086.1                0.202  26  0.391  26  0.897  16  0.787   0.545 Y  0.450      SignalP-TM
NP_417093.2                0.211  26  0.407  20  0.872  11  0.808   0.596 Y  0.570      SignalP-noTM
NP_417094.1                0.264  29  0.412  23  0.823   6  0.728   0.535 Y  0.450      SignalP-TM
NP_417094.1                0.684  23  0.802  23  0.953  21  0.932   0.863 Y  0.570      SignalP-noTM
NP_417096.1                0.287  25  0.426  25  0.751   5  0.665   0.520 Y  0.450      SignalP-TM
NP_417107.2                0.145  59  0.307  21  0.930   4  0.809   0.503 Y  0.450      SignalP-TM
NP_417107.2                0.197  24  0.413  24  0.962   3  0.898   0.641 Y  0.570      SignalP-noTM
NP_417124.4                0.188  31  0.284  12  0.884   2  0.807   0.488 Y  0.450      SignalP-TM
NP_417124.4                0.479  21  0.616  21  0.950   1  0.834   0.718 Y  0.570      SignalP-noTM
NP_417125.1                0.226  24  0.444  24  0.965  13  0.900   0.622 Y  0.450      SignalP-TM
NP_417125.1                0.673  24  0.769  24  0.969  10  0.914   0.837 Y  0.570      SignalP-noTM
NP_417134.2                0.521  30  0.653  30  0.866  17  0.783   0.704 Y  0.450      SignalP-TM
NP_417134.2                0.688  30  0.809  30  0.990  20  0.932   0.867 Y  0.570      SignalP-noTM
NP_417165.1                0.521  22  0.601  22  0.824  19  0.694   0.637 Y  0.450      SignalP-TM
NP_417165.1                0.863  22  0.807  22  0.862  21  0.764   0.787 Y  0.570      SignalP-noTM
NP_417181.1                0.154  29  0.358  24  0.981  16  0.906   0.572 Y  0.450      SignalP-TM
NP_417181.1                0.231  24  0.443  24  0.969   1  0.878   0.647 Y  0.570      SignalP-noTM
NP_417222.1                0.134  25  0.347  25  0.960  22  0.871   0.593 Y  0.570      SignalP-noTM
NP_417222.1                0.173  46  0.382  30  0.956  24  0.844   0.562 Y  0.450      SignalP-TM
NP_417233.1                0.358  25  0.557  25  0.913  18  0.816   0.658 Y  0.450      SignalP-TM
NP_417233.1                0.707  25  0.749  25  0.911  24  0.812   0.779 Y  0.570      SignalP-noTM
NP_417258.4                0.154  18  0.358  18  0.872  13  0.813   0.535 Y  0.450      SignalP-TM
NP_417258.4                0.242  18  0.463  18  0.937  11  0.874   0.656 Y  0.570      SignalP-noTM
NP_417289.2                0.194  29  0.353  29  0.935  16  0.783   0.521 Y  0.450      SignalP-TM
NP_417289.2                0.339  22  0.566  22  0.969  18  0.944   0.743 Y  0.570      SignalP-noTM
NP_417293.1                0.166  34  0.301  19  0.876   9  0.808   0.499 Y  0.450      SignalP-TM
NP_417293.1                0.191  20  0.409  20  0.937   3  0.889   0.634 Y  0.570      SignalP-noTM
NP_417294.4                0.304  32  0.451  32  0.734  26  0.542   0.487 Y  0.450      SignalP-TM
NP_417298.1                0.466  24  0.533  24  0.786   2  0.639   0.574 Y  0.450      SignalP-TM
NP_417298.1                0.815  24  0.864  24  0.942  17  0.916   0.889 Y  0.570      SignalP-noTM
NP_417341.4                0.291  32  0.450  32  0.802  22  0.707   0.551 Y  0.450      SignalP-TM
NP_417369.1                0.343  21  0.491  21  0.844  18  0.712   0.577 Y  0.450      SignalP-TM
NP_417369.1                0.778  21  0.833  21  0.953  10  0.897   0.863 Y  0.570      SignalP-noTM
NP_417397.1                0.290  22  0.471  22  0.916  18  0.781   0.592 Y  0.450      SignalP-TM
NP_417397.1                0.409  22  0.597  22  0.959  18  0.889   0.734 Y  0.570      SignalP-noTM
NP_417411.2                0.192  22  0.385  22  0.919   1  0.821   0.555 Y  0.450      SignalP-TM
NP_417420.1                0.490  23  0.599  23  0.791  20  0.725   0.648 Y  0.450      SignalP-TM
NP_417420.1                0.883  23  0.870  23  0.948  11  0.889   0.879 Y  0.570      SignalP-noTM
NP_417431.1                0.549  22  0.524  22  0.782  19  0.510   0.519 Y  0.450      SignalP-TM
NP_417431.1                0.874  22  0.843  22  0.929  19  0.799   0.823 Y  0.570      SignalP-noTM
NP_417432.1                0.226  30  0.368  30  0.766  10  0.644   0.476 Y  0.450      SignalP-TM
NP_417432.1                0.820  23  0.873  23  0.984  19  0.906   0.889 Y  0.570      SignalP-noTM
NP_417433.1                0.512  21  0.653  21  0.954   2  0.863   0.735 Y  0.450      SignalP-TM
NP_417433.1                0.797  21  0.848  21  0.956   8  0.915   0.880 Y  0.570      SignalP-noTM
NP_417438.2                0.251  24  0.428  24  0.849  15  0.745   0.552 Y  0.450      SignalP-TM
NP_417438.2                0.300  24  0.452  24  0.913   1  0.737   0.586 Y  0.570      SignalP-noTM
NP_417445.1                0.200  27  0.407  27  0.894  13  0.813   0.565 Y  0.450      SignalP-TM
NP_417445.1                0.253  29  0.439  29  0.913   7  0.823   0.619 Y  0.570      SignalP-noTM
NP_417470.1                0.442  27  0.604  27  0.892  18  0.845   0.717 Y  0.570      SignalP-noTM
NP_417470.1                0.456  27  0.623  27  0.922  11  0.864   0.717 Y  0.450      SignalP-TM
NP_417487.1                0.193  31  0.346  30  0.840  21  0.702   0.485 Y  0.450      SignalP-TM
NP_417489.1                0.494  28  0.571  28  0.867  14  0.688   0.626 Y  0.570      SignalP-noTM
NP_417489.1                0.660  28  0.692  28  0.900  15  0.660   0.679 Y  0.450      SignalP-TM
NP_417492.1                0.200  37  0.387  21  0.812  15  0.702   0.510 Y  0.450      SignalP-TM
NP_417492.1                0.755  21  0.840  21  0.966  19  0.919   0.877 Y  0.570      SignalP-noTM
NP_417496.1                0.339  21  0.555  21  0.951  20  0.901   0.690 Y  0.450      SignalP-TM
NP_417496.1                0.877  21  0.916  21  0.972  11  0.947   0.930 Y  0.570      SignalP-noTM
NP_417507.2                0.509  23  0.561  23  0.772   8  0.669   0.603 Y  0.450      SignalP-TM
NP_417507.2                0.712  23  0.731  23  0.880  17  0.765   0.747 Y  0.570      SignalP-noTM
NP_417509.3                0.247  41  0.356  41  0.890  16  0.710   0.494 Y  0.450      SignalP-TM
NP_417515.1                0.589  24  0.581  24  0.764   1  0.621   0.597 Y  0.450      SignalP-TM
NP_417515.1                0.867  24  0.742  24  0.846   4  0.694   0.720 Y  0.570      SignalP-noTM
NP_417519.4                0.426  26  0.475  26  0.728  22  0.581   0.515 Y  0.510      SignalP-TM
NP_417520.1                0.469  22  0.567  22  0.877  18  0.664   0.605 Y  0.450      SignalP-TM
NP_417520.1                0.868  22  0.878  22  0.937  18  0.879   0.879 Y  0.570      SignalP-noTM
NP_417527.1                0.542  23  0.661  23  0.925  17  0.831   0.741 Y  0.570      SignalP-noTM
NP_417527.1                0.656  23  0.692  23  0.898   5  0.784   0.728 Y  0.450      SignalP-TM
NP_417550.1                0.206  33  0.348  23  0.837  18  0.742   0.502 Y  0.450      SignalP-TM
NP_417550.1                0.252  22  0.468  22  0.933  18  0.888   0.665 Y  0.570      SignalP-noTM
NP_417551.1                0.474  26  0.608  23  0.930   9  0.858   0.705 Y  0.450      SignalP-TM
NP_417551.1                0.898  23  0.914  23  0.982  21  0.926   0.919 Y  0.570      SignalP-noTM
NP_417564.2                0.638  33  0.576  33  0.726  29  0.517   0.553 Y  0.450      SignalP-TM
NP_417568.2                0.187  26  0.366  21  0.822  18  0.744   0.514 Y  0.450      SignalP-TM
NP_417568.2                0.508  21  0.667  21  0.912  18  0.880   0.767 Y  0.570      SignalP-noTM
NP_417611.1                0.384  23  0.465  23  0.772  19  0.585   0.512 Y  0.450      SignalP-TM
NP_417611.1                0.673  23  0.758  23  0.923  19  0.857   0.804 Y  0.570      SignalP-noTM
NP_417612.1                0.461  24  0.506  24  0.755   7  0.616   0.549 Y  0.450      SignalP-TM
NP_417612.1                0.709  24  0.600  24  0.716   5  0.584   0.594 Y  0.510      SignalP-TM
NP_417613.1                0.449  41  0.454  41  0.801  25  0.543   0.489 Y  0.450      SignalP-TM
NP_417614.1                0.673  21  0.774  21  0.942  18  0.854   0.805 Y  0.450      SignalP-TM
NP_417614.1                0.726  21  0.813  21  0.967  18  0.905   0.856 Y  0.570      SignalP-noTM
NP_417616.1                0.162  26  0.385  26  0.951  20  0.897   0.626 Y  0.570      SignalP-noTM
NP_417616.1                0.421  46  0.399  38  0.957  17  0.737   0.531 Y  0.450      SignalP-TM
NP_417619.1                0.327  23  0.562  23  0.983  15  0.949   0.744 Y  0.570      SignalP-noTM
NP_417619.1                0.389  23  0.594  23  0.945  18  0.845   0.692 Y  0.450      SignalP-TM
NP_417649.1                0.410  24  0.485  24  0.794   6  0.636   0.544 Y  0.450      SignalP-TM
NP_417649.1                0.580  21  0.670  21  0.872   3  0.782   0.723 Y  0.570      SignalP-noTM
NP_417659.1                0.424  22  0.625  22  0.962   8  0.929   0.743 Y  0.450      SignalP-TM
NP_417659.1                0.509  22  0.697  22  0.979  18  0.956   0.818 Y  0.570      SignalP-noTM
NP_417666.1                0.318  25  0.503  25  0.923  23  0.749   0.599 Y  0.450      SignalP-TM
NP_417667.1                0.640  28  0.756  28  0.964  12  0.893   0.809 Y  0.450      SignalP-TM
NP_417667.1                0.838  28  0.886  28  0.986  13  0.949   0.916 Y  0.570      SignalP-noTM
NP_417681.1                0.357  26  0.565  26  0.962  11  0.900   0.696 Y  0.450      SignalP-TM
NP_417681.1                0.754  26  0.851  26  0.989  13  0.963   0.904 Y  0.570      SignalP-noTM
NP_417683.1                0.809  22  0.677  22  0.834  19  0.581   0.632 Y  0.570      SignalP-noTM
NP_417686.1                0.472  21  0.536  21  0.763  20  0.617   0.568 Y  0.450      SignalP-TM
NP_417686.1                0.835  21  0.778  21  0.863   1  0.753   0.766 Y  0.570      SignalP-noTM
NP_417701.1                0.254  37  0.457  28  0.892  21  0.824   0.600 Y  0.450      SignalP-TM
NP_417701.1                0.555  28  0.689  28  0.965  20  0.898   0.787 Y  0.570      SignalP-noTM
NP_417702.1                0.224  28  0.388  28  0.821   8  0.710   0.514 Y  0.450      SignalP-TM
NP_417705.2                0.434  23  0.623  23  0.910  14  0.883   0.724 Y  0.450      SignalP-TM
NP_417705.2                0.834  23  0.891  23  0.965  22  0.950   0.919 Y  0.570      SignalP-noTM
NP_417708.1                0.150  33  0.278  13  0.826   2  0.773   0.471 Y  0.450      SignalP-TM
NP_417731.1                0.192  25  0.364  25  0.813  18  0.694   0.492 Y  0.450      SignalP-TM
NP_417731.1                0.241  23  0.446  23  0.931   3  0.856   0.639 Y  0.570      SignalP-noTM
NP_417733.1                0.162  21  0.348  21  0.868   1  0.779   0.516 Y  0.450      SignalP-TM
NP_417733.1                0.268  21  0.468  21  0.904   3  0.845   0.607 Y  0.510      SignalP-TM
NP_417784.4                0.375  24  0.553  24  0.918  20  0.823   0.658 Y  0.450      SignalP-TM
NP_417784.4                0.553  24  0.692  24  0.942  19  0.872   0.777 Y  0.570      SignalP-noTM
NP_417797.1                0.260  64  0.461  25  0.964  14  0.894   0.630 Y  0.450      SignalP-TM
NP_417797.1                0.672  25  0.783  25  0.957  17  0.899   0.838 Y  0.570      SignalP-noTM
NP_417806.1                0.428  26  0.632  26  0.955  14  0.932   0.749 Y  0.450      SignalP-TM
NP_417806.1                0.701  26  0.793  26  0.977  15  0.916   0.851 Y  0.570      SignalP-noTM
NP_417822.1                0.550  25  0.719  25  0.960  15  0.930   0.801 Y  0.450      SignalP-TM
NP_417822.1                0.753  25  0.841  25  0.986   7  0.955   0.895 Y  0.570      SignalP-noTM
NP_417828.1                0.150  27  0.285  12  0.857   4  0.804   0.487 Y  0.450      SignalP-TM
NP_417850.1                0.286  19  0.411  19  0.799  17  0.548   0.465 Y  0.450      SignalP-TM
NP_417850.1                0.736  19  0.780  19  0.956  17  0.805   0.792 Y  0.570      SignalP-noTM
NP_417863.1                0.198  52  0.289  14  0.873   2  0.814   0.494 Y  0.450      SignalP-TM
NP_417904.1                0.413  26  0.626  26  0.970  19  0.904   0.734 Y  0.450      SignalP-TM
NP_417904.1                0.723  26  0.836  26  0.987  22  0.959   0.894 Y  0.570      SignalP-noTM
NP_417905.1                0.156  23  0.339  23  0.898  13  0.770   0.507 Y  0.450      SignalP-TM
NP_417905.1                0.377  18  0.580  18  0.927  14  0.886   0.724 Y  0.570      SignalP-noTM
NP_417910.1                0.554  24  0.575  24  0.744  18  0.620   0.592 Y  0.450      SignalP-TM
NP_417910.1                0.804  24  0.839  24  0.930  21  0.875   0.856 Y  0.570      SignalP-noTM
NP_417915.1                0.392  24  0.492  24  0.701  15  0.605   0.536 Y  0.450      SignalP-TM
NP_417915.1                0.817  24  0.827  24  0.933  19  0.820   0.823 Y  0.570      SignalP-noTM
NP_417933.1                0.247  25  0.472  25  0.946  21  0.894   0.636 Y  0.450      SignalP-TM
NP_417933.1                0.820  23  0.890  23  0.985  21  0.955   0.921 Y  0.570      SignalP-noTM
NP_417963.4                0.153  18  0.377  18  0.950  15  0.928   0.636 Y  0.570      SignalP-noTM
NP_417963.4                0.205  29  0.379  29  0.917  17  0.780   0.536 Y  0.450      SignalP-TM
NP_417966.4                0.761  30  0.824  30  0.940  16  0.877   0.845 Y  0.450      SignalP-TM
NP_417966.4                0.837  30  0.855  30  0.985  17  0.904   0.878 Y  0.570      SignalP-noTM
NP_417967.1                0.560  22  0.716  22  0.978  19  0.884   0.782 Y  0.450      SignalP-TM
NP_417967.1                0.698  22  0.805  22  0.955  18  0.903   0.851 Y  0.570      SignalP-noTM
NP_417970.1                0.181  26  0.385  23  0.961  18  0.860   0.608 Y  0.570      SignalP-noTM
NP_417970.1                0.291  26  0.471  26  0.916  15  0.799   0.599 Y  0.450      SignalP-TM
NP_417984.1                0.722  25  0.784  25  0.929  19  0.812   0.797 Y  0.570      SignalP-noTM
NP_417986.4                0.127  43  0.289  16  0.842  11  0.771   0.477 Y  0.450      SignalP-TM
NP_417988.1                0.538  22  0.690  22  0.911  11  0.865   0.758 Y  0.450      SignalP-TM
NP_417988.1                0.880  22  0.911  22  0.958  20  0.931   0.920 Y  0.570      SignalP-noTM
NP_417989.1                0.342  26  0.554  26  0.993  12  0.932   0.732 Y  0.570      SignalP-noTM
NP_417989.1                0.466  28  0.609  28  0.968  14  0.859   0.706 Y  0.450      SignalP-TM
NP_418001.1                0.443  29  0.618  29  0.958  10  0.901   0.728 Y  0.450      SignalP-TM
NP_418001.1                0.638  29  0.720  29  0.966  18  0.871   0.791 Y  0.570      SignalP-noTM
NP_418004.4                0.454  31  0.459  31  0.716  28  0.507   0.478 Y  0.450      SignalP-TM
NP_418023.1                0.516  24  0.607  24  0.910   7  0.774   0.672 Y  0.450      SignalP-TM
NP_418023.1                0.780  24  0.784  24  0.903   1  0.820   0.801 Y  0.570      SignalP-noTM
NP_418028.1                0.315  18  0.530  18  0.922  16  0.883   0.667 Y  0.450      SignalP-TM
NP_418028.1                0.764  18  0.857  18  0.974  15  0.952   0.902 Y  0.570      SignalP-noTM
NP_418036.1                0.276  25  0.448  25  0.862  11  0.745   0.564 Y  0.450      SignalP-TM
NP_418036.1                0.815  25  0.858  25  0.965  11  0.917   0.885 Y  0.570      SignalP-noTM
NP_418041.1                0.268  31  0.388  22  0.852   5  0.784   0.542 Y  0.450      SignalP-TM
NP_418041.1                0.602  22  0.736  22  0.945  16  0.905   0.816 Y  0.570      SignalP-noTM
NP_418053.1                0.567  20  0.642  20  0.847  14  0.719   0.678 Y  0.570      SignalP-noTM
NP_418070.6                0.611  35  0.582  35  0.848  17  0.619   0.597 Y  0.450      SignalP-TM
NP_418070.6                0.862  35  0.804  35  0.952  16  0.798   0.801 Y  0.570      SignalP-noTM
NP_418071.4                0.161  24  0.344  24  0.923   6  0.788   0.517 Y  0.450      SignalP-TM
NP_418071.4                0.782  24  0.860  24  0.965  15  0.938   0.897 Y  0.570      SignalP-noTM
NP_418104.2                0.387  31  0.437  21  0.878  18  0.589   0.496 Y  0.450      SignalP-TM
NP_418104.2                0.685  21  0.780  21  0.951  15  0.840   0.808 Y  0.570      SignalP-noTM
NP_418117.1                0.355  23  0.509  23  0.912  21  0.770   0.632 Y  0.570      SignalP-noTM
NP_418128.1                0.117  18  0.291  18  0.819  11  0.725   0.460 Y  0.450      SignalP-TM
NP_418143.2                0.185  27  0.365  20  0.928  16  0.889   0.611 Y  0.570      SignalP-noTM
NP_418143.2                0.264  31  0.382  31  0.894  13  0.704   0.507 Y  0.450      SignalP-TM
NP_418175.3                0.647  24  0.718  24  0.897  18  0.731   0.723 Y  0.450      SignalP-TM
NP_418175.3                0.659  24  0.769  24  0.962  20  0.900   0.831 Y  0.570      SignalP-noTM
NP_418176.1                0.295  21  0.508  21  0.920  13  0.857   0.644 Y  0.450      SignalP-TM
NP_418176.1                0.640  26  0.728  26  0.970  20  0.882   0.800 Y  0.570      SignalP-noTM
NP_418184.1                0.396  28  0.591  28  0.955  18  0.907   0.714 Y  0.450      SignalP-TM
NP_418184.1                0.546  26  0.723  26  0.987  19  0.955   0.832 Y  0.570      SignalP-noTM
NP_418207.1                0.388  26  0.591  26  0.963   8  0.920   0.719 Y  0.450      SignalP-TM
NP_418207.1                0.839  26  0.838  26  0.971  19  0.893   0.864 Y  0.570      SignalP-noTM
NP_418245.1                0.450  34  0.592  25  0.957  21  0.890   0.708 Y  0.450      SignalP-TM
NP_418245.1                0.743  25  0.818  25  0.966  21  0.882   0.848 Y  0.570      SignalP-noTM
NP_418265.1                0.528  21  0.614  21  0.857  19  0.725   0.666 Y  0.570      SignalP-noTM
NP_418297.1                0.750  20  0.830  20  0.955  19  0.915   0.870 Y  0.570      SignalP-noTM
NP_418311.1                0.251  23  0.414  23  0.816   9  0.728   0.537 Y  0.450      SignalP-TM
NP_418311.1                0.672  21  0.765  21  0.932  16  0.880   0.819 Y  0.570      SignalP-noTM
NP_418330.1                0.559  34  0.463  34  0.911  17  0.624   0.526 Y  0.450      SignalP-TM
NP_418332.1                0.553  28  0.606  28  0.871  18  0.726   0.653 Y  0.450      SignalP-TM
NP_418352.1                0.802  20  0.761  20  0.838  19  0.701   0.733 Y  0.570      SignalP-noTM
NP_418355.1                0.736  24  0.759  24  0.924  13  0.804   0.780 Y  0.570      SignalP-noTM
NP_418355.1                0.750  24  0.794  24  0.925  16  0.855   0.818 Y  0.450      SignalP-TM
NP_418372.1                0.264  19  0.437  19  0.852   2  0.752   0.559 Y  0.450      SignalP-TM
NP_418372.1                0.818  19  0.843  19  0.932  18  0.869   0.855 Y  0.570      SignalP-noTM
NP_418379.1                0.163  23  0.381  23  0.957  12  0.874   0.573 Y  0.450      SignalP-TM
NP_418379.1                0.257  19  0.480  19  0.933  11  0.880   0.668 Y  0.570      SignalP-noTM
NP_418401.1                0.195  21  0.390  21  0.887  17  0.806   0.552 Y  0.450      SignalP-TM
NP_418401.1                0.828  21  0.832  21  0.903  17  0.849   0.840 Y  0.570      SignalP-noTM
NP_418430.2                0.586  27  0.711  27  0.975  12  0.904   0.786 Y  0.450      SignalP-TM
NP_418430.2                0.740  27  0.817  27  0.990  12  0.936   0.873 Y  0.570      SignalP-noTM
NP_418450.1                0.628  22  0.751  22  0.950  18  0.889   0.805 Y  0.450      SignalP-TM
NP_418450.1                0.853  22  0.907  22  0.990  15  0.960   0.932 Y  0.570      SignalP-noTM
NP_418451.4                0.139  21  0.315  21  0.864   9  0.736   0.479 Y  0.450      SignalP-TM
NP_418451.4                0.427  21  0.597  21  0.960  17  0.829   0.706 Y  0.570      SignalP-noTM
NP_418452.1                0.464  21  0.631  21  0.885  17  0.828   0.708 Y  0.450      SignalP-TM
NP_418452.1                0.827  21  0.876  21  0.951  19  0.920   0.896 Y  0.570      SignalP-noTM
NP_418453.1                0.410  21  0.546  21  0.888   1  0.743   0.638 Y  0.570      SignalP-noTM
NP_418458.1                0.213  25  0.387  25  0.882  10  0.746   0.527 Y  0.450      SignalP-TM
NP_418458.1                0.712  27  0.772  27  0.959  11  0.879   0.822 Y  0.570      SignalP-noTM
NP_418460.1                0.195  26  0.377  26  0.953   9  0.818   0.549 Y  0.450      SignalP-TM
NP_418460.1                0.795  26  0.813  26  0.976  11  0.890   0.849 Y  0.570      SignalP-noTM
NP_418461.1                0.513  27  0.677  27  0.964  10  0.922   0.772 Y  0.450      SignalP-TM
NP_418461.1                0.606  27  0.721  27  0.984  12  0.913   0.811 Y  0.570      SignalP-noTM
NP_418479.1                0.227  24  0.465  24  0.973  16  0.904   0.636 Y  0.450      SignalP-TM
NP_418479.1                0.643  26  0.768  26  0.992  18  0.935   0.847 Y  0.570      SignalP-noTM
NP_418491.1                0.353  22  0.479  22  0.864  18  0.681   0.558 Y  0.450      SignalP-TM
NP_418491.1                0.597  19  0.699  19  0.861   1  0.825   0.745 Y  0.510      SignalP-TM
NP_418494.1                0.265  27  0.485  27  0.929  25  0.808   0.611 Y  0.450      SignalP-TM
NP_418494.1                0.665  27  0.766  27  0.943  20  0.887   0.823 Y  0.570      SignalP-noTM
NP_418495.2                0.498  33  0.513  33  0.918  12  0.742   0.620 Y  0.570      SignalP-noTM
NP_418495.2                0.526  33  0.609  33  0.866  25  0.755   0.666 Y  0.450      SignalP-TM
NP_418499.1                0.286  19  0.480  19  0.914  18  0.786   0.600 Y  0.450      SignalP-TM
NP_418499.1                0.845  19  0.874  19  0.948  17  0.888   0.881 Y  0.570      SignalP-noTM
NP_418502.1                0.154  23  0.315  18  0.822   1  0.701   0.466 Y  0.450      SignalP-TM
NP_418502.1                0.752  18  0.779  18  0.906  14  0.808   0.792 Y  0.570      SignalP-noTM
NP_418504.1                0.134  26  0.315  26  0.814  23  0.743   0.482 Y  0.450      SignalP-TM
NP_418506.1                0.236  45  0.415  36  0.866  32  0.690   0.522 Y  0.450      SignalP-TM
NP_418507.2                0.725  30  0.728  30  0.920  17  0.822   0.772 Y  0.570      SignalP-noTM
NP_418507.2                0.828  30  0.837  30  0.967  13  0.885   0.856 Y  0.450      SignalP-TM
NP_418512.1                0.353  24  0.499  24  0.837  21  0.702   0.578 Y  0.450      SignalP-TM
NP_418512.1                0.810  24  0.875  24  0.977  20  0.913   0.893 Y  0.570      SignalP-noTM
NP_418529.1                0.567  27  0.619  27  0.920   6  0.778   0.694 Y  0.570      SignalP-noTM
NP_418529.1                0.781  27  0.797  27  0.934  10  0.814   0.804 Y  0.450      SignalP-TM
NP_418549.1                0.144  39  0.282  13  0.834   8  0.795   0.482 Y  0.450      SignalP-TM
NP_418559.1                0.286  39  0.365  20  0.761   8  0.718   0.503 Y  0.450      SignalP-TM
NP_418559.1                0.853  20  0.890  20  0.969  18  0.923   0.905 Y  0.570      SignalP-noTM
NP_418568.2                0.199  28  0.367  23  0.775  22  0.627   0.468 Y  0.450      SignalP-TM
NP_418568.2                0.443  28  0.503  28  0.868   8  0.701   0.596 Y  0.570      SignalP-noTM
NP_418573.1                0.216  19  0.441  19  0.967   8  0.911   0.662 Y  0.570      SignalP-noTM
NP_418573.1                0.247  31  0.372  31  0.935  15  0.742   0.516 Y  0.450      SignalP-TM
NP_418574.1                0.202  20  0.401  20  0.895   6  0.817   0.563 Y  0.450      SignalP-TM
NP_418574.1                0.854  20  0.882  20  0.959  18  0.912   0.896 Y  0.570      SignalP-noTM
NP_418583.1                0.520  20  0.586  20  0.785  18  0.641   0.608 Y  0.450      SignalP-TM
NP_418583.1                0.667  20  0.787  20  0.943  16  0.917   0.848 Y  0.570      SignalP-noTM
NP_418590.1                0.484  23  0.635  23  0.898  21  0.808   0.702 Y  0.450      SignalP-TM
NP_418590.1                0.861  23  0.914  23  0.981  13  0.964   0.938 Y  0.570      SignalP-noTM
NP_418609.4                0.380  30  0.435  30  0.784  19  0.532   0.473 Y  0.450      SignalP-TM
NP_418610.4                0.286  38  0.468  36  0.967  21  0.848   0.616 Y  0.450      SignalP-TM
NP_418610.4                0.447  30  0.653  30  0.989  19  0.946   0.791 Y  0.570      SignalP-noTM
NP_418620.1                0.396  22  0.575  22  0.919  19  0.846   0.681 Y  0.450      SignalP-TM
NP_418620.1                0.833  21  0.891  21  0.968  20  0.948   0.918 Y  0.570      SignalP-noTM
NP_418634.1                0.235  20  0.412  20  0.866   4  0.763   0.549 Y  0.450      SignalP-TM
NP_418634.1                0.787  20  0.844  20  0.934   4  0.910   0.875 Y  0.570      SignalP-noTM
NP_418637.1                0.397  21  0.569  21  0.903   5  0.832   0.672 Y  0.450      SignalP-TM
NP_418637.1                0.734  21  0.832  21  0.971  18  0.931   0.878 Y  0.570      SignalP-noTM
NP_418639.1                0.559  27  0.500  27  0.740  12  0.545   0.517 Y  0.450      SignalP-TM
NP_418641.1                0.215  22  0.433  22  0.923  11  0.859   0.599 Y  0.450      SignalP-TM
NP_418641.1                0.861  22  0.890  22  0.948  18  0.914   0.901 Y  0.570      SignalP-noTM
NP_418648.1                0.431  22  0.638  22  0.959  16  0.923   0.750 Y  0.450      SignalP-TM
NP_418648.1                0.849  22  0.912  22  0.992  11  0.967   0.938 Y  0.570      SignalP-noTM
NP_418710.4                0.789  22  0.767  22  0.821  21  0.696   0.739 Y  0.450      SignalP-TM
NP_418710.4                0.843  22  0.891  22  0.963   8  0.934   0.911 Y  0.570      SignalP-noTM
NP_418711.1                0.161  34  0.339  31  0.796  20  0.680   0.472 Y  0.450      SignalP-TM
NP_418711.1                0.831  34  0.879  34  0.980  24  0.866   0.873 Y  0.570      SignalP-noTM
NP_418730.4                0.185  19  0.401  19  0.907  12  0.851   0.576 Y  0.450      SignalP-TM
NP_418730.4                0.747  20  0.837  20  0.971  16  0.935   0.883 Y  0.570      SignalP-noTM
NP_418731.2                0.708  24  0.778  24  0.958  19  0.885   0.828 Y  0.570      SignalP-noTM
NP_418731.2                0.742  24  0.808  24  0.939  10  0.884   0.837 Y  0.450      SignalP-TM
NP_418734.1                0.584  24  0.750  24  0.980  10  0.956   0.830 Y  0.450      SignalP-TM
NP_418734.1                0.780  24  0.876  24  0.995  11  0.977   0.923 Y  0.570      SignalP-noTM
NP_418735.2                0.153  41  0.366  20  0.935   4  0.906   0.576 Y  0.450      SignalP-TM
NP_418735.2                0.716  20  0.830  20  0.980  17  0.956   0.890 Y  0.570      SignalP-noTM
NP_418737.1                0.415  38  0.616  38  0.934  31  0.707   0.659 Y  0.570      SignalP-noTM
NP_418738.1                0.437  23  0.564  23  0.848   7  0.764   0.642 Y  0.450      SignalP-TM
NP_418738.1                0.871  23  0.918  23  0.983  20  0.959   0.937 Y  0.570      SignalP-noTM
NP_418739.1                0.292  24  0.499  24  0.929  18  0.828   0.627 Y  0.450      SignalP-TM
NP_418739.1                0.773  24  0.868  24  0.985  14  0.966   0.914 Y  0.570      SignalP-noTM
NP_418740.1                0.224  20  0.432  20  0.903  14  0.821   0.584 Y  0.450      SignalP-TM
NP_418740.1                0.539  20  0.724  20  0.984  18  0.956   0.833 Y  0.570      SignalP-noTM
NP_418753.3                0.380  39  0.523  39  0.860  27  0.765   0.618 Y  0.450      SignalP-TM
NP_418775.1                0.136  35  0.286  11  0.855   7  0.829   0.497 Y  0.450      SignalP-TM
NP_418780.2                0.599  26  0.753  26  0.976  10  0.948   0.829 Y  0.450      SignalP-TM
NP_418780.2                0.860  26  0.875  26  0.983  12  0.920   0.896 Y  0.570      SignalP-noTM
NP_418793.1                0.469  29  0.656  29  0.981   8  0.943   0.768 Y  0.450      SignalP-TM
NP_418793.1                0.787  29  0.825  29  0.979  20  0.916   0.867 Y  0.570      SignalP-noTM
NP_418804.1                0.205  31  0.390  31  0.882  12  0.777   0.541 Y  0.450      SignalP-TM
NP_418809.4                0.590  28  0.594  28  0.766  25  0.541   0.573 Y  0.450      SignalP-TM
NP_418809.4                0.803  28  0.770  28  0.903  25  0.743   0.757 Y  0.570      SignalP-noTM
NP_418814.1                0.555  22  0.577  22  0.744  19  0.623   0.595 Y  0.450      SignalP-TM
NP_418814.1                0.800  22  0.826  22  0.931  19  0.835   0.830 Y  0.570      SignalP-noTM
YP_001165332.1             0.175  38  0.373  30  0.939  15  0.863   0.564 Y  0.450      SignalP-TM
YP_001165332.1             0.744  30  0.821  30  0.987  15  0.900   0.858 Y  0.570      SignalP-noTM
YP_002791241.1             0.218  34  0.280  20  0.858  12  0.746   0.461 Y  0.450      SignalP-TM
YP_025292.1                0.154  22  0.321  22  0.793   7  0.671   0.458 Y  0.450      SignalP-TM
YP_025304.1                0.196  22  0.388  22  0.843   2  0.790   0.545 Y  0.450      SignalP-TM
YP_026189.1                0.232  32  0.408  32  0.937   4  0.835   0.574 Y  0.450      SignalP-TM
YP_026189.1                0.283  23  0.517  23  0.965  21  0.942   0.716 Y  0.570      SignalP-noTM
YP_026195.1                0.251  19  0.467  19  0.912  18  0.868   0.624 Y  0.450      SignalP-TM
YP_026195.1                0.889  19  0.900  19  0.950   8  0.904   0.902 Y  0.570      SignalP-noTM
YP_026223.1                0.515  24  0.571  24  0.734  20  0.635   0.596 Y  0.450      SignalP-TM
YP_026223.1                0.832  24  0.849  24  0.941  20  0.863   0.855 Y  0.570      SignalP-noTM
YP_026226.4                0.510  24  0.653  24  0.934  12  0.846   0.744 Y  0.570      SignalP-noTM
YP_026226.4                0.677  24  0.721  24  0.876  12  0.749   0.732 Y  0.450      SignalP-TM
YP_026228.1                0.160  32  0.315  18  0.875   7  0.825   0.514 Y  0.450      SignalP-TM
YP_026228.1                0.162  18  0.369  18  0.860   5  0.828   0.539 Y  0.510      SignalP-TM
YP_026230.1                0.420  28  0.593  28  0.930  22  0.747   0.653 Y  0.450      SignalP-TM
YP_026230.1                0.533  28  0.569  28  0.771  22  0.481   0.536 Y  0.510      SignalP-TM
YP_026240.1                0.375  37  0.453  37  0.805   6  0.634   0.524 Y  0.450      SignalP-TM
YP_026240.1                0.411  29  0.588  29  0.952  10  0.871   0.721 Y  0.570      SignalP-noTM
YP_026261.1                0.615  33  0.762  33  0.976  29  0.751   0.757 Y  0.570      SignalP-noTM
YP_026277.1                0.591  22  0.693  22  0.870  17  0.825   0.745 Y  0.450      SignalP-TM
YP_026277.1                0.806  22  0.823  22  0.889  20  0.840   0.831 Y  0.570      SignalP-noTM
YP_026281.1                0.510  23  0.633  23  0.914   4  0.825   0.708 Y  0.450      SignalP-TM
YP_026281.1                0.721  23  0.793  23  0.920  11  0.879   0.833 Y  0.570      SignalP-noTM
YP_026283.1                0.254  23  0.441  23  0.947   2  0.828   0.623 Y  0.570      SignalP-noTM
YP_026283.1                0.265  25  0.366  25  0.908   6  0.664   0.482 Y  0.450      SignalP-TM
YP_026284.1                0.170  24  0.373  24  0.931   9  0.853   0.560 Y  0.450      SignalP-TM
YP_026284.1                0.270  22  0.486  22  0.949   5  0.900   0.681 Y  0.570      SignalP-noTM
YP_588440.1                0.134  28  0.354  24  0.985  12  0.951   0.587 Y  0.450      SignalP-TM
YP_588440.1                0.187  20  0.421  20  0.970  17  0.946   0.668 Y  0.570      SignalP-noTM
YP_588452.1                0.135  28  0.358  24  0.987  12  0.964   0.595 Y  0.450      SignalP-TM
YP_588452.1                0.189  20  0.425  20  0.979  17  0.955   0.674 Y  0.570      SignalP-noTM
YP_588453.1                0.374  25  0.503  25  0.933  15  0.780   0.633 Y  0.570      SignalP-noTM
YP_588453.1                0.771  28  0.800  28  0.884  18  0.792   0.797 Y  0.450      SignalP-TM
YP_588469.1                0.418  27  0.483  27  0.944   4  0.732   0.600 Y  0.570      SignalP-noTM
YP_588469.1                0.481  27  0.600  27  0.882  11  0.801   0.678 Y  0.450      SignalP-TM
YP_588471.1                0.645  22  0.547  22  0.517  20  0.466   0.516 Y  0.450      SignalP-TM
YP_588473.1                0.130  32  0.300  22  0.906   2  0.836   0.509 Y  0.450      SignalP-TM
YP_588473.1                0.159  24  0.360  24  0.946   2  0.850   0.590 Y  0.570      SignalP-noTM
