NP_414561.1	6020|ECK120005542|NhaR	100.0	301	0	0	1	301	1	301	5.0e-177	610.9
NP_414576.4	6041|ECK120007182|CaiF	100.0	131	0	0	1	131	1	131	2.9e-73	265.0
NP_414606.1	sp|P0A9E0|ARAC_ECOLI|AraC|AraC/XylS	100.0	292	0	0	1	292	1	292	7.5e-178	613.6
NP_414618.4	sp|P10151|LEUO_ECOLI|LeuO|LysR	100.0	314	0	0	1	314	1	314	1.4e-182	629.4
NP_414622.1	5990|ECK120004808|Cra	99.7	334	1	0	1	334	1	334	2.5e-193	665.2
NP_414655.1	sp|P0ACL9|PDHR_ECOLI|PdhR|GntR	100.0	254	0	0	1	254	1	254	3.0e-138	481.9
NP_414744.1	sp|P72131|PTXR_PSEAE|PtxR|LysR	32.8	293	191	4	8	297	16	305	1.2e-37	147.9
NP_414760.1	sp|Q47149|YAFQ_ECOLI|DinJ|RelB	100.0	92	0	0	1	92	1	92	1.5e-52	195.7
NP_414761.1	sp|Q47150|DINJ_ECOLI|DinJ|RelB	100.0	86	0	0	1	86	1	86	7.1e-44	166.8
NP_414788.1	tr|B3G2A3|B3G2A3_PSEAI|PltR|LysR	24.5	277	193	6	21	283	19	293	9.1e-14	68.6
NP_414806.1	tr|Q88N41|Q88N41_PSEPK|PcaR|IclR	30.0	227	154	3	6	230	47	270	1.3e-24	104.4
NP_414846.1	6014|ECK120005268|PutA	28.3	460	299	10	20	466	657	1098	7.9e-39	152.5
NP_414864.1	5994|ECK120004854|NtrC	39.5	392	194	8	164	527	88	464	6.1e-61	226.1
NP_414872.3	tr|Q92TL9|Q92TL9_RHIME|PcaQ|LysR	28.3	212	150	1	4	213	9	220	9.5e-19	85.1
NP_414879.3	6013|ECK120005267|PurR	31.6	307	201	6	5	305	3	306	3.7e-33	133.3
NP_414933.1	6011|ECK120005195|PhoB	100.0	229	0	0	1	229	1	229	5.2e-134	467.6
NP_414947.1	6024|ECK120005767|NrdR	100.0	149	0	0	1	149	1	149	2.3e-82	295.4
NP_414981.4	tr|Q7MBU9|Q7MBU9_VIBVY|PutR|Lrp	35.7	143	92	0	2	144	6	148	3.2e-23	99.0
NP_414997.1	sp|Q9AIU0|TTGR_PSEPT|TtgR|TetR	37.8	209	130	0	1	209	1	209	1.2e-39	154.1
NP_415020.1	tr|A0A0F6AXY2|A0A0F6AXY2_SALT1|CueR|MerR	91.8	134	11	0	1	134	1	134	7.0e-70	253.8
NP_415039.1	6000|ECK120004960|IclR	42.4	264	149	2	6	266	8	271	4.7e-57	212.2
NP_415068.1	6029|ECK120006033|EvgA	32.3	201	133	2	5	205	2	199	5.8e-31	125.2
NP_415096.1	6033|ECK120006601|GadW	36.3	234	147	2	1	233	1	233	6.6e-42	161.8
NP_415098.1	6034|ECK120006602|GadX	39.7	194	117	0	58	251	54	247	2.5e-36	143.3
NP_415103.1	tr|Q87Z28|Q87Z28_PSESM|CopR|CopY	57.0	223	94	2	1	223	1	221	1.6e-71	260.0
NP_415139.2	O05268|FNR	28.9	305	193	14	213	504	8	301	2.1e-21	94.7
NP_415153.1	O34534|CitT	33.8	219	144	1	7	224	4	222	1.7e-36	143.7
NP_415162.4	tr|Q8Z9H8|Q8Z9H8_SALTI|LeuO|LysR	28.4	289	185	9	18	295	15	292	8.8e-23	98.6
NP_415202.1	6007|ECK120005105|NagC	100.0	406	0	0	1	406	1	406	3.5e-234	801.2
NP_415209.1	sp|P0A9A9|FUR_ECOLI|Fur|Fur	100.0	148	0	0	1	148	1	148	9.0e-87	310.1
NP_415222.1	tr|I6L8Z5|I6L8Z5_STRMU|CovR|OmpR/PhoB	37.1	229	136	2	1	221	1	229	3.4e-37	146.0
NP_415282.1	6042|ECK120007456|ModE	100.0	262	0	0	1	262	1	262	4.0e-146	508.1
NP_415289.4	tr|Q9K1H8|Q9K1H8_NEIMB|OxyR|LysR	26.4	280	192	4	5	274	3	278	4.2e-17	79.7
NP_415338.1	sp|P0A9F1|MNTR_ECOLI|MntR|DtxR/MntR_family	100.0	155	0	0	1	155	1	155	2.6e-84	302.0
NP_415361.1	5983|ECK120004693|DeoR	100.0	252	0	0	1	252	1	252	8.2e-149	516.9
NP_415408.1	O05268|FNR	27.5	324	210	11	4	315	5	315	7.8e-19	85.5
NP_415409.1	sp|P0ACJ0|LRP_ECOLI|Lrp|Lrp	100.0	164	0	0	1	164	1	164	1.8e-91	325.9
NP_415420.1	tr|Q0WF12|Q0WF12_YERPE|RovM|LysR	25.4	291	209	5	4	288	3	291	5.2e-25	105.9
NP_415432.1	5996|ECK120004910|IHF	100.0	94	0	0	1	94	1	94	3.9e-51	191.0
NP_415476.1	sp|P0A8N0|MATP_ECOLI|MatP|GntR	100.0	150	0	0	1	150	1	150	3.0e-82	295.0
NP_415515.1	6035|ECK120006809|TorR	100.0	230	0	0	1	230	1	230	2.7e-130	455.3
NP_415533.1	sp|P0ACU2|RUTR_ECOLI|RutR|TetR	100.0	212	0	0	1	212	1	212	4.8e-118	414.5
NP_415534.1	6014|ECK120005268|PutA	99.8	1320	0	1	1	1320	1	1317	0.0e+00	2564.6
NP_415558.1	sp|P52106|CSGD_ECOLI|CsgD|LuxR	100.0	216	0	0	1	216	1	216	1.1e-122	429.9
NP_415629.4	tr|Q9HZR6|Q9HZR6_PSEAE|CifR|TetR	32.8	195	130	1	12	206	3	196	1.9e-29	120.2
NP_415648.1	sp|P23836|PHOP_ECOLI|PhoP|OmpR/PhoB	100.0	223	0	0	1	223	1	223	3.3e-125	438.3
NP_415680.1	6032|ECK120006403|MlrA	48.7	238	122	0	1	238	1	238	9.0e-68	247.7
NP_415701.1	tr|Q6MHM9|Q6MHM9_BDEBA|LexA|LexA	31.9	135	80	4	11	136	107	238	6.0e-16	74.7
NP_415705.1	5985|ECK120004751|FadR	100.0	239	0	0	1	239	1	239	1.7e-140	489.2
NP_415719.2	5994|ECK120004854|NtrC	29.3	413	248	10	256	631	64	469	2.0e-37	148.3
NP_415739.1	sp|P0AF28|NARL_ECOLI|NarL|NarL/FixJ	100.0	216	0	0	1	216	1	216	2.4e-117	412.1
NP_415753.1	sp|P0ACF8|HNS_ECOLI|H-NS|H-NS	100.0	137	0	0	1	137	1	137	2.3e-60	222.2
NP_415791.1	5981|ECK120004655|CysB	100.0	324	0	0	1	324	1	324	2.0e-187	645.6
NP_415800.1	6053|ECK120008789|UlaR	26.6	252	165	5	4	244	6	248	1.1e-17	81.3
NP_415816.1	6014|ECK120005268|PutA	27.8	489	315	13	2	472	626	1094	1.9e-40	157.9
NP_415819.4	tr|Q74D24|Q74D24_GEOSL|PilR|NtrC/DctD	41.2	323	169	5	8	322	143	452	3.5e-59	219.5
NP_415836.1	tr|Q9CF33|Q9CF33_LACLA|CcpA|LacI/GalR	29.8	325	220	4	4	328	7	323	5.9e-38	149.1
NP_415839.1	6019|ECK120005507|TyrR	100.0	513	0	0	1	513	1	513	5.0e-294	1000.3
NP_415844.1	tr|Q0WF12|Q0WF12_YERPE|RovM|LysR	25.8	279	201	4	5	280	3	278	9.5e-19	85.1
NP_415850.1	sp|P0A9E5|FNR_ECOLI|FNR|FNR/CRP	100.0	250	0	0	1	250	1	250	1.3e-143	499.6
NP_415851.1	5974|ECK120004502|Ada	52.3	88	42	0	79	166	261	348	1.9e-24	103.2
NP_415855.1	tr|Q92TL9|Q92TL9_RHIME|PcaQ|LysR	29.4	299	201	6	4	296	5	299	4.6e-29	119.4
NP_415939.2	tr|Q92TL9|Q92TL9_RHIME|PcaQ|LysR	32.1	299	202	1	6	303	1	299	2.9e-47	179.9
NP_415961.1	6014|ECK120005268|PutA	31.0	455	279	11	16	453	658	1094	2.1e-44	171.0
NP_416016.1	6033|ECK120006601|GadW	34.2	237	149	3	1	232	1	235	5.4e-31	125.6
NP_416024.1	sp|P23874|HIPA_ECOLI|HipB|XRE	100.0	440	0	0	1	440	1	440	8.2e-261	889.8
NP_416025.1	sp|P23873|HIPB_ECOLI|HipB|XRE	100.0	88	0	0	1	88	1	88	2.1e-46	175.3
NP_416042.2	6014|ECK120005268|PutA	24.7	442	309	7	12	440	664	1094	2.9e-27	114.0
NP_416048.2	6026|ECK120005874|MarA	100.0	127	0	0	1	127	1	127	5.4e-72	260.8
NP_416081.1	sp|P0C077|RELE_ECOLI|RelB|RelB	100.0	95	0	0	1	95	1	95	2.8e-49	184.9
NP_416082.1	sp|P0C079|RELB_ECOLI|RelB|RelB	100.0	79	0	0	1	79	1	79	7.5e-40	153.3
NP_416111.1	6045|ECK120007897|DgsA	99.8	406	1	0	1	406	1	406	6.2e-231	790.4
NP_416112.1	tr|A0A024HKB0|A0A024HKB0_PSEKB|ClcR|LysR	31.0	290	190	3	3	288	1	284	3.2e-35	139.8
NP_416125.2	6046|ECK120007909|RstA	100.0	239	0	0	1	239	4	242	1.5e-136	476.1
NP_416137.1	sp|P18811|MALI_ECOLI|MalI|LacI/GalR	100.0	342	0	0	1	342	1	342	6.3e-192	660.6
NP_416159.2	6047|ECK120007927|SlyA	99.3	144	1	0	1	144	1	144	2.4e-76	275.4
NP_416175.1	6013|ECK120005267|PurR	100.0	341	0	0	1	341	1	341	4.0e-199	684.5
NP_416227.1	sp|P0A6X7|IHFA_ECOLI|IHF|IHF/HU	100.0	99	0	0	1	99	1	99	2.2e-52	195.3
NP_416260.1	6014|ECK120005268|PutA	32.0	437	255	13	33	449	678	1092	1.2e-42	165.2
NP_416284.1	P46337|IolR	29.5	244	169	2	6	248	5	246	3.5e-30	122.9
NP_416313.4	6037|ECK120006834|Dan	49.1	291	148	0	1	291	2	292	1.1e-78	284.3
NP_416341.1	tr|Q88N41|Q88N41_PSEPK|PcaR|IclR	32.8	250	163	4	10	256	42	289	1.9e-31	127.1
NP_416367.1	tr|Q8EE97|Q8EE97_SHEON|HexR|RpiR	73.6	280	74	0	1	280	1	280	2.8e-116	409.1
NP_416406.4	5988|ECK120004790|FlhDC	100.0	116	0	0	1	116	1	116	1.9e-60	222.2
NP_416424.1	tr|Q9HXD3|Q9HXD3_PSEAE|NarL|NarL/FixJ	31.2	208	142	1	2	209	12	218	1.2e-26	110.9
NP_416426.1	sp|P54292|RHLR_PSEAE|LasR|LuxR	40.8	238	141	0	3	240	4	241	2.1e-48	183.3
NP_416432.3	P10726|SigD	39.4	226	135	1	16	239	27	252	5.4e-41	158.7
NP_416478.2	tr|Q87Z28|Q87Z28_PSESM|CopR|CopY	54.4	217	98	1	1	216	1	217	2.2e-65	239.6
NP_416492.1	tr|G3XCU6|G3XCU6_PSEAE|CysB|LysR	42.5	313	180	0	1	313	1	313	6.8e-76	275.0
NP_416493.1	6048|ECK120008111|Nac	100.0	305	0	0	1	305	1	305	9.3e-163	563.5
NP_416583.1	6030|ECK120006042|BaeR	100.0	240	0	0	1	240	1	240	5.6e-139	484.2
NP_416629.4	sp|P26275|ALGR_PSEAE|AlgR|LytR	29.5	244	159	7	2	234	1	242	2.8e-21	93.2
NP_416631.1	6032|ECK120006403|MlrA	100.0	243	0	0	1	243	1	243	3.1e-145	505.0
NP_416656.1	5993|ECK120004834|GalS	100.0	346	0	0	1	346	1	346	2.1e-195	672.2
NP_416662.1	G4NXL6|YwfK	33.7	267	172	3	8	269	6	272	3.8e-36	142.9
NP_416697.1	6027|ECK120005957|NarP	100.0	215	0	0	1	215	1	215	3.9e-115	404.8
NP_416717.1	5974|ECK120004502|Ada	100.0	354	0	0	1	354	1	354	4.2e-207	711.1
NP_416721.1	6015|ECK120005288|RcsB	100.0	216	0	0	1	216	1	216	7.6e-119	417.2
NP_416722.2	E8VJL5|Spo0A	24.1	257	179	4	440	690	251	497	3.1e-15	75.1
NP_416723.1	E8VJL5|Spo0A	31.0	239	163	2	364	601	261	498	2.8e-33	134.4
NP_416724.1	tr|Q74EF9|Q74EF9_GEOSL|GnfM|NtrC/DctD	44.2	475	244	3	4	457	3	477	2.5e-111	393.3
NP_416870.1	6029|ECK120006033|EvgA	100.0	204	0	0	1	204	1	204	1.2e-113	399.8
NP_416871.1	tr|Q87Z28|Q87Z28_PSESM|CopR|CopY	35.8	106	66	2	961	1066	4	107	9.1e-12	63.9
NP_416882.1	sp|P26275|ALGR_PSEAE|AlgR|LytR	27.3	249	172	6	1	243	1	246	5.5e-17	79.0
NP_416900.1	tr|H2GUE0|H2GUE0_CORD7|OxyR|LysR	30.0	250	170	2	5	250	6	254	6.7e-25	105.5
NP_416904.1	tr|Q9K1H8|Q9K1H8_NEIMB|OxyR|LysR	27.1	255	169	2	4	247	2	250	8.3e-26	108.6
NP_416986.4	5986|ECK120004771|FhlA	50.7	564	261	4	104	664	137	686	8.1e-143	498.4
NP_416991.2	P05648|DnaA	23.2	198	140	3	46	232	147	343	5.0e-15	72.4
NP_417026.1	6049|ECK120008346|IscR	100.0	162	0	0	1	162	1	162	7.3e-90	320.5
NP_417032.1	tr|F8G324|F8G324_PSEP6|CatR|LysR	36.0	292	181	5	1	290	1	288	4.6e-42	162.5
NP_417049.1	tr|Q74EF9|Q74EF9_GEOSL|GnfM|NtrC/DctD	38.1	464	246	5	8	430	6	469	6.6e-85	305.4
NP_417068.1	tr|Q9KPA6|Q9KPA6_VIBCH|RpoE|Sigma_70	73.7	190	49	1	1	189	1	190	1.8e-79	286.2
NP_417147.1	6014|ECK120005268|PutA	30.4	454	282	8	25	461	658	1094	3.0e-46	177.2
NP_417155.1	tr|Q6VQX1|Q6VQX1_YERPU|H-NS|H-NS	55.1	136	58	3	1	134	1	135	3.4e-32	128.6
NP_417187.1	P46337|IolR	30.5	239	164	2	12	249	11	248	1.7e-32	130.6
NP_417189.2	5986|ECK120004771|FhlA	40.8	363	199	2	97	452	284	637	5.2e-70	256.1
NP_417194.2	5978|ECK120004559|AscG	100.0	336	0	0	1	336	1	336	2.2e-189	652.1
NP_417211.1	5986|ECK120004771|FhlA	100.0	692	0	0	1	692	1	692	0.0e+00	1355.1
NP_417215.2	tr|T1ZD52|T1ZD52_STRIT|LacR|GntR	32.6	230	153	2	6	234	5	233	1.0e-29	121.3
NP_417221.1	P06224|SigA	43.0	321	175	4	1	314	39	358	9.7e-65	238.0
NP_417248.1	P30300|GlpP	29.3	174	123	0	11	184	8	181	3.0e-26	109.4
NP_417266.1	tr|Q7APB9|Q7APB9_RHIME|CtrA|OmpR/PhoB	27.6	145	94	4	668	808	1	138	2.0e-11	62.4
NP_417288.1	6031|ECK120006205|GcvA	100.0	305	0	0	1	305	1	305	8.9e-174	600.1
NP_417314.1	5992|ECK120004833|GalR	100.0	343	0	0	1	343	1	343	7.9e-195	670.2
NP_417345.1	tr|Q74EF9|Q74EF9_GEOSL|GnfM|NtrC/DctD	44.3	336	168	6	268	586	140	473	4.0e-69	253.4
NP_417391.1	5999|ECK120004959|ArgP	100.0	297	0	0	1	297	1	297	8.2e-172	593.6
NP_417497.1	tr|Q8Z1P4|Q8Z1P4_SALTI|PmrA|OmpR/PhoB	45.8	216	117	0	1	216	1	216	4.0e-51	192.2
NP_417532.1	6037|ECK120006834|Dan	100.0	310	0	0	1	310	1	310	1.8e-182	629.0
NP_417539.1	P06224|SigA	69.3	238	73	0	375	612	134	371	1.7e-91	327.8
NP_417546.1	tr|F9UQH6|F9UQH6_LACPL|CcpA|LacI/GalR	24.8	339	229	10	3	327	7	333	3.1e-23	100.1
NP_417565.2	6038|ECK120006852|ExuR	100.0	258	0	0	1	258	1	258	5.8e-150	520.8
NP_417588.1	tr|Q9I1R1|Q9I1R1_PSEAE|PA2206|LysR	24.3	263	195	3	22	280	29	291	3.1e-20	90.1
NP_417600.1	6050|ECK120008623|AgaR	100.0	269	0	0	1	269	1	269	3.3e-148	515.0
NP_417669.1	sp|P24255|RP54_ECOLI|RpoN|Sigma_54	100.0	397	0	0	81	477	81	477	5.8e-228	780.8
NP_417693.3	6051|ECK120008667|NanR	100.0	263	0	0	1	263	1	263	1.1e-135	473.4
NP_417704.1	5977|ECK120004542|ArgR	100.0	156	0	0	1	156	1	156	6.3e-83	297.4
NP_417710.1	tr|B3G2A3|B3G2A3_PSEAI|PltR|LysR	27.6	286	201	2	9	288	12	297	2.8e-34	136.7
NP_417727.1	sp|P0A6R3|FIS_ECOLI|FIS|FIS	100.0	98	0	0	1	98	1	98	1.2e-50	189.5
NP_417730.1	sp|Q9AIU0|TTGR_PSEPT|TtgR|TetR	33.2	205	128	4	1	200	1	201	1.0e-22	97.8
NP_417751.1	tr|A0A0F6AXY2|A0A0F6AXY2_SALT1|CueR|MerR	37.0	127	77	2	4	130	3	126	2.2e-18	82.8
NP_417816.1	sp|P0ACJ8|CRP_ECOLI|CRP|FNR/CRP	100.0	210	0	0	1	210	1	210	5.1e-120	421.0
NP_417834.6	tr|D4G1L9|D4G1L9_BACNB|AraR|LacI/GalR	52.8	72	34	0	13	84	27	98	1.2e-14	71.2
NP_417864.1	sp|P0AA16|OMPR_ECOLI|OmpR|OmpR/PhoB	100.0	239	0	0	1	239	1	239	1.5e-136	476.1
NP_417877.1	6004|ECK120005031|MalT	100.0	901	0	0	1	901	1	901	0.0e+00	1780.0
NP_417880.1	tr|G3XCV0|G3XCV0_PSEAE|FleQ|NtrC/DctD	34.6	292	166	5	195	470	154	436	1.5e-38	151.8
NP_417918.1	P06224|SigA	31.4	264	168	7	19	279	105	358	6.9e-27	112.1
NP_417938.1	sp|P0A6Z6|NIKR_ECOLI|NikR|CopG/NikR	100.0	133	0	0	1	133	1	133	6.0e-74	267.3
NP_417969.1	6028|ECK120005974|GadE	100.0	175	0	0	1	175	1	175	3.3e-96	341.7
NP_417972.1	6033|ECK120006601|GadW	100.0	242	0	0	1	242	1	242	9.7e-139	483.4
NP_417973.1	6034|ECK120006602|GadX	100.0	274	0	0	1	274	1	274	3.8e-155	538.1
NP_417977.1	tr|A7MXJ7|A7MXJ7_VIBCB|LuxR|LuxR	27.3	198	140	3	3	196	7	204	7.8e-17	78.2
NP_417978.2	tr|H2GUE0|H2GUE0_CORD7|OxyR|LysR	29.7	155	106	2	7	158	13	167	5.6e-11	59.3
NP_417985.1	tr|Q88RJ2|Q88RJ2_PSEPK|AauR|FIS	38.8	407	241	5	2	401	5	410	1.9e-81	293.9
NP_418026.1	6040|ECK120006924|XylR	100.0	392	0	0	1	392	1	392	1.9e-229	785.4
NP_418061.1	tr|Q9HV39|Q9HV39_PSEAE|LldR|GntR	41.6	250	133	5	3	244	6	250	2.8e-43	166.4
NP_418125.1	tr|I6XGD8|I6XGD8_MYCTU|DosR|LuxR	36.1	202	115	4	1	189	1	201	2.0e-25	106.7
NP_418157.1	5984|ECK120004705|DnaA	99.8	467	1	0	1	467	1	467	3.0e-269	917.9
NP_418178.1	P15400|SacY	29.8	456	308	6	3	451	4	454	5.5e-53	199.9
NP_418179.1	P39805|LicT	40.2	276	164	1	3	277	1	276	4.5e-63	232.3
NP_418199.1	5979|ECK120004565|AsnC	100.0	152	0	0	1	152	1	152	2.8e-83	298.5
NP_418209.1	6013|ECK120005267|PurR	47.0	330	174	1	1	329	1	330	9.9e-86	307.8
NP_418221.1	G4NVN1|CcpC	23.1	295	213	6	1	293	1	283	8.5e-20	88.6
NP_418272.1	6006|ECK120005060|MetR	100.0	317	0	0	1	317	1	317	2.4e-185	638.6
NP_418304.1	5994|ECK120004854|NtrC	100.0	469	0	0	1	469	1	469	1.3e-272	929.1
NP_418320.2	5995|ECK120004869|GlpR	44.7	246	136	0	11	256	6	251	1.1e-60	224.2
NP_418341.1	6016|ECK120005310|RhaS	100.0	278	0	0	1	278	1	278	9.0e-165	570.1
NP_418342.2	tr|A0A0F6AWN9|A0A0F6AWN9_SALT1|AraC|AraC/XylS	24.7	239	158	5	46	275	52	277	9.0e-11	58.5
NP_418348.1	5973|ECK120004493|CpxR	100.0	232	0	0	1	232	1	232	1.3e-132	463.0
NP_418369.1	5982|ECK120004670|CytR	99.7	341	1	0	1	341	1	341	2.6e-198	681.8
NP_418373.1	6005|ECK120005057|MetJ	100.0	105	0	0	1	105	1	105	2.8e-58	214.9
NP_418396.1	6010|ECK120005150|OxyR	100.0	305	0	0	1	305	1	305	2.5e-176	608.6
NP_418398.2	tr|Q9HUS3|Q9HUS3_PSEAE|DesT|TetR	37.3	201	120	2	4	198	5	205	8.9e-27	111.3
NP_418432.1	tr|Q74EF9|Q74EF9_GEOSL|GnfM|NtrC/DctD	41.9	470	231	4	8	439	6	471	1.7e-96	344.0
NP_418442.2	6000|ECK120004960|IclR	100.0	274	0	0	1	274	1	274	4.9e-155	537.7
NP_418467.1	sp|P0A7C2|LEXA_ECOLI|LexA|LexA	100.0	202	0	0	1	202	1	202	1.7e-112	396.0
NP_418470.4	sp|P0AC51|ZUR_ECOLI|Zur|Fur	100.0	171	0	0	1	171	1	171	8.5e-89	317.0
NP_418486.1	6017|ECK120005423|SoxS	100.0	107	0	0	1	107	1	107	2.6e-59	218.4
NP_418487.1	tr|Q8P6Y4|Q8P6Y4_XANCP|SoxR|MerR	61.5	135	52	0	12	146	5	139	1.0e-45	173.7
NP_418501.1	tr|Q88RJ2|Q88RJ2_PSEPK|AauR|FIS	72.8	430	116	1	1	430	1	429	2.0e-166	576.2
NP_418513.4	tr|Q8EE97|Q8EE97_SHEON|HexR|RpiR	24.7	235	176	1	28	262	15	248	5.3e-22	95.9
NP_418537.1	tr|Q8Z1P4|Q8Z1P4_SALTI|PmrA|OmpR/PhoB	90.1	222	22	0	1	222	1	222	1.2e-114	403.3
NP_418540.1	6034|ECK120006602|GadX	33.3	228	141	1	23	250	30	246	6.3e-32	128.6
NP_418542.1	6023|ECK120005684|MelR	100.0	302	0	0	1	302	1	302	5.9e-178	614.0
NP_418548.1	6052|ECK120008762|DcuR	100.0	239	0	0	1	239	1	239	1.3e-140	489.6
NP_418549.1	J7JW35|YufM	33.8	538	341	2	12	542	2	531	5.2e-92	329.3
NP_418599.1	6022|ECK120005668|NsrR	99.3	141	1	0	1	141	1	141	2.3e-76	275.4
NP_418612.1	6053|ECK120008789|UlaR	100.0	251	0	0	1	251	1	251	3.1e-140	488.4
NP_418661.1	P15400|SacY	27.1	454	315	5	13	460	9	452	4.9e-46	176.4
NP_418672.4	tr|Q9HZR6|Q9HZR6_PSEAE|CifR|TetR	29.9	187	121	2	11	187	5	191	3.1e-18	82.8
NP_418685.1	6036|ECK120006817|GntR	46.1	332	178	1	1	332	1	331	2.5e-81	293.1
NP_418720.1	5995|ECK120004869|GlpR	24.0	242	180	4	4	244	2	240	4.5e-17	79.3
NP_418744.1	6039|ECK120006922|UxuR	100.0	257	0	0	1	257	1	257	1.3e-146	509.6
NP_418810.1	6018|ECK120005494|TrpR	100.0	108	0	0	1	108	1	108	3.2e-57	211.5
NP_418813.1	6025|ECK120005810|Rob	100.0	289	0	0	1	289	1	289	3.2e-173	598.2
NP_418815.1	6030|ECK120006042|BaeR	42.2	225	117	3	6	224	13	230	2.6e-45	172.9
NP_418818.1	sp|P0A9Q1|ARCA_ECOLI|ArcA|OmpR/PhoB	100.0	238	0	0	1	238	1	238	2.8e-138	481.9
YP_026207.1	P37478|YycF	34.5	113	71	1	528	640	5	114	1.3e-11	62.8
YP_026222.1	6036|ECK120006817|GntR	100.0	331	0	0	1	331	1	331	1.3e-189	652.9
